[0.011s] Invoking command in '/home/kilabor/isaac-go2-ros2/build/pointcloud_to_laserscan': CMAKE_PREFIX_PATH=/home/kilabor/miniconda3/envs/env_isaaclab CONDA_PROMPT_MODIFIER=(env_isaaclab) DEBUGINFOD_URLS=https://debuginfod.ubuntu.com /home/kilabor/miniconda3/envs/env_isaaclab/bin/cmake /home/kilabor/isaac-go2-ros2/src/pointcloud_to_laserscan -DCMAKE_INSTALL_PREFIX=/home/kilabor/isaac-go2-ros2/install/pointcloud_to_laserscan
[0.104s] -- The C compiler identification is GNU 13.3.0
[0.165s] -- The CXX compiler identification is GNU 13.3.0
[0.171s] -- Check for working C compiler: /usr/bin/cc
[0.203s] -- Check for working C compiler: /usr/bin/cc -- works
[0.204s] -- Detecting C compiler ABI info
[0.235s] -- Detecting C compiler ABI info - done
[0.242s] -- Detecting C compile features
[0.336s] -- Detecting C compile features - done
[0.339s] -- Check for working CXX compiler: /usr/bin/c++
[0.375s] -- Check for working CXX compiler: /usr/bin/c++ -- works
[0.375s] -- Detecting CXX compiler ABI info
[0.413s] -- Detecting CXX compiler ABI info - done
[0.420s] -- Detecting CXX compile features
[0.550s] -- Detecting CXX compile features - done
[0.561s] CMake Error at CMakeLists.txt:4 (find_package):
[0.561s]   By not providing "Findament_cmake_auto.cmake" in CMAKE_MODULE_PATH this
[0.561s]   project has asked CMake to find a package configuration file provided by
[0.561s]   "ament_cmake_auto", but CMake did not find one.
[0.561s] 
[0.561s]   Could not find a package configuration file provided by "ament_cmake_auto"
[0.561s]   with any of the following names:
[0.561s] 
[0.561s]     ament_cmake_autoConfig.cmake
[0.561s]     ament_cmake_auto-config.cmake
[0.561s] 
[0.561s]   Add the installation prefix of "ament_cmake_auto" to CMAKE_PREFIX_PATH or
[0.561s]   set "ament_cmake_auto_DIR" to a directory containing one of the above
[0.561s]   files.  If "ament_cmake_auto" provides a separate development package or
[0.561s]   SDK, be sure it has been installed.
[0.561s] 
[0.561s] 
[0.561s] -- Configuring incomplete, errors occurred!
[0.561s] See also "/home/kilabor/isaac-go2-ros2/build/pointcloud_to_laserscan/CMakeFiles/CMakeOutput.log".
[0.562s] Invoked command in '/home/kilabor/isaac-go2-ros2/build/pointcloud_to_laserscan' returned '1': CMAKE_PREFIX_PATH=/home/kilabor/miniconda3/envs/env_isaaclab CONDA_PROMPT_MODIFIER=(env_isaaclab) DEBUGINFOD_URLS=https://debuginfod.ubuntu.com /home/kilabor/miniconda3/envs/env_isaaclab/bin/cmake /home/kilabor/isaac-go2-ros2/src/pointcloud_to_laserscan -DCMAKE_INSTALL_PREFIX=/home/kilabor/isaac-go2-ros2/install/pointcloud_to_laserscan
