-- The C compiler identification is GNU 13.3.0
-- The CXX compiler identification is GNU 13.3.0
-- Detecting C compiler ABI info
-- Detecting C compiler ABI info - done
-- Check for working C compiler: /usr/bin/cc - skipped
-- Detecting C compile features
-- Detecting C compile features - done
-- Detecting CXX compiler ABI info
-- Detecting CXX compiler ABI info - done
-- Check for working CXX compiler: /usr/bin/c++ - skipped
-- Detecting CXX compile features
-- Detecting CXX compile features - done
-- cuda not found!
-- Found Python3: /home/kilabor/miniconda3/envs/env_go2_real/bin/python3 (found version "3.12.13") found components: Interpreter
-- Found rosidl_generator_c: 3.1.8 (/home/kilabor/miniconda3/envs/env_go2_real/share/rosidl_generator_c/cmake)
-- Found rosidl_adapter: 3.1.8 (/home/kilabor/miniconda3/envs/env_go2_real/share/rosidl_adapter/cmake)
-- Found rosidl_generator_cpp: 3.1.8 (/home/kilabor/miniconda3/envs/env_go2_real/share/rosidl_generator_cpp/cmake)
-- Using all available rosidl_typesupport_c: rosidl_typesupport_fastrtps_c;rosidl_typesupport_introspection_c
-- Using all available rosidl_typesupport_cpp: rosidl_typesupport_fastrtps_cpp;rosidl_typesupport_introspection_cpp
-- Checking for module 'yaml-0.1'
--   Found yaml-0.1, version 0.2.5
-- Found rmw_implementation_cmake: 6.1.2 (/home/kilabor/miniconda3/envs/env_go2_real/share/rmw_implementation_cmake/cmake)
-- Found rmw_fastrtps_cpp: 6.2.10 (/home/kilabor/miniconda3/envs/env_go2_real/share/rmw_fastrtps_cpp/cmake)
-- Found OpenSSL: /home/kilabor/miniconda3/envs/env_go2_real/lib/libcrypto.so (found version "3.6.2")
-- Found FastRTPS: /home/kilabor/miniconda3/envs/env_go2_real/include
-- Using RMW implementation 'rmw_fastrtps_cpp' as default
-- Performing Test CMAKE_HAVE_LIBC_PTHREAD
-- Performing Test CMAKE_HAVE_LIBC_PTHREAD - Success
-- Found Threads: TRUE
-- Found sensor_msgs: 4.9.1 (/home/kilabor/miniconda3/envs/env_go2_real/share/sensor_msgs/cmake)
-- Found rclcpp_action: 16.0.18 (/home/kilabor/miniconda3/envs/env_go2_real/share/rclcpp_action/cmake)
-- Found rosidl_default_generators: 1.2.0 (/home/kilabor/miniconda3/envs/env_go2_real/share/rosidl_default_generators/cmake)
-- Found ament_cmake_ros: 0.10.0 (/home/kilabor/miniconda3/envs/env_go2_real/share/ament_cmake_ros/cmake)
-- Using all available rosidl_typesupport_c: rosidl_typesupport_fastrtps_c;rosidl_typesupport_introspection_c
-- Using all available rosidl_typesupport_cpp: rosidl_typesupport_fastrtps_cpp;rosidl_typesupport_introspection_cpp
-- Found python_cmake_module: 0.10.0 (/home/kilabor/miniconda3/envs/env_go2_real/share/python_cmake_module/cmake)
-- Found PythonInterp: /home/kilabor/miniconda3/envs/env_go2_real/bin/python3 (found suitable version "3.12.13", minimum required is "3.6")
-- Found PythonLibs: /home/kilabor/miniconda3/envs/env_go2_real/lib/libpython3.12.so (found suitable version "3.12.13", minimum required is "3.5")
-- Using PYTHON_EXECUTABLE: /home/kilabor/miniconda3/envs/env_go2_real/bin/python3
-- Using PYTHON_INCLUDE_DIRS: /home/kilabor/miniconda3/envs/env_go2_real/include/python3.12
-- Using PYTHON_LIBRARIES: /home/kilabor/miniconda3/envs/env_go2_real/lib/libpython3.12.so
-- Found PythonExtra: .so
-- Found Python: /home/kilabor/miniconda3/envs/env_go2_real/bin/python3.12 (found version "3.12.13") found components: Interpreter Development NumPy Development.Module Development.Embed
-- Found Boost: /home/kilabor/miniconda3/envs/env_go2_real/lib/cmake/Boost-1.88.0/BoostConfig.cmake (found version "1.88.0") found components: thread
-- Configuring incomplete, errors occurred!
