-- cuda not found!
-- Found rosidl_generator_c: 3.1.8 (/home/kilabor/miniconda3/envs/env_go2_real/share/rosidl_generator_c/cmake)
-- Found rosidl_adapter: 3.1.8 (/home/kilabor/miniconda3/envs/env_go2_real/share/rosidl_adapter/cmake)
-- Found rosidl_generator_cpp: 3.1.8 (/home/kilabor/miniconda3/envs/env_go2_real/share/rosidl_generator_cpp/cmake)
-- Using all available rosidl_typesupport_c: rosidl_typesupport_fastrtps_c;rosidl_typesupport_introspection_c
-- Using all available rosidl_typesupport_cpp: rosidl_typesupport_fastrtps_cpp;rosidl_typesupport_introspection_cpp
-- Found rmw_implementation_cmake: 6.1.2 (/home/kilabor/miniconda3/envs/env_go2_real/share/rmw_implementation_cmake/cmake)
-- Found rmw_fastrtps_cpp: 6.2.10 (/home/kilabor/miniconda3/envs/env_go2_real/share/rmw_fastrtps_cpp/cmake)
-- Using RMW implementation 'rmw_fastrtps_cpp' as default
-- Found sensor_msgs: 4.9.1 (/home/kilabor/miniconda3/envs/env_go2_real/share/sensor_msgs/cmake)
-- Found rclcpp_action: 16.0.18 (/home/kilabor/miniconda3/envs/env_go2_real/share/rclcpp_action/cmake)
-- Found rosidl_default_generators: 1.2.0 (/home/kilabor/miniconda3/envs/env_go2_real/share/rosidl_default_generators/cmake)
-- Found ament_cmake_ros: 0.10.0 (/home/kilabor/miniconda3/envs/env_go2_real/share/ament_cmake_ros/cmake)
-- Using all available rosidl_typesupport_c: rosidl_typesupport_fastrtps_c;rosidl_typesupport_introspection_c
-- Using all available rosidl_typesupport_cpp: rosidl_typesupport_fastrtps_cpp;rosidl_typesupport_introspection_cpp
-- Found python_cmake_module: 0.10.0 (/home/kilabor/miniconda3/envs/env_go2_real/share/python_cmake_module/cmake)
-- Using PYTHON_EXECUTABLE: /home/kilabor/miniconda3/envs/env_go2_real/bin/python3
-- Using PYTHON_INCLUDE_DIRS: /home/kilabor/miniconda3/envs/env_go2_real/include/python3.12
-- Using PYTHON_LIBRARIES: /home/kilabor/miniconda3/envs/env_go2_real/lib/libpython3.12.so
-- Configuring done (1.4s)
-- Generating done (0.0s)
-- Build files have been written to: /home/kilabor/isaac-go2-ros2/build/hesai_ros_driver
[  1%] [1m[34mGenerating C code for ROS interfaces[0m
[  2%] [1m[34mGenerating Rust code for ROS interfaces[0m
[  3%] [1m[34mGenerating C++ code for ROS interfaces[0m
[  4%] [32mBuilding CXX object src/driver/HesaiLidar_SDK_2.0/libhesai/CMakeFiles/log_lib.dir/Logger/src/logger.cc.o[0m
[  4%] Built target ament_cmake_python_copy_hesai_ros_driver
running egg_info
creating hesai_ros_driver.egg-info
writing hesai_ros_driver.egg-info/PKG-INFO
writing dependency_links to hesai_ros_driver.egg-info/dependency_links.txt
writing top-level names to hesai_ros_driver.egg-info/top_level.txt
writing manifest file 'hesai_ros_driver.egg-info/SOURCES.txt'
reading manifest file 'hesai_ros_driver.egg-info/SOURCES.txt'
writing manifest file 'hesai_ros_driver.egg-info/SOURCES.txt'
[  4%] Built target hesai_ros_driver__rs
[  4%] Built target ament_cmake_python_build_hesai_ros_driver_egg
[  4%] Built target hesai_ros_driver__cpp
[  5%] [1m[34mGenerating C++ type support for eProsima Fast-RTPS[0m
[  6%] [1m[34mGenerating C++ introspection for ROS interfaces[0m
[  7%] [1m[34mGenerating C++ type support dispatch for ROS interfaces[0m
[  8%] [32mBuilding C object CMakeFiles/hesai_ros_driver__rosidl_generator_c.dir/rosidl_generator_c/hesai_ros_driver/msg/detail/udp_packet__functions.c.o[0m
[  9%] [32mBuilding C object CMakeFiles/hesai_ros_driver__rosidl_generator_c.dir/rosidl_generator_c/hesai_ros_driver/msg/detail/udp_frame__functions.c.o[0m
[ 10%] [32mBuilding C object CMakeFiles/hesai_ros_driver__rosidl_generator_c.dir/rosidl_generator_c/hesai_ros_driver/msg/detail/ptp__functions.c.o[0m
[ 12%] [32mBuilding C object CMakeFiles/hesai_ros_driver__rosidl_generator_c.dir/rosidl_generator_c/hesai_ros_driver/msg/detail/loss_packet__functions.c.o[0m
[ 12%] [32mBuilding C object CMakeFiles/hesai_ros_driver__rosidl_generator_c.dir/rosidl_generator_c/hesai_ros_driver/msg/detail/firetime__functions.c.o[0m
[ 13%] [1m[32mLinking C shared library libhesai_ros_driver__rosidl_generator_c.so[0m
[ 13%] Built target hesai_ros_driver__rosidl_generator_c
[ 16%] [1m[34mGenerating C type support dispatch for ROS interfaces[0m
[ 16%] [1m[34mGenerating C type support for eProsima Fast-RTPS[0m
[ 16%] [1m[34mGenerating C introspection for ROS interfaces[0m
[ 17%] [32mBuilding CXX object CMakeFiles/hesai_ros_driver__rosidl_typesupport_cpp.dir/rosidl_typesupport_cpp/hesai_ros_driver/msg/udp_packet__type_support.cpp.o[0m
[ 20%] [32mBuilding CXX object CMakeFiles/hesai_ros_driver__rosidl_typesupport_cpp.dir/rosidl_typesupport_cpp/hesai_ros_driver/msg/firetime__type_support.cpp.o[0m
[ 20%] [32mBuilding CXX object CMakeFiles/hesai_ros_driver__rosidl_typesupport_cpp.dir/rosidl_typesupport_cpp/hesai_ros_driver/msg/udp_frame__type_support.cpp.o[0m
[ 22%] [32mBuilding CXX object CMakeFiles/hesai_ros_driver__rosidl_typesupport_cpp.dir/rosidl_typesupport_cpp/hesai_ros_driver/msg/ptp__type_support.cpp.o[0m
[ 22%] [32mBuilding CXX object CMakeFiles/hesai_ros_driver__rosidl_typesupport_cpp.dir/rosidl_typesupport_cpp/hesai_ros_driver/msg/loss_packet__type_support.cpp.o[0m
[ 27%] [32mBuilding CXX object CMakeFiles/hesai_ros_driver__rosidl_typesupport_introspection_cpp.dir/rosidl_typesupport_introspection_cpp/hesai_ros_driver/msg/detail/loss_packet__type_support.cpp.o[0m
[ 27%] [32mBuilding CXX object CMakeFiles/hesai_ros_driver__rosidl_typesupport_introspection_cpp.dir/rosidl_typesupport_introspection_cpp/hesai_ros_driver/msg/detail/ptp__type_support.cpp.o[0m
[ 27%] [32mBuilding CXX object CMakeFiles/hesai_ros_driver__rosidl_typesupport_introspection_cpp.dir/rosidl_typesupport_introspection_cpp/hesai_ros_driver/msg/detail/udp_packet__type_support.cpp.o[0m
[ 27%] [32mBuilding CXX object CMakeFiles/hesai_ros_driver__rosidl_typesupport_introspection_cpp.dir/rosidl_typesupport_introspection_cpp/hesai_ros_driver/msg/detail/firetime__type_support.cpp.o[0m
[ 27%] [32mBuilding CXX object CMakeFiles/hesai_ros_driver__rosidl_typesupport_introspection_cpp.dir/rosidl_typesupport_introspection_cpp/hesai_ros_driver/msg/detail/udp_frame__type_support.cpp.o[0m
[ 28%] [1m[32mLinking CXX shared library liblog_lib.so[0m
[ 29%] [32mBuilding CXX object CMakeFiles/hesai_ros_driver__rosidl_typesupport_fastrtps_cpp.dir/rosidl_typesupport_fastrtps_cpp/hesai_ros_driver/msg/detail/dds_fastrtps/udp_frame__type_support.cpp.o[0m
[ 30%] [32mBuilding CXX object CMakeFiles/hesai_ros_driver__rosidl_typesupport_fastrtps_cpp.dir/rosidl_typesupport_fastrtps_cpp/hesai_ros_driver/msg/detail/dds_fastrtps/ptp__type_support.cpp.o[0m
[ 31%] [32mBuilding CXX object CMakeFiles/hesai_ros_driver__rosidl_typesupport_fastrtps_cpp.dir/rosidl_typesupport_fastrtps_cpp/hesai_ros_driver/msg/detail/dds_fastrtps/udp_packet__type_support.cpp.o[0m
[ 32%] [32mBuilding CXX object CMakeFiles/hesai_ros_driver__rosidl_typesupport_fastrtps_cpp.dir/rosidl_typesupport_fastrtps_cpp/hesai_ros_driver/msg/detail/dds_fastrtps/firetime__type_support.cpp.o[0m
[ 33%] [32mBuilding CXX object CMakeFiles/hesai_ros_driver__rosidl_typesupport_fastrtps_cpp.dir/rosidl_typesupport_fastrtps_cpp/hesai_ros_driver/msg/detail/dds_fastrtps/loss_packet__type_support.cpp.o[0m
[ 33%] Built target log_lib
[ 35%] [32mBuilding CXX object src/driver/HesaiLidar_SDK_2.0/libhesai/CMakeFiles/platutils_lib.dir/Common/src/auto_tick_count.cc.o[0m
[ 35%] [32mBuilding CXX object src/driver/HesaiLidar_SDK_2.0/libhesai/CMakeFiles/platutils_lib.dir/Common/src/plat_utils.cc.o[0m
[ 40%] [32mBuilding CXX object CMakeFiles/hesai_ros_driver__rosidl_typesupport_c.dir/rosidl_typesupport_c/hesai_ros_driver/msg/loss_packet__type_support.cpp.o[0m
[ 40%] [32mBuilding CXX object CMakeFiles/hesai_ros_driver__rosidl_typesupport_c.dir/rosidl_typesupport_c/hesai_ros_driver/msg/udp_frame__type_support.cpp.o[0m
[ 40%] [32mBuilding CXX object CMakeFiles/hesai_ros_driver__rosidl_typesupport_c.dir/rosidl_typesupport_c/hesai_ros_driver/msg/udp_packet__type_support.cpp.o[0m
[ 41%] [32mBuilding CXX object CMakeFiles/hesai_ros_driver__rosidl_typesupport_c.dir/rosidl_typesupport_c/hesai_ros_driver/msg/firetime__type_support.cpp.o[0m
[ 40%] [32mBuilding CXX object CMakeFiles/hesai_ros_driver__rosidl_typesupport_c.dir/rosidl_typesupport_c/hesai_ros_driver/msg/ptp__type_support.cpp.o[0m
[ 42%] [1m[32mLinking CXX shared library libhesai_ros_driver__rosidl_typesupport_c.so[0m
[ 43%] [32mBuilding CXX object CMakeFiles/hesai_ros_driver__rosidl_typesupport_fastrtps_c.dir/rosidl_typesupport_fastrtps_c/hesai_ros_driver/msg/detail/udp_packet__type_support_c.cpp.o[0m
[ 44%] [32mBuilding CXX object CMakeFiles/hesai_ros_driver__rosidl_typesupport_fastrtps_c.dir/rosidl_typesupport_fastrtps_c/hesai_ros_driver/msg/detail/ptp__type_support_c.cpp.o[0m
[ 45%] [32mBuilding CXX object CMakeFiles/hesai_ros_driver__rosidl_typesupport_fastrtps_c.dir/rosidl_typesupport_fastrtps_c/hesai_ros_driver/msg/detail/udp_frame__type_support_c.cpp.o[0m
[ 46%] [32mBuilding CXX object CMakeFiles/hesai_ros_driver__rosidl_typesupport_fastrtps_c.dir/rosidl_typesupport_fastrtps_c/hesai_ros_driver/msg/detail/firetime__type_support_c.cpp.o[0m
[ 47%] [32mBuilding C object CMakeFiles/hesai_ros_driver__rosidl_typesupport_introspection_c.dir/rosidl_typesupport_introspection_c/hesai_ros_driver/msg/detail/udp_packet__type_support.c.o[0m
[ 48%] [32mBuilding CXX object CMakeFiles/hesai_ros_driver__rosidl_typesupport_fastrtps_c.dir/rosidl_typesupport_fastrtps_c/hesai_ros_driver/msg/detail/loss_packet__type_support_c.cpp.o[0m
[ 48%] Built target hesai_ros_driver__rosidl_typesupport_c
[ 49%] [32mBuilding C object CMakeFiles/hesai_ros_driver__rosidl_typesupport_introspection_c.dir/rosidl_typesupport_introspection_c/hesai_ros_driver/msg/detail/udp_frame__type_support.c.o[0m
[ 51%] [32mBuilding C object CMakeFiles/hesai_ros_driver__rosidl_typesupport_introspection_c.dir/rosidl_typesupport_introspection_c/hesai_ros_driver/msg/detail/firetime__type_support.c.o[0m
[ 51%] [32mBuilding C object CMakeFiles/hesai_ros_driver__rosidl_typesupport_introspection_c.dir/rosidl_typesupport_introspection_c/hesai_ros_driver/msg/detail/ptp__type_support.c.o[0m
[ 52%] [32mBuilding C object CMakeFiles/hesai_ros_driver__rosidl_typesupport_introspection_c.dir/rosidl_typesupport_introspection_c/hesai_ros_driver/msg/detail/loss_packet__type_support.c.o[0m
[ 53%] [1m[32mLinking CXX shared library libhesai_ros_driver__rosidl_typesupport_cpp.so[0m
[ 54%] [1m[32mLinking C shared library libhesai_ros_driver__rosidl_typesupport_introspection_c.so[0m
[ 54%] Built target hesai_ros_driver__rosidl_typesupport_cpp
[ 54%] Built target hesai_ros_driver__rosidl_typesupport_introspection_c
[ 55%] [1m[32mLinking CXX shared library libhesai_ros_driver__rosidl_typesupport_introspection_cpp.so[0m
[ 55%] Built target hesai_ros_driver__rosidl_typesupport_introspection_cpp
[ 56%] [1m[32mLinking CXX shared library libhesai_ros_driver__rosidl_typesupport_fastrtps_cpp.so[0m
[ 56%] Built target hesai_ros_driver__rosidl_typesupport_fastrtps_cpp
[ 57%] [1m[32mLinking CXX shared library libhesai_ros_driver__rosidl_typesupport_fastrtps_c.so[0m
[ 57%] Built target hesai_ros_driver__rosidl_typesupport_fastrtps_c
[ 57%] Built target hesai_ros_driver
[ 58%] [1m[34mGenerating Python code for ROS interfaces[0m
[ 58%] Built target hesai_ros_driver__py
[ 60%] [1m[32mLinking CXX shared library libplatutils_lib.so[0m
[ 61%] [32mBuilding C object CMakeFiles/hesai_ros_driver__rosidl_generator_py.dir/rosidl_generator_py/hesai_ros_driver/msg/_udp_packet_s.c.o[0m
[ 62%] [32mBuilding C object CMakeFiles/hesai_ros_driver__rosidl_generator_py.dir/rosidl_generator_py/hesai_ros_driver/msg/_udp_frame_s.c.o[0m
[ 63%] [32mBuilding C object CMakeFiles/hesai_ros_driver__rosidl_generator_py.dir/rosidl_generator_py/hesai_ros_driver/msg/_firetime_s.c.o[0m
[ 65%] [32mBuilding C object CMakeFiles/hesai_ros_driver__rosidl_generator_py.dir/rosidl_generator_py/hesai_ros_driver/msg/_loss_packet_s.c.o[0m
[ 65%] [32mBuilding C object CMakeFiles/hesai_ros_driver__rosidl_generator_py.dir/rosidl_generator_py/hesai_ros_driver/msg/_ptp_s.c.o[0m
[ 65%] Built target platutils_lib
[ 66%] [32mBuilding CXX object src/driver/HesaiLidar_SDK_2.0/libhesai/CMakeFiles/udpParser_lib.dir/UdpParser/udp_parser.cc.o[0m
[ 67%] [32mBuilding CXX object src/driver/HesaiLidar_SDK_2.0/libhesai/CMakeFiles/ptcClient_lib.dir/PtcClient/src/ptc_client.cc.o[0m
[ 68%] [32mBuilding CXX object src/driver/HesaiLidar_SDK_2.0/libhesai/CMakeFiles/ptcClient_lib.dir/PtcClient/src/tcp_client.cc.o[0m
[ 69%] [32mBuilding CXX object src/driver/HesaiLidar_SDK_2.0/libhesai/CMakeFiles/ptcClient_lib.dir/PtcParser/src/ptc_1_0_parser.cc.o[0m
[ 70%] [32mBuilding CXX object src/driver/HesaiLidar_SDK_2.0/libhesai/CMakeFiles/ptcClient_lib.dir/PtcParser/src/general_ptc_parser.cc.o[0m
[ 71%] [32mBuilding CXX object src/driver/HesaiLidar_SDK_2.0/libhesai/CMakeFiles/ptcClient_lib.dir/PtcParser/ptc_parser.cc.o[0m
[ 73%] [32mBuilding CXX object src/driver/HesaiLidar_SDK_2.0/libhesai/CMakeFiles/source_lib.dir/Source/src/source.cc.o[0m
[ 73%] [32mBuilding CXX object src/driver/HesaiLidar_SDK_2.0/libhesai/CMakeFiles/ptcClient_lib.dir/PtcParser/src/ptc_2_0_parser.cc.o[0m
[ 74%] [32mBuilding CXX object src/driver/HesaiLidar_SDK_2.0/libhesai/CMakeFiles/ptcClient_lib.dir/PtcClient/src/tcp_ssl_client.cc.o[0m
[ 76%] [32mBuilding CXX object src/driver/HesaiLidar_SDK_2.0/libhesai/CMakeFiles/source_lib.dir/Source/src/pcap_source.cc.o[0m
[ 76%] [32mBuilding CXX object src/driver/HesaiLidar_SDK_2.0/libhesai/CMakeFiles/source_lib.dir/Source/src/serial_source.cc.o[0m
[ 77%] [32mBuilding CXX object src/driver/HesaiLidar_SDK_2.0/libhesai/CMakeFiles/source_lib.dir/Source/src/tcp_source.cc.o[0m
[ 78%] [32mBuilding CXX object src/driver/HesaiLidar_SDK_2.0/libhesai/CMakeFiles/source_lib.dir/Source/src/socket_source.cc.o[0m
[ 80%] [32mBuilding CXX object src/driver/HesaiLidar_SDK_2.0/libhesai/CMakeFiles/source_lib.dir/Source/src/pcap_saver.cc.o[0m
[ 81%] [1m[32mLinking C shared library rosidl_generator_py/hesai_ros_driver/libhesai_ros_driver__rosidl_generator_py.so[0m
[ 81%] Built target hesai_ros_driver__rosidl_generator_py
[ 84%] [32mBuilding C object CMakeFiles/hesai_ros_driver__rosidl_typesupport_introspection_c__pyext.dir/rosidl_generator_py/hesai_ros_driver/_hesai_ros_driver_s.ep.rosidl_typesupport_introspection_c.c.o[0m
[ 84%] [32mBuilding C object CMakeFiles/hesai_ros_driver__rosidl_typesupport_fastrtps_c__pyext.dir/rosidl_generator_py/hesai_ros_driver/_hesai_ros_driver_s.ep.rosidl_typesupport_fastrtps_c.c.o[0m
[ 84%] [32mBuilding C object CMakeFiles/hesai_ros_driver__rosidl_typesupport_c__pyext.dir/rosidl_generator_py/hesai_ros_driver/_hesai_ros_driver_s.ep.rosidl_typesupport_c.c.o[0m
[ 85%] [1m[32mLinking C shared module rosidl_generator_py/hesai_ros_driver/hesai_ros_driver_s__rosidl_typesupport_c.cpython-312-x86_64-linux-gnu.so[0m
[ 86%] [1m[32mLinking C shared module rosidl_generator_py/hesai_ros_driver/hesai_ros_driver_s__rosidl_typesupport_introspection_c.cpython-312-x86_64-linux-gnu.so[0m
[ 87%] [1m[32mLinking C shared module rosidl_generator_py/hesai_ros_driver/hesai_ros_driver_s__rosidl_typesupport_fastrtps_c.cpython-312-x86_64-linux-gnu.so[0m
[ 87%] Built target hesai_ros_driver__rosidl_typesupport_c__pyext
[ 87%] Built target hesai_ros_driver__rosidl_typesupport_fastrtps_c__pyext
[ 87%] Built target hesai_ros_driver__rosidl_typesupport_introspection_c__pyext
[ 88%] [1m[32mLinking CXX shared library libudpParser_lib.so[0m
[ 88%] Built target udpParser_lib
[ 89%] [1m[32mLinking CXX shared library libsource_lib.so[0m
[ 89%] Built target source_lib
[ 90%] [32mBuilding CXX object src/driver/HesaiLidar_SDK_2.0/libhesai/CMakeFiles/serialClient_lib.dir/SerialClient/src/serial_client.cc.o[0m
[ 91%] [1m[32mLinking CXX shared library libptcClient_lib.so[0m
[ 91%] Built target ptcClient_lib
[ 92%] [1m[32mLinking CXX shared library libserialClient_lib.so[0m
[ 92%] Built target serialClient_lib
[ 93%] [32mBuilding CXX object src/driver/HesaiLidar_SDK_2.0/libhesai/CMakeFiles/lidar_lib.dir/Lidar/lidar.cc.o[0m
[ 94%] [1m[32mLinking CXX shared library liblidar_lib.so[0m
[ 94%] Built target lidar_lib
[ 95%] [32mBuilding CXX object src/driver/HesaiLidar_SDK_2.0/CMakeFiles/hesai_sdk_lib.dir/driver/hesai_lidar_sdk.cc.o[0m
[ 96%] [1m[32mLinking CXX shared library libhesai_sdk_lib.so[0m
[ 96%] Built target hesai_sdk_lib
[ 97%] [32mBuilding CXX object CMakeFiles/hesai_ros_driver_node.dir/node/hesai_ros_driver_node.cc.o[0m
[ 98%] [32mBuilding CXX object CMakeFiles/hesai_ros_driver_node.dir/src/manager/node_manager.cc.o[0m
[100%] [1m[32mLinking CXX executable hesai_ros_driver_node[0m
[100%] Built target hesai_ros_driver_node
-- Install configuration: "Release"
-- Installing: /home/kilabor/isaac-go2-ros2/install/hesai_ros_driver/share/ament_index/resource_index/rosidl_interfaces/hesai_ros_driver
-- Installing: /home/kilabor/isaac-go2-ros2/install/hesai_ros_driver/include/hesai_ros_driver/hesai_ros_driver
-- Installing: /home/kilabor/isaac-go2-ros2/install/hesai_ros_driver/include/hesai_ros_driver/hesai_ros_driver/msg
-- Installing: /home/kilabor/isaac-go2-ros2/install/hesai_ros_driver/include/hesai_ros_driver/hesai_ros_driver/msg/udp_frame.h
-- Installing: /home/kilabor/isaac-go2-ros2/install/hesai_ros_driver/include/hesai_ros_driver/hesai_ros_driver/msg/loss_packet.h
-- Installing: /home/kilabor/isaac-go2-ros2/install/hesai_ros_driver/include/hesai_ros_driver/hesai_ros_driver/msg/udp_packet.h
-- Installing: /home/kilabor/isaac-go2-ros2/install/hesai_ros_driver/include/hesai_ros_driver/hesai_ros_driver/msg/firetime.h
-- Installing: /home/kilabor/isaac-go2-ros2/install/hesai_ros_driver/include/hesai_ros_driver/hesai_ros_driver/msg/detail
-- Installing: /home/kilabor/isaac-go2-ros2/install/hesai_ros_driver/include/hesai_ros_driver/hesai_ros_driver/msg/detail/firetime__struct.h
-- Installing: /home/kilabor/isaac-go2-ros2/install/hesai_ros_driver/include/hesai_ros_driver/hesai_ros_driver/msg/detail/loss_packet__functions.c
-- Installing: /home/kilabor/isaac-go2-ros2/install/hesai_ros_driver/include/hesai_ros_driver/hesai_ros_driver/msg/detail/firetime__functions.c
-- Installing: /home/kilabor/isaac-go2-ros2/install/hesai_ros_driver/include/hesai_ros_driver/hesai_ros_driver/msg/detail/loss_packet__functions.h
-- Installing: /home/kilabor/isaac-go2-ros2/install/hesai_ros_driver/include/hesai_ros_driver/hesai_ros_driver/msg/detail/ptp__functions.h
-- Installing: /home/kilabor/isaac-go2-ros2/install/hesai_ros_driver/include/hesai_ros_driver/hesai_ros_driver/msg/detail/firetime__type_support.h
-- Installing: /home/kilabor/isaac-go2-ros2/install/hesai_ros_driver/include/hesai_ros_driver/hesai_ros_driver/msg/detail/udp_frame__functions.h
-- Installing: /home/kilabor/isaac-go2-ros2/install/hesai_ros_driver/include/hesai_ros_driver/hesai_ros_driver/msg/detail/udp_packet__type_support.h
-- Installing: /home/kilabor/isaac-go2-ros2/install/hesai_ros_driver/include/hesai_ros_driver/hesai_ros_driver/msg/detail/udp_frame__type_support.h
-- Installing: /home/kilabor/isaac-go2-ros2/install/hesai_ros_driver/include/hesai_ros_driver/hesai_ros_driver/msg/detail/ptp__struct.h
-- Installing: /home/kilabor/isaac-go2-ros2/install/hesai_ros_driver/include/hesai_ros_driver/hesai_ros_driver/msg/detail/udp_packet__functions.c
-- Installing: /home/kilabor/isaac-go2-ros2/install/hesai_ros_driver/include/hesai_ros_driver/hesai_ros_driver/msg/detail/udp_packet__struct.h
-- Installing: /home/kilabor/isaac-go2-ros2/install/hesai_ros_driver/include/hesai_ros_driver/hesai_ros_driver/msg/detail/loss_packet__type_support.h
-- Installing: /home/kilabor/isaac-go2-ros2/install/hesai_ros_driver/include/hesai_ros_driver/hesai_ros_driver/msg/detail/udp_frame__functions.c
-- Installing: /home/kilabor/isaac-go2-ros2/install/hesai_ros_driver/include/hesai_ros_driver/hesai_ros_driver/msg/detail/ptp__type_support.h
-- Installing: /home/kilabor/isaac-go2-ros2/install/hesai_ros_driver/include/hesai_ros_driver/hesai_ros_driver/msg/detail/ptp__functions.c
-- Installing: /home/kilabor/isaac-go2-ros2/install/hesai_ros_driver/include/hesai_ros_driver/hesai_ros_driver/msg/detail/udp_frame__struct.h
-- Installing: /home/kilabor/isaac-go2-ros2/install/hesai_ros_driver/include/hesai_ros_driver/hesai_ros_driver/msg/detail/firetime__functions.h
-- Installing: /home/kilabor/isaac-go2-ros2/install/hesai_ros_driver/include/hesai_ros_driver/hesai_ros_driver/msg/detail/loss_packet__struct.h
-- Installing: /home/kilabor/isaac-go2-ros2/install/hesai_ros_driver/include/hesai_ros_driver/hesai_ros_driver/msg/detail/udp_packet__functions.h
-- Installing: /home/kilabor/isaac-go2-ros2/install/hesai_ros_driver/include/hesai_ros_driver/hesai_ros_driver/msg/ptp.h
-- Installing: /home/kilabor/isaac-go2-ros2/install/hesai_ros_driver/include/hesai_ros_driver/hesai_ros_driver/msg/rosidl_generator_c__visibility_control.h
-- Installing: /home/kilabor/isaac-go2-ros2/install/hesai_ros_driver/lib/libhesai_ros_driver__rosidl_generator_c.so
-- Set non-toolchain portion of runtime path of "/home/kilabor/isaac-go2-ros2/install/hesai_ros_driver/lib/libhesai_ros_driver__rosidl_generator_c.so" to ""
-- Up-to-date: /home/kilabor/isaac-go2-ros2/install/hesai_ros_driver/include/hesai_ros_driver/hesai_ros_driver
-- Up-to-date: /home/kilabor/isaac-go2-ros2/install/hesai_ros_driver/include/hesai_ros_driver/hesai_ros_driver/msg
-- Installing: /home/kilabor/isaac-go2-ros2/install/hesai_ros_driver/include/hesai_ros_driver/hesai_ros_driver/msg/rosidl_typesupport_fastrtps_c__visibility_control.h
-- Up-to-date: /home/kilabor/isaac-go2-ros2/install/hesai_ros_driver/include/hesai_ros_driver/hesai_ros_driver/msg/detail
-- Installing: /home/kilabor/isaac-go2-ros2/install/hesai_ros_driver/include/hesai_ros_driver/hesai_ros_driver/msg/detail/firetime__rosidl_typesupport_fastrtps_c.h
-- Installing: /home/kilabor/isaac-go2-ros2/install/hesai_ros_driver/include/hesai_ros_driver/hesai_ros_driver/msg/detail/udp_frame__rosidl_typesupport_fastrtps_c.h
-- Installing: /home/kilabor/isaac-go2-ros2/install/hesai_ros_driver/include/hesai_ros_driver/hesai_ros_driver/msg/detail/loss_packet__rosidl_typesupport_fastrtps_c.h
-- Installing: /home/kilabor/isaac-go2-ros2/install/hesai_ros_driver/include/hesai_ros_driver/hesai_ros_driver/msg/detail/udp_packet__rosidl_typesupport_fastrtps_c.h
-- Installing: /home/kilabor/isaac-go2-ros2/install/hesai_ros_driver/include/hesai_ros_driver/hesai_ros_driver/msg/detail/ptp__rosidl_typesupport_fastrtps_c.h
-- Installing: /home/kilabor/isaac-go2-ros2/install/hesai_ros_driver/lib/libhesai_ros_driver__rosidl_typesupport_fastrtps_c.so
-- Set non-toolchain portion of runtime path of "/home/kilabor/isaac-go2-ros2/install/hesai_ros_driver/lib/libhesai_ros_driver__rosidl_typesupport_fastrtps_c.so" to ""
-- Up-to-date: /home/kilabor/isaac-go2-ros2/install/hesai_ros_driver/include/hesai_ros_driver/hesai_ros_driver
-- Up-to-date: /home/kilabor/isaac-go2-ros2/install/hesai_ros_driver/include/hesai_ros_driver/hesai_ros_driver/msg
-- Installing: /home/kilabor/isaac-go2-ros2/install/hesai_ros_driver/include/hesai_ros_driver/hesai_ros_driver/msg/loss_packet.hpp
-- Installing: /home/kilabor/isaac-go2-ros2/install/hesai_ros_driver/include/hesai_ros_driver/hesai_ros_driver/msg/udp_packet.hpp
-- Installing: /home/kilabor/isaac-go2-ros2/install/hesai_ros_driver/include/hesai_ros_driver/hesai_ros_driver/msg/ptp.hpp
-- Installing: /home/kilabor/isaac-go2-ros2/install/hesai_ros_driver/include/hesai_ros_driver/hesai_ros_driver/msg/udp_frame.hpp
-- Installing: /home/kilabor/isaac-go2-ros2/install/hesai_ros_driver/include/hesai_ros_driver/hesai_ros_driver/msg/rosidl_generator_cpp__visibility_control.hpp
-- Up-to-date: /home/kilabor/isaac-go2-ros2/install/hesai_ros_driver/include/hesai_ros_driver/hesai_ros_driver/msg/detail
-- Installing: /home/kilabor/isaac-go2-ros2/install/hesai_ros_driver/include/hesai_ros_driver/hesai_ros_driver/msg/detail/udp_packet__traits.hpp
-- Installing: /home/kilabor/isaac-go2-ros2/install/hesai_ros_driver/include/hesai_ros_driver/hesai_ros_driver/msg/detail/ptp__builder.hpp
-- Installing: /home/kilabor/isaac-go2-ros2/install/hesai_ros_driver/include/hesai_ros_driver/hesai_ros_driver/msg/detail/loss_packet__struct.hpp
-- Installing: /home/kilabor/isaac-go2-ros2/install/hesai_ros_driver/include/hesai_ros_driver/hesai_ros_driver/msg/detail/ptp__type_support.hpp
-- Installing: /home/kilabor/isaac-go2-ros2/install/hesai_ros_driver/include/hesai_ros_driver/hesai_ros_driver/msg/detail/firetime__type_support.hpp
-- Installing: /home/kilabor/isaac-go2-ros2/install/hesai_ros_driver/include/hesai_ros_driver/hesai_ros_driver/msg/detail/loss_packet__builder.hpp
-- Installing: /home/kilabor/isaac-go2-ros2/install/hesai_ros_driver/include/hesai_ros_driver/hesai_ros_driver/msg/detail/udp_frame__struct.hpp
-- Installing: /home/kilabor/isaac-go2-ros2/install/hesai_ros_driver/include/hesai_ros_driver/hesai_ros_driver/msg/detail/udp_packet__struct.hpp
-- Installing: /home/kilabor/isaac-go2-ros2/install/hesai_ros_driver/include/hesai_ros_driver/hesai_ros_driver/msg/detail/udp_frame__builder.hpp
-- Installing: /home/kilabor/isaac-go2-ros2/install/hesai_ros_driver/include/hesai_ros_driver/hesai_ros_driver/msg/detail/ptp__traits.hpp
-- Installing: /home/kilabor/isaac-go2-ros2/install/hesai_ros_driver/include/hesai_ros_driver/hesai_ros_driver/msg/detail/firetime__struct.hpp
-- Installing: /home/kilabor/isaac-go2-ros2/install/hesai_ros_driver/include/hesai_ros_driver/hesai_ros_driver/msg/detail/loss_packet__traits.hpp
-- Installing: /home/kilabor/isaac-go2-ros2/install/hesai_ros_driver/include/hesai_ros_driver/hesai_ros_driver/msg/detail/firetime__builder.hpp
-- Installing: /home/kilabor/isaac-go2-ros2/install/hesai_ros_driver/include/hesai_ros_driver/hesai_ros_driver/msg/detail/ptp__struct.hpp
-- Installing: /home/kilabor/isaac-go2-ros2/install/hesai_ros_driver/include/hesai_ros_driver/hesai_ros_driver/msg/detail/udp_packet__type_support.hpp
-- Installing: /home/kilabor/isaac-go2-ros2/install/hesai_ros_driver/include/hesai_ros_driver/hesai_ros_driver/msg/detail/loss_packet__type_support.hpp
-- Installing: /home/kilabor/isaac-go2-ros2/install/hesai_ros_driver/include/hesai_ros_driver/hesai_ros_driver/msg/detail/firetime__traits.hpp
-- Installing: /home/kilabor/isaac-go2-ros2/install/hesai_ros_driver/include/hesai_ros_driver/hesai_ros_driver/msg/detail/udp_packet__builder.hpp
-- Installing: /home/kilabor/isaac-go2-ros2/install/hesai_ros_driver/include/hesai_ros_driver/hesai_ros_driver/msg/detail/udp_frame__traits.hpp
-- Installing: /home/kilabor/isaac-go2-ros2/install/hesai_ros_driver/include/hesai_ros_driver/hesai_ros_driver/msg/detail/udp_frame__type_support.hpp
-- Installing: /home/kilabor/isaac-go2-ros2/install/hesai_ros_driver/include/hesai_ros_driver/hesai_ros_driver/msg/firetime.hpp
-- Up-to-date: /home/kilabor/isaac-go2-ros2/install/hesai_ros_driver/include/hesai_ros_driver/hesai_ros_driver
-- Up-to-date: /home/kilabor/isaac-go2-ros2/install/hesai_ros_driver/include/hesai_ros_driver/hesai_ros_driver/msg
-- Up-to-date: /home/kilabor/isaac-go2-ros2/install/hesai_ros_driver/include/hesai_ros_driver/hesai_ros_driver/msg/detail
-- Installing: /home/kilabor/isaac-go2-ros2/install/hesai_ros_driver/include/hesai_ros_driver/hesai_ros_driver/msg/detail/udp_frame__rosidl_typesupport_fastrtps_cpp.hpp
-- Installing: /home/kilabor/isaac-go2-ros2/install/hesai_ros_driver/include/hesai_ros_driver/hesai_ros_driver/msg/detail/udp_packet__rosidl_typesupport_fastrtps_cpp.hpp
-- Installing: /home/kilabor/isaac-go2-ros2/install/hesai_ros_driver/include/hesai_ros_driver/hesai_ros_driver/msg/detail/firetime__rosidl_typesupport_fastrtps_cpp.hpp
-- Installing: /home/kilabor/isaac-go2-ros2/install/hesai_ros_driver/include/hesai_ros_driver/hesai_ros_driver/msg/detail/ptp__rosidl_typesupport_fastrtps_cpp.hpp
-- Installing: /home/kilabor/isaac-go2-ros2/install/hesai_ros_driver/include/hesai_ros_driver/hesai_ros_driver/msg/detail/dds_fastrtps
-- Installing: /home/kilabor/isaac-go2-ros2/install/hesai_ros_driver/include/hesai_ros_driver/hesai_ros_driver/msg/detail/loss_packet__rosidl_typesupport_fastrtps_cpp.hpp
-- Installing: /home/kilabor/isaac-go2-ros2/install/hesai_ros_driver/include/hesai_ros_driver/hesai_ros_driver/msg/rosidl_typesupport_fastrtps_cpp__visibility_control.h
-- Installing: /home/kilabor/isaac-go2-ros2/install/hesai_ros_driver/lib/libhesai_ros_driver__rosidl_typesupport_fastrtps_cpp.so
-- Set non-toolchain portion of runtime path of "/home/kilabor/isaac-go2-ros2/install/hesai_ros_driver/lib/libhesai_ros_driver__rosidl_typesupport_fastrtps_cpp.so" to ""
-- Up-to-date: /home/kilabor/isaac-go2-ros2/install/hesai_ros_driver/include/hesai_ros_driver/hesai_ros_driver
-- Up-to-date: /home/kilabor/isaac-go2-ros2/install/hesai_ros_driver/include/hesai_ros_driver/hesai_ros_driver/msg
-- Installing: /home/kilabor/isaac-go2-ros2/install/hesai_ros_driver/include/hesai_ros_driver/hesai_ros_driver/msg/rosidl_typesupport_introspection_c__visibility_control.h
-- Up-to-date: /home/kilabor/isaac-go2-ros2/install/hesai_ros_driver/include/hesai_ros_driver/hesai_ros_driver/msg/detail
-- Installing: /home/kilabor/isaac-go2-ros2/install/hesai_ros_driver/include/hesai_ros_driver/hesai_ros_driver/msg/detail/udp_frame__rosidl_typesupport_introspection_c.h
-- Installing: /home/kilabor/isaac-go2-ros2/install/hesai_ros_driver/include/hesai_ros_driver/hesai_ros_driver/msg/detail/udp_frame__type_support.c
-- Installing: /home/kilabor/isaac-go2-ros2/install/hesai_ros_driver/include/hesai_ros_driver/hesai_ros_driver/msg/detail/udp_packet__type_support.c
-- Installing: /home/kilabor/isaac-go2-ros2/install/hesai_ros_driver/include/hesai_ros_driver/hesai_ros_driver/msg/detail/loss_packet__rosidl_typesupport_introspection_c.h
-- Installing: /home/kilabor/isaac-go2-ros2/install/hesai_ros_driver/include/hesai_ros_driver/hesai_ros_driver/msg/detail/udp_packet__rosidl_typesupport_introspection_c.h
-- Installing: /home/kilabor/isaac-go2-ros2/install/hesai_ros_driver/include/hesai_ros_driver/hesai_ros_driver/msg/detail/ptp__type_support.c
-- Installing: /home/kilabor/isaac-go2-ros2/install/hesai_ros_driver/include/hesai_ros_driver/hesai_ros_driver/msg/detail/firetime__rosidl_typesupport_introspection_c.h
-- Installing: /home/kilabor/isaac-go2-ros2/install/hesai_ros_driver/include/hesai_ros_driver/hesai_ros_driver/msg/detail/loss_packet__type_support.c
-- Installing: /home/kilabor/isaac-go2-ros2/install/hesai_ros_driver/include/hesai_ros_driver/hesai_ros_driver/msg/detail/ptp__rosidl_typesupport_introspection_c.h
-- Installing: /home/kilabor/isaac-go2-ros2/install/hesai_ros_driver/include/hesai_ros_driver/hesai_ros_driver/msg/detail/firetime__type_support.c
-- Installing: /home/kilabor/isaac-go2-ros2/install/hesai_ros_driver/lib/libhesai_ros_driver__rosidl_typesupport_introspection_c.so
-- Set non-toolchain portion of runtime path of "/home/kilabor/isaac-go2-ros2/install/hesai_ros_driver/lib/libhesai_ros_driver__rosidl_typesupport_introspection_c.so" to ""
-- Installing: /home/kilabor/isaac-go2-ros2/install/hesai_ros_driver/lib/libhesai_ros_driver__rosidl_typesupport_c.so
-- Set non-toolchain portion of runtime path of "/home/kilabor/isaac-go2-ros2/install/hesai_ros_driver/lib/libhesai_ros_driver__rosidl_typesupport_c.so" to ""
-- Up-to-date: /home/kilabor/isaac-go2-ros2/install/hesai_ros_driver/include/hesai_ros_driver/hesai_ros_driver
-- Up-to-date: /home/kilabor/isaac-go2-ros2/install/hesai_ros_driver/include/hesai_ros_driver/hesai_ros_driver/msg
-- Up-to-date: /home/kilabor/isaac-go2-ros2/install/hesai_ros_driver/include/hesai_ros_driver/hesai_ros_driver/msg/detail
-- Installing: /home/kilabor/isaac-go2-ros2/install/hesai_ros_driver/include/hesai_ros_driver/hesai_ros_driver/msg/detail/ptp__rosidl_typesupport_introspection_cpp.hpp
-- Installing: /home/kilabor/isaac-go2-ros2/install/hesai_ros_driver/include/hesai_ros_driver/hesai_ros_driver/msg/detail/udp_frame__rosidl_typesupport_introspection_cpp.hpp
-- Installing: /home/kilabor/isaac-go2-ros2/install/hesai_ros_driver/include/hesai_ros_driver/hesai_ros_driver/msg/detail/firetime__rosidl_typesupport_introspection_cpp.hpp
-- Installing: /home/kilabor/isaac-go2-ros2/install/hesai_ros_driver/include/hesai_ros_driver/hesai_ros_driver/msg/detail/udp_packet__type_support.cpp
-- Installing: /home/kilabor/isaac-go2-ros2/install/hesai_ros_driver/include/hesai_ros_driver/hesai_ros_driver/msg/detail/ptp__type_support.cpp
-- Installing: /home/kilabor/isaac-go2-ros2/install/hesai_ros_driver/include/hesai_ros_driver/hesai_ros_driver/msg/detail/loss_packet__rosidl_typesupport_introspection_cpp.hpp
-- Installing: /home/kilabor/isaac-go2-ros2/install/hesai_ros_driver/include/hesai_ros_driver/hesai_ros_driver/msg/detail/firetime__type_support.cpp
-- Installing: /home/kilabor/isaac-go2-ros2/install/hesai_ros_driver/include/hesai_ros_driver/hesai_ros_driver/msg/detail/loss_packet__type_support.cpp
-- Installing: /home/kilabor/isaac-go2-ros2/install/hesai_ros_driver/include/hesai_ros_driver/hesai_ros_driver/msg/detail/udp_packet__rosidl_typesupport_introspection_cpp.hpp
-- Installing: /home/kilabor/isaac-go2-ros2/install/hesai_ros_driver/include/hesai_ros_driver/hesai_ros_driver/msg/detail/udp_frame__type_support.cpp
-- Installing: /home/kilabor/isaac-go2-ros2/install/hesai_ros_driver/lib/libhesai_ros_driver__rosidl_typesupport_introspection_cpp.so
-- Set non-toolchain portion of runtime path of "/home/kilabor/isaac-go2-ros2/install/hesai_ros_driver/lib/libhesai_ros_driver__rosidl_typesupport_introspection_cpp.so" to ""
-- Installing: /home/kilabor/isaac-go2-ros2/install/hesai_ros_driver/lib/libhesai_ros_driver__rosidl_typesupport_cpp.so
-- Set non-toolchain portion of runtime path of "/home/kilabor/isaac-go2-ros2/install/hesai_ros_driver/lib/libhesai_ros_driver__rosidl_typesupport_cpp.so" to ""
-- Installing: /home/kilabor/isaac-go2-ros2/install/hesai_ros_driver/share/hesai_ros_driver/environment/pythonpath.sh
-- Installing: /home/kilabor/isaac-go2-ros2/install/hesai_ros_driver/share/hesai_ros_driver/environment/pythonpath.dsv
-- Installing: /home/kilabor/isaac-go2-ros2/install/hesai_ros_driver/lib/python3.12/site-packages/hesai_ros_driver-1.5.0-py3.12.egg-info
-- Installing: /home/kilabor/isaac-go2-ros2/install/hesai_ros_driver/lib/python3.12/site-packages/hesai_ros_driver-1.5.0-py3.12.egg-info/dependency_links.txt
-- Installing: /home/kilabor/isaac-go2-ros2/install/hesai_ros_driver/lib/python3.12/site-packages/hesai_ros_driver-1.5.0-py3.12.egg-info/PKG-INFO
-- Installing: /home/kilabor/isaac-go2-ros2/install/hesai_ros_driver/lib/python3.12/site-packages/hesai_ros_driver-1.5.0-py3.12.egg-info/top_level.txt
-- Installing: /home/kilabor/isaac-go2-ros2/install/hesai_ros_driver/lib/python3.12/site-packages/hesai_ros_driver-1.5.0-py3.12.egg-info/SOURCES.txt
-- Installing: /home/kilabor/isaac-go2-ros2/install/hesai_ros_driver/lib/python3.12/site-packages/hesai_ros_driver
-- Installing: /home/kilabor/isaac-go2-ros2/install/hesai_ros_driver/lib/python3.12/site-packages/hesai_ros_driver/hesai_ros_driver_s__rosidl_typesupport_introspection_c.cpython-312-x86_64-linux-gnu.so
-- Installing: /home/kilabor/isaac-go2-ros2/install/hesai_ros_driver/lib/python3.12/site-packages/hesai_ros_driver/hesai_ros_driver_s__rosidl_typesupport_fastrtps_c.cpython-312-x86_64-linux-gnu.so
-- Installing: /home/kilabor/isaac-go2-ros2/install/hesai_ros_driver/lib/python3.12/site-packages/hesai_ros_driver/hesai_ros_driver_s__rosidl_typesupport_c.cpython-312-x86_64-linux-gnu.so
-- Installing: /home/kilabor/isaac-go2-ros2/install/hesai_ros_driver/lib/python3.12/site-packages/hesai_ros_driver/_hesai_ros_driver_s.ep.rosidl_typesupport_fastrtps_c.c
-- Installing: /home/kilabor/isaac-go2-ros2/install/hesai_ros_driver/lib/python3.12/site-packages/hesai_ros_driver/__init__.py
-- Installing: /home/kilabor/isaac-go2-ros2/install/hesai_ros_driver/lib/python3.12/site-packages/hesai_ros_driver/_hesai_ros_driver_s.ep.rosidl_typesupport_c.c
-- Installing: /home/kilabor/isaac-go2-ros2/install/hesai_ros_driver/lib/python3.12/site-packages/hesai_ros_driver/_hesai_ros_driver_s.ep.rosidl_typesupport_introspection_c.c
-- Installing: /home/kilabor/isaac-go2-ros2/install/hesai_ros_driver/lib/python3.12/site-packages/hesai_ros_driver/msg
-- Installing: /home/kilabor/isaac-go2-ros2/install/hesai_ros_driver/lib/python3.12/site-packages/hesai_ros_driver/msg/_udp_packet_s.c
-- Installing: /home/kilabor/isaac-go2-ros2/install/hesai_ros_driver/lib/python3.12/site-packages/hesai_ros_driver/msg/_firetime.py
-- Installing: /home/kilabor/isaac-go2-ros2/install/hesai_ros_driver/lib/python3.12/site-packages/hesai_ros_driver/msg/_udp_frame_s.c
-- Installing: /home/kilabor/isaac-go2-ros2/install/hesai_ros_driver/lib/python3.12/site-packages/hesai_ros_driver/msg/_ptp.py
-- Installing: /home/kilabor/isaac-go2-ros2/install/hesai_ros_driver/lib/python3.12/site-packages/hesai_ros_driver/msg/_loss_packet.py
-- Installing: /home/kilabor/isaac-go2-ros2/install/hesai_ros_driver/lib/python3.12/site-packages/hesai_ros_driver/msg/_firetime_s.c
-- Installing: /home/kilabor/isaac-go2-ros2/install/hesai_ros_driver/lib/python3.12/site-packages/hesai_ros_driver/msg/_udp_packet.py
-- Installing: /home/kilabor/isaac-go2-ros2/install/hesai_ros_driver/lib/python3.12/site-packages/hesai_ros_driver/msg/_udp_frame.py
-- Installing: /home/kilabor/isaac-go2-ros2/install/hesai_ros_driver/lib/python3.12/site-packages/hesai_ros_driver/msg/__init__.py
-- Installing: /home/kilabor/isaac-go2-ros2/install/hesai_ros_driver/lib/python3.12/site-packages/hesai_ros_driver/msg/_loss_packet_s.c
-- Installing: /home/kilabor/isaac-go2-ros2/install/hesai_ros_driver/lib/python3.12/site-packages/hesai_ros_driver/msg/_ptp_s.c
-- Installing: /home/kilabor/isaac-go2-ros2/install/hesai_ros_driver/lib/python3.12/site-packages/hesai_ros_driver/libhesai_ros_driver__rosidl_generator_py.so
Listing 'lib/python3.12/site-packages/hesai_ros_driver'...
Can't list 'lib/python3.12/site-packages/hesai_ros_driver'
-- Installing: /home/kilabor/isaac-go2-ros2/install/hesai_ros_driver/lib/python3.12/site-packages/hesai_ros_driver/hesai_ros_driver_s__rosidl_typesupport_fastrtps_c.cpython-312-x86_64-linux-gnu.so
-- Set non-toolchain portion of runtime path of "/home/kilabor/isaac-go2-ros2/install/hesai_ros_driver/lib/python3.12/site-packages/hesai_ros_driver/hesai_ros_driver_s__rosidl_typesupport_fastrtps_c.cpython-312-x86_64-linux-gnu.so" to ""
-- Installing: /home/kilabor/isaac-go2-ros2/install/hesai_ros_driver/lib/python3.12/site-packages/hesai_ros_driver/hesai_ros_driver_s__rosidl_typesupport_introspection_c.cpython-312-x86_64-linux-gnu.so
-- Set non-toolchain portion of runtime path of "/home/kilabor/isaac-go2-ros2/install/hesai_ros_driver/lib/python3.12/site-packages/hesai_ros_driver/hesai_ros_driver_s__rosidl_typesupport_introspection_c.cpython-312-x86_64-linux-gnu.so" to ""
-- Installing: /home/kilabor/isaac-go2-ros2/install/hesai_ros_driver/lib/python3.12/site-packages/hesai_ros_driver/hesai_ros_driver_s__rosidl_typesupport_c.cpython-312-x86_64-linux-gnu.so
-- Set non-toolchain portion of runtime path of "/home/kilabor/isaac-go2-ros2/install/hesai_ros_driver/lib/python3.12/site-packages/hesai_ros_driver/hesai_ros_driver_s__rosidl_typesupport_c.cpython-312-x86_64-linux-gnu.so" to ""
-- Installing: /home/kilabor/isaac-go2-ros2/install/hesai_ros_driver/lib/libhesai_ros_driver__rosidl_generator_py.so
-- Set non-toolchain portion of runtime path of "/home/kilabor/isaac-go2-ros2/install/hesai_ros_driver/lib/libhesai_ros_driver__rosidl_generator_py.so" to ""
-- Installing: /home/kilabor/isaac-go2-ros2/install/hesai_ros_driver/share/ament_index/resource_index/rust_packages/hesai_ros_driver
-- Installing: /home/kilabor/isaac-go2-ros2/install/hesai_ros_driver/share/hesai_ros_driver/rust
-- Installing: /home/kilabor/isaac-go2-ros2/install/hesai_ros_driver/share/hesai_ros_driver/rust/Cargo.toml
-- Installing: /home/kilabor/isaac-go2-ros2/install/hesai_ros_driver/share/hesai_ros_driver/rust/build.rs
-- Installing: /home/kilabor/isaac-go2-ros2/install/hesai_ros_driver/share/hesai_ros_driver/rust/src
-- Installing: /home/kilabor/isaac-go2-ros2/install/hesai_ros_driver/share/hesai_ros_driver/rust/src/lib.rs
-- Installing: /home/kilabor/isaac-go2-ros2/install/hesai_ros_driver/share/hesai_ros_driver/rust/src/msg.rs
-- Installing: /home/kilabor/isaac-go2-ros2/install/hesai_ros_driver/share/hesai_ros_driver/rust/src/msg
-- Installing: /home/kilabor/isaac-go2-ros2/install/hesai_ros_driver/share/hesai_ros_driver/rust/src/msg/rmw.rs
-- Installing: /home/kilabor/isaac-go2-ros2/install/hesai_ros_driver/share/hesai_ros_driver/msg/UdpPacket.idl
-- Installing: /home/kilabor/isaac-go2-ros2/install/hesai_ros_driver/share/hesai_ros_driver/msg/UdpFrame.idl
-- Installing: /home/kilabor/isaac-go2-ros2/install/hesai_ros_driver/share/hesai_ros_driver/msg/Firetime.idl
-- Installing: /home/kilabor/isaac-go2-ros2/install/hesai_ros_driver/share/hesai_ros_driver/msg/Ptp.idl
-- Installing: /home/kilabor/isaac-go2-ros2/install/hesai_ros_driver/share/hesai_ros_driver/msg/LossPacket.idl
-- Installing: /home/kilabor/isaac-go2-ros2/install/hesai_ros_driver/share/hesai_ros_driver/msg_ros2/UdpPacket.msg
-- Installing: /home/kilabor/isaac-go2-ros2/install/hesai_ros_driver/share/hesai_ros_driver/msg_ros2/UdpFrame.msg
-- Installing: /home/kilabor/isaac-go2-ros2/install/hesai_ros_driver/share/hesai_ros_driver/msg_ros2/Firetime.msg
-- Installing: /home/kilabor/isaac-go2-ros2/install/hesai_ros_driver/share/hesai_ros_driver/msg_ros2/Ptp.msg
-- Installing: /home/kilabor/isaac-go2-ros2/install/hesai_ros_driver/share/hesai_ros_driver/msg_ros2/LossPacket.msg
-- Installing: /home/kilabor/isaac-go2-ros2/install/hesai_ros_driver/lib/hesai_ros_driver/hesai_ros_driver_node
-- Set non-toolchain portion of runtime path of "/home/kilabor/isaac-go2-ros2/install/hesai_ros_driver/lib/hesai_ros_driver/hesai_ros_driver_node" to ""
-- Installing: /home/kilabor/isaac-go2-ros2/install/hesai_ros_driver/lib/libhesai_sdk_lib.so
-- Set non-toolchain portion of runtime path of "/home/kilabor/isaac-go2-ros2/install/hesai_ros_driver/lib/libhesai_sdk_lib.so" to ""
-- Installing: /home/kilabor/isaac-go2-ros2/install/hesai_ros_driver/lib/liblog_lib.so
-- Installing: /home/kilabor/isaac-go2-ros2/install/hesai_ros_driver/lib/liblidar_lib.so
-- Set non-toolchain portion of runtime path of "/home/kilabor/isaac-go2-ros2/install/hesai_ros_driver/lib/liblidar_lib.so" to ""
-- Installing: /home/kilabor/isaac-go2-ros2/install/hesai_ros_driver/lib/libptcClient_lib.so
-- Set non-toolchain portion of runtime path of "/home/kilabor/isaac-go2-ros2/install/hesai_ros_driver/lib/libptcClient_lib.so" to ""
-- Installing: /home/kilabor/isaac-go2-ros2/install/hesai_ros_driver/lib/libsource_lib.so
-- Set non-toolchain portion of runtime path of "/home/kilabor/isaac-go2-ros2/install/hesai_ros_driver/lib/libsource_lib.so" to ""
-- Installing: /home/kilabor/isaac-go2-ros2/install/hesai_ros_driver/lib/libplatutils_lib.so
-- Set non-toolchain portion of runtime path of "/home/kilabor/isaac-go2-ros2/install/hesai_ros_driver/lib/libplatutils_lib.so" to ""
-- Installing: /home/kilabor/isaac-go2-ros2/install/hesai_ros_driver/lib/libserialClient_lib.so
-- Set non-toolchain portion of runtime path of "/home/kilabor/isaac-go2-ros2/install/hesai_ros_driver/lib/libserialClient_lib.so" to ""
-- Installing: /home/kilabor/isaac-go2-ros2/install/hesai_ros_driver/lib/libudpParser_lib.so
-- Set non-toolchain portion of runtime path of "/home/kilabor/isaac-go2-ros2/install/hesai_ros_driver/lib/libudpParser_lib.so" to ""
-- Installing: /home/kilabor/isaac-go2-ros2/install/hesai_ros_driver/share/hesai_ros_driver/launch
-- Installing: /home/kilabor/isaac-go2-ros2/install/hesai_ros_driver/share/hesai_ros_driver/launch/start.launch
-- Installing: /home/kilabor/isaac-go2-ros2/install/hesai_ros_driver/share/hesai_ros_driver/launch/start.py
-- Installing: /home/kilabor/isaac-go2-ros2/install/hesai_ros_driver/share/hesai_ros_driver/launch/dashing_start.py
-- Installing: /home/kilabor/isaac-go2-ros2/install/hesai_ros_driver/share/hesai_ros_driver/rviz
-- Installing: /home/kilabor/isaac-go2-ros2/install/hesai_ros_driver/share/hesai_ros_driver/rviz/rviz.rviz
-- Installing: /home/kilabor/isaac-go2-ros2/install/hesai_ros_driver/share/hesai_ros_driver/rviz/rviz2.rviz
-- Installing: /home/kilabor/isaac-go2-ros2/install/hesai_ros_driver/share/ament_index/resource_index/package_run_dependencies/hesai_ros_driver
-- Installing: /home/kilabor/isaac-go2-ros2/install/hesai_ros_driver/share/ament_index/resource_index/parent_prefix_path/hesai_ros_driver
-- Installing: /home/kilabor/isaac-go2-ros2/install/hesai_ros_driver/share/hesai_ros_driver/environment/ament_prefix_path.sh
-- Installing: /home/kilabor/isaac-go2-ros2/install/hesai_ros_driver/share/hesai_ros_driver/environment/ament_prefix_path.dsv
-- Installing: /home/kilabor/isaac-go2-ros2/install/hesai_ros_driver/share/hesai_ros_driver/environment/path.sh
-- Installing: /home/kilabor/isaac-go2-ros2/install/hesai_ros_driver/share/hesai_ros_driver/environment/path.dsv
-- Installing: /home/kilabor/isaac-go2-ros2/install/hesai_ros_driver/share/hesai_ros_driver/local_setup.bash
-- Installing: /home/kilabor/isaac-go2-ros2/install/hesai_ros_driver/share/hesai_ros_driver/local_setup.sh
-- Installing: /home/kilabor/isaac-go2-ros2/install/hesai_ros_driver/share/hesai_ros_driver/local_setup.zsh
-- Installing: /home/kilabor/isaac-go2-ros2/install/hesai_ros_driver/share/hesai_ros_driver/local_setup.dsv
-- Installing: /home/kilabor/isaac-go2-ros2/install/hesai_ros_driver/share/hesai_ros_driver/package.dsv
-- Installing: /home/kilabor/isaac-go2-ros2/install/hesai_ros_driver/share/ament_index/resource_index/packages/hesai_ros_driver
-- Installing: /home/kilabor/isaac-go2-ros2/install/hesai_ros_driver/share/hesai_ros_driver/cmake/export_hesai_ros_driver__rosidl_generator_cExport.cmake
-- Installing: /home/kilabor/isaac-go2-ros2/install/hesai_ros_driver/share/hesai_ros_driver/cmake/export_hesai_ros_driver__rosidl_generator_cExport-release.cmake
-- Installing: /home/kilabor/isaac-go2-ros2/install/hesai_ros_driver/share/hesai_ros_driver/cmake/export_hesai_ros_driver__rosidl_typesupport_fastrtps_cExport.cmake
-- Installing: /home/kilabor/isaac-go2-ros2/install/hesai_ros_driver/share/hesai_ros_driver/cmake/export_hesai_ros_driver__rosidl_typesupport_fastrtps_cExport-release.cmake
-- Installing: /home/kilabor/isaac-go2-ros2/install/hesai_ros_driver/share/hesai_ros_driver/cmake/export_hesai_ros_driver__rosidl_generator_cppExport.cmake
-- Installing: /home/kilabor/isaac-go2-ros2/install/hesai_ros_driver/share/hesai_ros_driver/cmake/export_hesai_ros_driver__rosidl_typesupport_fastrtps_cppExport.cmake
-- Installing: /home/kilabor/isaac-go2-ros2/install/hesai_ros_driver/share/hesai_ros_driver/cmake/export_hesai_ros_driver__rosidl_typesupport_fastrtps_cppExport-release.cmake
-- Installing: /home/kilabor/isaac-go2-ros2/install/hesai_ros_driver/share/hesai_ros_driver/cmake/hesai_ros_driver__rosidl_typesupport_introspection_cExport.cmake
-- Installing: /home/kilabor/isaac-go2-ros2/install/hesai_ros_driver/share/hesai_ros_driver/cmake/hesai_ros_driver__rosidl_typesupport_introspection_cExport-release.cmake
-- Installing: /home/kilabor/isaac-go2-ros2/install/hesai_ros_driver/share/hesai_ros_driver/cmake/hesai_ros_driver__rosidl_typesupport_cExport.cmake
-- Installing: /home/kilabor/isaac-go2-ros2/install/hesai_ros_driver/share/hesai_ros_driver/cmake/hesai_ros_driver__rosidl_typesupport_cExport-release.cmake
-- Installing: /home/kilabor/isaac-go2-ros2/install/hesai_ros_driver/share/hesai_ros_driver/cmake/hesai_ros_driver__rosidl_typesupport_introspection_cppExport.cmake
-- Installing: /home/kilabor/isaac-go2-ros2/install/hesai_ros_driver/share/hesai_ros_driver/cmake/hesai_ros_driver__rosidl_typesupport_introspection_cppExport-release.cmake
-- Installing: /home/kilabor/isaac-go2-ros2/install/hesai_ros_driver/share/hesai_ros_driver/cmake/hesai_ros_driver__rosidl_typesupport_cppExport.cmake
-- Installing: /home/kilabor/isaac-go2-ros2/install/hesai_ros_driver/share/hesai_ros_driver/cmake/hesai_ros_driver__rosidl_typesupport_cppExport-release.cmake
-- Installing: /home/kilabor/isaac-go2-ros2/install/hesai_ros_driver/share/hesai_ros_driver/cmake/export_hesai_ros_driver__rosidl_generator_pyExport.cmake
-- Installing: /home/kilabor/isaac-go2-ros2/install/hesai_ros_driver/share/hesai_ros_driver/cmake/export_hesai_ros_driver__rosidl_generator_pyExport-release.cmake
-- Installing: /home/kilabor/isaac-go2-ros2/install/hesai_ros_driver/share/hesai_ros_driver/cmake/rosidl_cmake-extras.cmake
-- Installing: /home/kilabor/isaac-go2-ros2/install/hesai_ros_driver/share/hesai_ros_driver/cmake/ament_cmake_export_dependencies-extras.cmake
-- Installing: /home/kilabor/isaac-go2-ros2/install/hesai_ros_driver/share/hesai_ros_driver/cmake/ament_cmake_export_include_directories-extras.cmake
-- Installing: /home/kilabor/isaac-go2-ros2/install/hesai_ros_driver/share/hesai_ros_driver/cmake/ament_cmake_export_libraries-extras.cmake
-- Installing: /home/kilabor/isaac-go2-ros2/install/hesai_ros_driver/share/hesai_ros_driver/cmake/ament_cmake_export_targets-extras.cmake
-- Installing: /home/kilabor/isaac-go2-ros2/install/hesai_ros_driver/share/hesai_ros_driver/cmake/rosidl_cmake_export_typesupport_targets-extras.cmake
-- Installing: /home/kilabor/isaac-go2-ros2/install/hesai_ros_driver/share/hesai_ros_driver/cmake/rosidl_cmake_export_typesupport_libraries-extras.cmake
-- Installing: /home/kilabor/isaac-go2-ros2/install/hesai_ros_driver/share/hesai_ros_driver/cmake/hesai_ros_driverConfig.cmake
-- Installing: /home/kilabor/isaac-go2-ros2/install/hesai_ros_driver/share/hesai_ros_driver/cmake/hesai_ros_driverConfig-version.cmake
-- Installing: /home/kilabor/isaac-go2-ros2/install/hesai_ros_driver/share/hesai_ros_driver/package.xml
