[INFO] [launch]: All log files can be found below /home/kilabor/.ros/log/2026-04-20-16-01-22-604068-kilabor-1300062-2110363-161106
[INFO] [launch]: Default logging verbosity is set to INFO
[INFO] [controller_server-1]: process started with pid [161114]
[INFO] [smoother_server-2]: process started with pid [161116]
[INFO] [planner_server-3]: process started with pid [161118]
[INFO] [behavior_server-4]: process started with pid [161120]
[INFO] [bt_navigator-5]: process started with pid [161122]
[INFO] [waypoint_follower-6]: process started with pid [161124]
[INFO] [velocity_smoother-7]: process started with pid [161126]
[INFO] [lifecycle_manager-8]: process started with pid [161128]
[planner_server-3] [INFO] [1776693682.732909354] [planner_server]: 
[planner_server-3] 	planner_server lifecycle node launched. 
[planner_server-3] 	Waiting on external lifecycle transitions to activate
[planner_server-3] 	See https://design.ros2.org/articles/node_lifecycle.html for more information.
[controller_server-1] [INFO] [1776693682.733186404] [controller_server]: 
[controller_server-1] 	controller_server lifecycle node launched. 
[controller_server-1] 	Waiting on external lifecycle transitions to activate
[controller_server-1] 	See https://design.ros2.org/articles/node_lifecycle.html for more information.
[planner_server-3] [INFO] [1776693682.733448665] [planner_server]: Creating
[lifecycle_manager-8] [INFO] [1776693682.733480361] [lifecycle_manager_navigation]: Creating
[controller_server-1] [INFO] [1776693682.734355761] [controller_server]: Creating controller server
[lifecycle_manager-8] [INFO] [1776693682.734664702] [lifecycle_manager_navigation]: [34m[1mCreating and initializing lifecycle service clients[0m[0m
[smoother_server-2] [INFO] [1776693682.735415253] [smoother_server]: 
[smoother_server-2] 	smoother_server lifecycle node launched. 
[smoother_server-2] 	Waiting on external lifecycle transitions to activate
[smoother_server-2] 	See https://design.ros2.org/articles/node_lifecycle.html for more information.
[smoother_server-2] [INFO] [1776693682.735877154] [smoother_server]: Creating smoother server
[bt_navigator-5] [INFO] [1776693682.737010404] [bt_navigator]: 
[bt_navigator-5] 	bt_navigator lifecycle node launched. 
[bt_navigator-5] 	Waiting on external lifecycle transitions to activate
[bt_navigator-5] 	See https://design.ros2.org/articles/node_lifecycle.html for more information.
[bt_navigator-5] [INFO] [1776693682.737037043] [bt_navigator]: Creating
[behavior_server-4] [INFO] [1776693682.737323185] [behavior_server]: 
[behavior_server-4] 	behavior_server lifecycle node launched. 
[behavior_server-4] 	Waiting on external lifecycle transitions to activate
[behavior_server-4] 	See https://design.ros2.org/articles/node_lifecycle.html for more information.
[velocity_smoother-7] [INFO] [1776693682.738752599] [velocity_smoother]: 
[velocity_smoother-7] 	velocity_smoother lifecycle node launched. 
[velocity_smoother-7] 	Waiting on external lifecycle transitions to activate
[velocity_smoother-7] 	See https://design.ros2.org/articles/node_lifecycle.html for more information.
[planner_server-3] [INFO] [1776693682.739128618] [global_costmap.global_costmap]: 
[planner_server-3] 	global_costmap lifecycle node launched. 
[planner_server-3] 	Waiting on external lifecycle transitions to activate
[planner_server-3] 	See https://design.ros2.org/articles/node_lifecycle.html for more information.
[planner_server-3] [INFO] [1776693682.739259089] [global_costmap.global_costmap]: Creating Costmap
[waypoint_follower-6] [INFO] [1776693682.740535763] [waypoint_follower]: 
[waypoint_follower-6] 	waypoint_follower lifecycle node launched. 
[waypoint_follower-6] 	Waiting on external lifecycle transitions to activate
[waypoint_follower-6] 	See https://design.ros2.org/articles/node_lifecycle.html for more information.
[waypoint_follower-6] [INFO] [1776693682.740712751] [waypoint_follower]: Creating
[controller_server-1] [INFO] [1776693682.746883550] [local_costmap.local_costmap]: 
[controller_server-1] 	local_costmap lifecycle node launched. 
[controller_server-1] 	Waiting on external lifecycle transitions to activate
[controller_server-1] 	See https://design.ros2.org/articles/node_lifecycle.html for more information.
[controller_server-1] [INFO] [1776693682.746999644] [local_costmap.local_costmap]: Creating Costmap
[lifecycle_manager-8] [INFO] [1776693682.863319588] [lifecycle_manager_navigation]: [34m[1mStarting managed nodes bringup...[0m[0m
[lifecycle_manager-8] [INFO] [1776693682.863350390] [lifecycle_manager_navigation]: [34m[1mConfiguring controller_server[0m[0m
[controller_server-1] [INFO] [1776693682.863488075] [controller_server]: Configuring controller interface
[controller_server-1] [INFO] [1776693682.863633508] [controller_server]: getting goal checker plugins..
[controller_server-1] [INFO] [1776693682.863698281] [controller_server]: Controller frequency set to 20.0000Hz
[controller_server-1] [INFO] [1776693682.863712243] [local_costmap.local_costmap]: Configuring
[controller_server-1] [INFO] [1776693682.870024866] [local_costmap.local_costmap]: Using plugin "obstacle_layer"
[controller_server-1] [INFO] [1776693682.871858454] [local_costmap.local_costmap]: Subscribed to Topics: scan
[controller_server-1] [INFO] [1776693682.873590011] [local_costmap.local_costmap]: Initialized plugin "obstacle_layer"
[controller_server-1] [INFO] [1776693682.873605259] [local_costmap.local_costmap]: Using plugin "inflation_layer"
[controller_server-1] [INFO] [1776693682.874091597] [local_costmap.local_costmap]: Initialized plugin "inflation_layer"
[controller_server-1] [INFO] [1776693682.877372142] [controller_server]: Created progress_checker : progress_checker of type nav2_controller::SimpleProgressChecker
[controller_server-1] [INFO] [1776693682.877626152] [controller_server]: Created goal checker : general_goal_checker of type nav2_controller::SimpleGoalChecker
[controller_server-1] [INFO] [1776693682.877708521] [controller_server]: Controller Server has general_goal_checker  goal checkers available.
[controller_server-1] [INFO] [1776693682.878251781] [controller_server]: Created controller : FollowPath of type dwb_core::DWBLocalPlanner
[controller_server-1] [INFO] [1776693682.878486966] [controller_server]: Setting transform_tolerance to 0.200000
[controller_server-1] [INFO] [1776693682.881238696] [controller_server]: Using critic "RotateToGoal" (dwb_critics::RotateToGoalCritic)
[controller_server-1] [INFO] [1776693682.881398238] [controller_server]: Critic plugin initialized
[controller_server-1] [INFO] [1776693682.881436304] [controller_server]: Using critic "Oscillation" (dwb_critics::OscillationCritic)
[controller_server-1] [INFO] [1776693682.881573018] [controller_server]: Critic plugin initialized
[controller_server-1] [INFO] [1776693682.881606729] [controller_server]: Using critic "BaseObstacle" (dwb_critics::BaseObstacleCritic)
[controller_server-1] [INFO] [1776693682.881657202] [controller_server]: Critic plugin initialized
[controller_server-1] [INFO] [1776693682.881685421] [controller_server]: Using critic "GoalAlign" (dwb_critics::GoalAlignCritic)
[controller_server-1] [INFO] [1776693682.881777978] [controller_server]: Critic plugin initialized
[controller_server-1] [INFO] [1776693682.881807531] [controller_server]: Using critic "PathAlign" (dwb_critics::PathAlignCritic)
[controller_server-1] [INFO] [1776693682.881896660] [controller_server]: Critic plugin initialized
[controller_server-1] [INFO] [1776693682.881925304] [controller_server]: Using critic "PathDist" (dwb_critics::PathDistCritic)
[controller_server-1] [INFO] [1776693682.881984091] [controller_server]: Critic plugin initialized
[controller_server-1] [INFO] [1776693682.882014215] [controller_server]: Using critic "GoalDist" (dwb_critics::GoalDistCritic)
[controller_server-1] [INFO] [1776693682.882070104] [controller_server]: Critic plugin initialized
[controller_server-1] [INFO] [1776693682.882073594] [controller_server]: Controller Server has FollowPath  controllers available.
[lifecycle_manager-8] [INFO] [1776693682.883949904] [lifecycle_manager_navigation]: [34m[1mConfiguring smoother_server[0m[0m
[smoother_server-2] [INFO] [1776693682.884023685] [smoother_server]: Configuring smoother server
[smoother_server-2] [INFO] [1776693682.889962769] [smoother_server]: Created smoother : simple_smoother of type nav2_smoother::SimpleSmoother
[smoother_server-2] [INFO] [1776693682.890229339] [smoother_server]: Smoother Server has simple_smoother  smoothers available.
[lifecycle_manager-8] [INFO] [1776693682.892031302] [lifecycle_manager_navigation]: [34m[1mConfiguring planner_server[0m[0m
[planner_server-3] [INFO] [1776693682.892105599] [planner_server]: Configuring
[planner_server-3] [INFO] [1776693682.892123480] [global_costmap.global_costmap]: Configuring
[planner_server-3] [INFO] [1776693682.896078420] [global_costmap.global_costmap]: Using plugin "static_layer"
[planner_server-3] [INFO] [1776693682.897312152] [global_costmap.global_costmap]: Subscribing to the map topic (/map) with transient local durability
[planner_server-3] [INFO] [1776693682.897829590] [global_costmap.global_costmap]: Initialized plugin "static_layer"
[planner_server-3] [INFO] [1776693682.897839175] [global_costmap.global_costmap]: Using plugin "obstacle_layer"
[planner_server-3] [INFO] [1776693682.898109285] [global_costmap.global_costmap]: Subscribed to Topics: scan
[planner_server-3] [INFO] [1776693682.899567869] [global_costmap.global_costmap]: Initialized plugin "obstacle_layer"
[planner_server-3] [INFO] [1776693682.899579351] [global_costmap.global_costmap]: Using plugin "inflation_layer"
[planner_server-3] [INFO] [1776693682.899876377] [global_costmap.global_costmap]: Initialized plugin "inflation_layer"
[planner_server-3] [INFO] [1776693682.903303741] [planner_server]: Created global planner plugin GridBased of type nav2_navfn_planner/NavfnPlanner
[planner_server-3] [INFO] [1776693682.903317361] [planner_server]: Configuring plugin GridBased of type NavfnPlanner
[planner_server-3] [INFO] [1776693682.903521124] [planner_server]: Planner Server has GridBased  planners available.
[lifecycle_manager-8] [INFO] [1776693682.906336025] [lifecycle_manager_navigation]: [34m[1mConfiguring behavior_server[0m[0m
[behavior_server-4] [INFO] [1776693682.906427722] [behavior_server]: Configuring
[planner_server-3] [INFO] [1776693682.908190770] [global_costmap.global_costmap]: StaticLayer: Resizing costmap to 449 X 582 at 0.050000 m/pix
[behavior_server-4] [INFO] [1776693682.911657223] [behavior_server]: Creating behavior plugin spin of type nav2_behaviors/Spin
[behavior_server-4] [INFO] [1776693682.912092330] [behavior_server]: Configuring spin
[behavior_server-4] [INFO] [1776693682.913860677] [behavior_server]: Creating behavior plugin backup of type nav2_behaviors/BackUp
[behavior_server-4] [INFO] [1776693682.914293344] [behavior_server]: Configuring backup
[behavior_server-4] [INFO] [1776693682.915424582] [behavior_server]: Creating behavior plugin drive_on_heading of type nav2_behaviors/DriveOnHeading
[behavior_server-4] [INFO] [1776693682.915856276] [behavior_server]: Configuring drive_on_heading
[behavior_server-4] [INFO] [1776693682.916858057] [behavior_server]: Creating behavior plugin wait of type nav2_behaviors/Wait
[behavior_server-4] [INFO] [1776693682.917226784] [behavior_server]: Configuring wait
[lifecycle_manager-8] [INFO] [1776693682.918601720] [lifecycle_manager_navigation]: [34m[1mConfiguring bt_navigator[0m[0m
[bt_navigator-5] [INFO] [1776693682.918679733] [bt_navigator]: Configuring
[lifecycle_manager-8] [INFO] [1776693682.940646344] [lifecycle_manager_navigation]: [34m[1mConfiguring waypoint_follower[0m[0m
[waypoint_follower-6] [INFO] [1776693682.940860076] [waypoint_follower]: Configuring
[waypoint_follower-6] [INFO] [1776693682.944722709] [waypoint_follower]: Created waypoint_task_executor : wait_at_waypoint of type nav2_waypoint_follower::WaitAtWaypoint
[waypoint_follower-6] [INFO] [1776693682.944822950] [waypoint_follower]: Waypoint pause duration is set to zero, disabling task executor plugin.
[lifecycle_manager-8] [INFO] [1776693682.945011124] [lifecycle_manager_navigation]: [34m[1mConfiguring velocity_smoother[0m[0m
[velocity_smoother-7] [INFO] [1776693682.945079502] [velocity_smoother]: Configuring velocity smoother
[lifecycle_manager-8] [INFO] [1776693682.946464480] [lifecycle_manager_navigation]: [34m[1mActivating controller_server[0m[0m
[controller_server-1] [INFO] [1776693682.946529949] [controller_server]: Activating
[controller_server-1] [INFO] [1776693682.946546797] [local_costmap.local_costmap]: Activating
[controller_server-1] [INFO] [1776693682.946550994] [local_costmap.local_costmap]: Checking transform
[controller_server-1] [INFO] [1776693682.946555339] [local_costmap.local_costmap]: Timed out waiting for transform from base_link to odom to become available, tf error: Invalid frame ID "base_link" passed to canTransform argument source_frame - frame does not exist
[controller_server-1] [INFO] [1776693683.446633781] [local_costmap.local_costmap]: Timed out waiting for transform from base_link to odom to become available, tf error: Invalid frame ID "base_link" passed to canTransform argument source_frame - frame does not exist
[controller_server-1] [INFO] [1776693683.946633645] [local_costmap.local_costmap]: Timed out waiting for transform from base_link to odom to become available, tf error: Invalid frame ID "base_link" passed to canTransform argument source_frame - frame does not exist
[controller_server-1] [INFO] [1776693684.446616359] [local_costmap.local_costmap]: Timed out waiting for transform from base_link to odom to become available, tf error: Invalid frame ID "base_link" passed to canTransform argument source_frame - frame does not exist
[controller_server-1] [INFO] [1776693684.946719009] [local_costmap.local_costmap]: Timed out waiting for transform from base_link to odom to become available, tf error: Invalid frame ID "base_link" passed to canTransform argument source_frame - frame does not exist
[controller_server-1] [INFO] [1776693685.446786817] [local_costmap.local_costmap]: Timed out waiting for transform from base_link to odom to become available, tf error: Invalid frame ID "base_link" passed to canTransform argument source_frame - frame does not exist
[controller_server-1] [INFO] [1776693685.946652792] [local_costmap.local_costmap]: Timed out waiting for transform from base_link to odom to become available, tf error: Invalid frame ID "base_link" passed to canTransform argument source_frame - frame does not exist
[controller_server-1] [INFO] [1776693686.446772581] [local_costmap.local_costmap]: Timed out waiting for transform from base_link to odom to become available, tf error: Invalid frame ID "base_link" passed to canTransform argument source_frame - frame does not exist
[controller_server-1] [INFO] [1776693686.946779226] [local_costmap.local_costmap]: Timed out waiting for transform from base_link to odom to become available, tf error: Invalid frame ID "base_link" passed to canTransform argument source_frame - frame does not exist
[controller_server-1] [INFO] [1776693687.446618163] [local_costmap.local_costmap]: Timed out waiting for transform from base_link to odom to become available, tf error: Invalid frame ID "base_link" passed to canTransform argument source_frame - frame does not exist
[controller_server-1] [INFO] [1776693687.946806506] [local_costmap.local_costmap]: Timed out waiting for transform from base_link to odom to become available, tf error: Invalid frame ID "base_link" passed to canTransform argument source_frame - frame does not exist
[controller_server-1] [INFO] [1776693688.446767142] [local_costmap.local_costmap]: Timed out waiting for transform from base_link to odom to become available, tf error: Invalid frame ID "base_link" passed to canTransform argument source_frame - frame does not exist
[controller_server-1] [INFO] [1776693688.946808182] [local_costmap.local_costmap]: Timed out waiting for transform from base_link to odom to become available, tf error: Invalid frame ID "base_link" passed to canTransform argument source_frame - frame does not exist
[controller_server-1] [INFO] [1776693689.446693710] [local_costmap.local_costmap]: Timed out waiting for transform from base_link to odom to become available, tf error: Invalid frame ID "base_link" passed to canTransform argument source_frame - frame does not exist
[controller_server-1] [INFO] [1776693689.946632695] [local_costmap.local_costmap]: Timed out waiting for transform from base_link to odom to become available, tf error: Invalid frame ID "base_link" passed to canTransform argument source_frame - frame does not exist
[controller_server-1] [INFO] [1776693690.446637935] [local_costmap.local_costmap]: Timed out waiting for transform from base_link to odom to become available, tf error: Invalid frame ID "base_link" passed to canTransform argument source_frame - frame does not exist
[controller_server-1] [INFO] [1776693690.946628573] [local_costmap.local_costmap]: Timed out waiting for transform from base_link to odom to become available, tf error: Invalid frame ID "base_link" passed to canTransform argument source_frame - frame does not exist
[controller_server-1] [INFO] [1776693691.446630523] [local_costmap.local_costmap]: Timed out waiting for transform from base_link to odom to become available, tf error: Invalid frame ID "base_link" passed to canTransform argument source_frame - frame does not exist
[controller_server-1] [INFO] [1776693691.948376532] [local_costmap.local_costmap]: Timed out waiting for transform from base_link to odom to become available, tf error: Invalid frame ID "base_link" passed to canTransform argument source_frame - frame does not exist
[controller_server-1] [INFO] [1776693692.446620092] [local_costmap.local_costmap]: Timed out waiting for transform from base_link to odom to become available, tf error: Invalid frame ID "base_link" passed to canTransform argument source_frame - frame does not exist
[controller_server-1] [INFO] [1776693692.946613322] [local_costmap.local_costmap]: Timed out waiting for transform from base_link to odom to become available, tf error: Invalid frame ID "base_link" passed to canTransform argument source_frame - frame does not exist
[controller_server-1] [INFO] [1776693693.446768295] [local_costmap.local_costmap]: Timed out waiting for transform from base_link to odom to become available, tf error: Invalid frame ID "base_link" passed to canTransform argument source_frame - frame does not exist
[controller_server-1] [INFO] [1776693693.946630806] [local_costmap.local_costmap]: Timed out waiting for transform from base_link to odom to become available, tf error: Invalid frame ID "base_link" passed to canTransform argument source_frame - frame does not exist
[controller_server-1] [INFO] [1776693694.446620183] [local_costmap.local_costmap]: Timed out waiting for transform from base_link to odom to become available, tf error: Invalid frame ID "base_link" passed to canTransform argument source_frame - frame does not exist
[controller_server-1] [INFO] [1776693694.946616608] [local_costmap.local_costmap]: Timed out waiting for transform from base_link to odom to become available, tf error: Invalid frame ID "base_link" passed to canTransform argument source_frame - frame does not exist
[controller_server-1] [INFO] [1776693695.446639739] [local_costmap.local_costmap]: Timed out waiting for transform from base_link to odom to become available, tf error: Invalid frame ID "base_link" passed to canTransform argument source_frame - frame does not exist
[controller_server-1] [INFO] [1776693695.946617967] [local_costmap.local_costmap]: Timed out waiting for transform from base_link to odom to become available, tf error: Invalid frame ID "base_link" passed to canTransform argument source_frame - frame does not exist
[controller_server-1] [INFO] [1776693696.446616915] [local_costmap.local_costmap]: Timed out waiting for transform from base_link to odom to become available, tf error: Invalid frame ID "base_link" passed to canTransform argument source_frame - frame does not exist
[controller_server-1] [INFO] [1776693696.946616256] [local_costmap.local_costmap]: Timed out waiting for transform from base_link to odom to become available, tf error: Invalid frame ID "base_link" passed to canTransform argument source_frame - frame does not exist
[controller_server-1] [INFO] [1776693697.446624205] [local_costmap.local_costmap]: Timed out waiting for transform from base_link to odom to become available, tf error: Invalid frame ID "base_link" passed to canTransform argument source_frame - frame does not exist
[controller_server-1] [INFO] [1776693697.946683449] [local_costmap.local_costmap]: start
[controller_server-1] [INFO] [1776693698.147234545] [controller_server]: Creating bond (controller_server) to lifecycle manager.
[lifecycle_manager-8] [INFO] [1776693698.249684652] [lifecycle_manager_navigation]: Server controller_server connected with bond.
[lifecycle_manager-8] [INFO] [1776693698.249712272] [lifecycle_manager_navigation]: [34m[1mActivating smoother_server[0m[0m
[smoother_server-2] [INFO] [1776693698.249948298] [smoother_server]: Activating
[smoother_server-2] [INFO] [1776693698.249969956] [smoother_server]: Creating bond (smoother_server) to lifecycle manager.
[lifecycle_manager-8] [INFO] [1776693698.352706262] [lifecycle_manager_navigation]: Server smoother_server connected with bond.
[lifecycle_manager-8] [INFO] [1776693698.352740776] [lifecycle_manager_navigation]: [34m[1mActivating planner_server[0m[0m
[planner_server-3] [INFO] [1776693698.352958745] [planner_server]: Activating
[planner_server-3] [INFO] [1776693698.352982409] [global_costmap.global_costmap]: Activating
[planner_server-3] [INFO] [1776693698.352989013] [global_costmap.global_costmap]: Checking transform
[planner_server-3] [INFO] [1776693698.353002577] [global_costmap.global_costmap]: Timed out waiting for transform from base_link to map to become available, tf error: Lookup would require extrapolation at time 1776682298.860185, but only time 1776693697.888286 is in the buffer, when looking up transform from frame [base_link] to frame [map]
[planner_server-3] [INFO] [1776693698.853067775] [global_costmap.global_costmap]: Timed out waiting for transform from base_link to map to become available, tf error: Lookup would require extrapolation at time 1776682298.860185, but only time 1776693697.888286 is in the buffer, when looking up transform from frame [base_link] to frame [map]
[planner_server-3] [INFO] [1776693699.353063718] [global_costmap.global_costmap]: Timed out waiting for transform from base_link to map to become available, tf error: Lookup would require extrapolation at time 1776682298.860185, but only time 1776693697.888286 is in the buffer, when looking up transform from frame [base_link] to frame [map]
[planner_server-3] [INFO] [1776693699.853096671] [global_costmap.global_costmap]: start
[planner_server-3] [INFO] [1776693700.353500570] [global_costmap.global_costmap]: StaticLayer: Resizing costmap to 0 X 0 at 0.050000 m/pix
[planner_server-3] [WARN] [1776693700.353738029] [global_costmap.global_costmap]: Sensor origin at (4.98, 5.00) is out of map bounds (5.00, 5.00) to (214748372.98, 214748372.98). The costmap cannot raytrace for it.
[planner_server-3] [INFO] [1776693700.403732097] [planner_server]: Activating plugin GridBased of type NavfnPlanner
[planner_server-3] [INFO] [1776693700.404404956] [planner_server]: Creating bond (planner_server) to lifecycle manager.
[lifecycle_manager-8] [INFO] [1776693700.506570912] [lifecycle_manager_navigation]: Server planner_server connected with bond.
[lifecycle_manager-8] [INFO] [1776693700.506606509] [lifecycle_manager_navigation]: [34m[1mActivating behavior_server[0m[0m
[behavior_server-4] [INFO] [1776693700.506899733] [behavior_server]: Activating
[behavior_server-4] [INFO] [1776693700.506919631] [behavior_server]: Activating spin
[behavior_server-4] [INFO] [1776693700.506924085] [behavior_server]: Activating backup
[behavior_server-4] [INFO] [1776693700.506927372] [behavior_server]: Activating drive_on_heading
[behavior_server-4] [INFO] [1776693700.506930197] [behavior_server]: Activating wait
[behavior_server-4] [INFO] [1776693700.506933688] [behavior_server]: Creating bond (behavior_server) to lifecycle manager.
[lifecycle_manager-8] [INFO] [1776693700.610228176] [lifecycle_manager_navigation]: Server behavior_server connected with bond.
[lifecycle_manager-8] [INFO] [1776693700.610299883] [lifecycle_manager_navigation]: [34m[1mActivating bt_navigator[0m[0m
[bt_navigator-5] [INFO] [1776693700.610515943] [bt_navigator]: Activating
[bt_navigator-5] [INFO] [1776693700.631193590] [bt_navigator]: Creating bond (bt_navigator) to lifecycle manager.
[lifecycle_manager-8] [INFO] [1776693700.733072588] [lifecycle_manager_navigation]: Server bt_navigator connected with bond.
[lifecycle_manager-8] [INFO] [1776693700.733102969] [lifecycle_manager_navigation]: [34m[1mActivating waypoint_follower[0m[0m
[waypoint_follower-6] [INFO] [1776693700.733377218] [waypoint_follower]: Activating
[waypoint_follower-6] [INFO] [1776693700.733397811] [waypoint_follower]: Creating bond (waypoint_follower) to lifecycle manager.
[lifecycle_manager-8] [INFO] [1776693700.835525936] [lifecycle_manager_navigation]: Server waypoint_follower connected with bond.
[lifecycle_manager-8] [INFO] [1776693700.835565307] [lifecycle_manager_navigation]: [34m[1mActivating velocity_smoother[0m[0m
[velocity_smoother-7] [INFO] [1776693700.835820625] [velocity_smoother]: Activating
[velocity_smoother-7] [INFO] [1776693700.835847373] [velocity_smoother]: Creating bond (velocity_smoother) to lifecycle manager.
[planner_server-3] [WARN] [1776693700.853467375] [nav2_costmap_2d]: Robot is out of bounds of the costmap!
[planner_server-3] [WARN] [1776693700.853506236] [global_costmap.global_costmap]: Sensor origin at (4.98, 5.00) is out of map bounds (5.00, 5.00) to (214748372.98, 214748372.98). The costmap cannot raytrace for it.
[lifecycle_manager-8] [INFO] [1776693700.938690478] [lifecycle_manager_navigation]: Server velocity_smoother connected with bond.
[lifecycle_manager-8] [INFO] [1776693700.938732677] [lifecycle_manager_navigation]: [34m[1mManaged nodes are active[0m[0m
[lifecycle_manager-8] [INFO] [1776693700.938737935] [lifecycle_manager_navigation]: [34m[1mCreating bond timer...[0m[0m
[planner_server-3] [WARN] [1776693701.353470673] [nav2_costmap_2d]: Robot is out of bounds of the costmap!
[planner_server-3] [WARN] [1776693701.353532035] [global_costmap.global_costmap]: Sensor origin at (4.99, 5.00) is out of map bounds (5.00, 5.00) to (214748372.98, 214748372.98). The costmap cannot raytrace for it.
[planner_server-3] [WARN] [1776693701.853466115] [nav2_costmap_2d]: Robot is out of bounds of the costmap!
[planner_server-3] [WARN] [1776693701.853489615] [global_costmap.global_costmap]: Sensor origin at (4.98, 5.00) is out of map bounds (5.00, 5.00) to (214748372.98, 214748372.98). The costmap cannot raytrace for it.
[planner_server-3] [WARN] [1776693702.353466526] [nav2_costmap_2d]: Robot is out of bounds of the costmap!
[planner_server-3] [INFO] [1776693702.353484832] [global_costmap.global_costmap]: StaticLayer: Resizing costmap to 149 X 283 at 0.050000 m/pix
[planner_server-3] [INFO] [1776693702.853469042] [global_costmap.global_costmap]: StaticLayer: Resizing costmap to 149 X 306 at 0.050000 m/pix
[planner_server-3] [INFO] [1776693703.353487891] [global_costmap.global_costmap]: StaticLayer: Resizing costmap to 181 X 313 at 0.050000 m/pix
[planner_server-3] [INFO] [1776693704.353466166] [global_costmap.global_costmap]: StaticLayer: Resizing costmap to 191 X 314 at 0.050000 m/pix
[planner_server-3] [INFO] [1776693704.853485064] [global_costmap.global_costmap]: StaticLayer: Resizing costmap to 224 X 314 at 0.050000 m/pix
[planner_server-3] [INFO] [1776693705.353472695] [global_costmap.global_costmap]: StaticLayer: Resizing costmap to 226 X 314 at 0.050000 m/pix
[planner_server-3] [INFO] [1776693705.853467306] [global_costmap.global_costmap]: StaticLayer: Resizing costmap to 226 X 316 at 0.050000 m/pix
[planner_server-3] [INFO] [1776693707.353470307] [global_costmap.global_costmap]: StaticLayer: Resizing costmap to 226 X 319 at 0.050000 m/pix
[planner_server-3] [INFO] [1776693709.853464430] [global_costmap.global_costmap]: StaticLayer: Resizing costmap to 232 X 333 at 0.050000 m/pix
[planner_server-3] [INFO] [1776693710.853471604] [global_costmap.global_costmap]: StaticLayer: Resizing costmap to 233 X 333 at 0.050000 m/pix
[planner_server-3] [INFO] [1776693712.353479132] [global_costmap.global_costmap]: StaticLayer: Resizing costmap to 271 X 333 at 0.050000 m/pix
[planner_server-3] [INFO] [1776693763.353474772] [global_costmap.global_costmap]: StaticLayer: Resizing costmap to 271 X 357 at 0.050000 m/pix
[planner_server-3] [INFO] [1776693763.853464555] [global_costmap.global_costmap]: StaticLayer: Resizing costmap to 271 X 361 at 0.050000 m/pix
[planner_server-3] [INFO] [1776693766.853469011] [global_costmap.global_costmap]: StaticLayer: Resizing costmap to 272 X 361 at 0.050000 m/pix
[planner_server-3] [INFO] [1776693767.353469272] [global_costmap.global_costmap]: StaticLayer: Resizing costmap to 283 X 361 at 0.050000 m/pix
[planner_server-3] [INFO] [1776693767.853478772] [global_costmap.global_costmap]: StaticLayer: Resizing costmap to 290 X 361 at 0.050000 m/pix
[planner_server-3] [INFO] [1776693768.353478167] [global_costmap.global_costmap]: StaticLayer: Resizing costmap to 297 X 361 at 0.050000 m/pix
[planner_server-3] [INFO] [1776693768.853471870] [global_costmap.global_costmap]: StaticLayer: Resizing costmap to 300 X 361 at 0.050000 m/pix
[planner_server-3] [INFO] [1776693773.853464740] [global_costmap.global_costmap]: StaticLayer: Resizing costmap to 300 X 385 at 0.050000 m/pix
[planner_server-3] [INFO] [1776693777.353463979] [global_costmap.global_costmap]: StaticLayer: Resizing costmap to 300 X 390 at 0.050000 m/pix
[planner_server-3] [INFO] [1776693777.853469128] [global_costmap.global_costmap]: StaticLayer: Resizing costmap to 311 X 393 at 0.050000 m/pix
[planner_server-3] [INFO] [1776693779.353465974] [global_costmap.global_costmap]: StaticLayer: Resizing costmap to 311 X 393 at 0.050000 m/pix
[planner_server-3] [INFO] [1776693779.853463933] [global_costmap.global_costmap]: StaticLayer: Resizing costmap to 316 X 393 at 0.050000 m/pix
[planner_server-3] [INFO] [1776693781.353464924] [global_costmap.global_costmap]: StaticLayer: Resizing costmap to 326 X 393 at 0.050000 m/pix
[planner_server-3] [INFO] [1776693781.853472324] [global_costmap.global_costmap]: StaticLayer: Resizing costmap to 328 X 393 at 0.050000 m/pix
[planner_server-3] [INFO] [1776693782.353468356] [global_costmap.global_costmap]: StaticLayer: Resizing costmap to 333 X 393 at 0.050000 m/pix
[planner_server-3] [INFO] [1776693782.853473054] [global_costmap.global_costmap]: StaticLayer: Resizing costmap to 343 X 393 at 0.050000 m/pix
[planner_server-3] [INFO] [1776693783.353467067] [global_costmap.global_costmap]: StaticLayer: Resizing costmap to 347 X 393 at 0.050000 m/pix
[planner_server-3] [INFO] [1776693783.853466152] [global_costmap.global_costmap]: StaticLayer: Resizing costmap to 352 X 393 at 0.050000 m/pix
[planner_server-3] [INFO] [1776693784.353463619] [global_costmap.global_costmap]: StaticLayer: Resizing costmap to 354 X 393 at 0.050000 m/pix
[planner_server-3] [INFO] [1776693784.853466404] [global_costmap.global_costmap]: StaticLayer: Resizing costmap to 362 X 393 at 0.050000 m/pix
[planner_server-3] [INFO] [1776693785.353471320] [global_costmap.global_costmap]: StaticLayer: Resizing costmap to 367 X 393 at 0.050000 m/pix
[planner_server-3] [INFO] [1776693785.853476009] [global_costmap.global_costmap]: StaticLayer: Resizing costmap to 370 X 393 at 0.050000 m/pix
[planner_server-3] [INFO] [1776693787.353465568] [global_costmap.global_costmap]: StaticLayer: Resizing costmap to 374 X 402 at 0.050000 m/pix
[planner_server-3] [INFO] [1776693789.853472553] [global_costmap.global_costmap]: StaticLayer: Resizing costmap to 375 X 402 at 0.050000 m/pix
[planner_server-3] [INFO] [1776693790.353465263] [global_costmap.global_costmap]: StaticLayer: Resizing costmap to 380 X 402 at 0.050000 m/pix
[planner_server-3] [INFO] [1776693790.853486856] [global_costmap.global_costmap]: StaticLayer: Resizing costmap to 396 X 402 at 0.050000 m/pix
[planner_server-3] [INFO] [1776693791.353447482] [global_costmap.global_costmap]: StaticLayer: Resizing costmap to 404 X 402 at 0.050000 m/pix
[planner_server-3] [INFO] [1776693791.853467968] [global_costmap.global_costmap]: StaticLayer: Resizing costmap to 416 X 402 at 0.050000 m/pix
[planner_server-3] [INFO] [1776693792.353461542] [global_costmap.global_costmap]: StaticLayer: Resizing costmap to 423 X 402 at 0.050000 m/pix
[planner_server-3] [INFO] [1776693792.853470860] [global_costmap.global_costmap]: StaticLayer: Resizing costmap to 430 X 402 at 0.050000 m/pix
[planner_server-3] [INFO] [1776693793.353470753] [global_costmap.global_costmap]: StaticLayer: Resizing costmap to 433 X 402 at 0.050000 m/pix
[planner_server-3] [INFO] [1776693798.353472621] [global_costmap.global_costmap]: StaticLayer: Resizing costmap to 436 X 402 at 0.050000 m/pix
[planner_server-3] [INFO] [1776693798.853469882] [global_costmap.global_costmap]: StaticLayer: Resizing costmap to 438 X 402 at 0.050000 m/pix
[planner_server-3] [INFO] [1776693799.353465742] [global_costmap.global_costmap]: StaticLayer: Resizing costmap to 442 X 402 at 0.050000 m/pix
[planner_server-3] [INFO] [1776693799.853488899] [global_costmap.global_costmap]: StaticLayer: Resizing costmap to 450 X 402 at 0.050000 m/pix
[planner_server-3] [INFO] [1776693801.353466522] [global_costmap.global_costmap]: StaticLayer: Resizing costmap to 463 X 402 at 0.050000 m/pix
[planner_server-3] [INFO] [1776693802.353472275] [global_costmap.global_costmap]: StaticLayer: Resizing costmap to 463 X 438 at 0.050000 m/pix
[planner_server-3] [INFO] [1776693802.853478229] [global_costmap.global_costmap]: StaticLayer: Resizing costmap to 464 X 438 at 0.050000 m/pix
[planner_server-3] [INFO] [1776693804.353465422] [global_costmap.global_costmap]: StaticLayer: Resizing costmap to 479 X 438 at 0.050000 m/pix
[planner_server-3] [INFO] [1776693805.353467792] [global_costmap.global_costmap]: StaticLayer: Resizing costmap to 485 X 438 at 0.050000 m/pix
[planner_server-3] [INFO] [1776693805.853471891] [global_costmap.global_costmap]: StaticLayer: Resizing costmap to 493 X 438 at 0.050000 m/pix
[planner_server-3] [INFO] [1776693806.353471960] [global_costmap.global_costmap]: StaticLayer: Resizing costmap to 493 X 438 at 0.050000 m/pix
[planner_server-3] [INFO] [1776693806.853467000] [global_costmap.global_costmap]: StaticLayer: Resizing costmap to 500 X 438 at 0.050000 m/pix
[planner_server-3] [INFO] [1776693807.353478425] [global_costmap.global_costmap]: StaticLayer: Resizing costmap to 503 X 438 at 0.050000 m/pix
[planner_server-3] [INFO] [1776693807.853468586] [global_costmap.global_costmap]: StaticLayer: Resizing costmap to 510 X 438 at 0.050000 m/pix
[planner_server-3] [INFO] [1776693808.353467268] [global_costmap.global_costmap]: StaticLayer: Resizing costmap to 519 X 438 at 0.050000 m/pix
[planner_server-3] [INFO] [1776693808.853476365] [global_costmap.global_costmap]: StaticLayer: Resizing costmap to 524 X 438 at 0.050000 m/pix
[planner_server-3] [INFO] [1776693812.353468736] [global_costmap.global_costmap]: StaticLayer: Resizing costmap to 531 X 438 at 0.050000 m/pix
[planner_server-3] [INFO] [1776693839.853472839] [global_costmap.global_costmap]: StaticLayer: Resizing costmap to 537 X 438 at 0.050000 m/pix
[planner_server-3] [INFO] [1776693840.353469393] [global_costmap.global_costmap]: StaticLayer: Resizing costmap to 546 X 438 at 0.050000 m/pix
[planner_server-3] [INFO] [1776693840.853472795] [global_costmap.global_costmap]: StaticLayer: Resizing costmap to 550 X 438 at 0.050000 m/pix
[planner_server-3] [INFO] [1776693841.353465621] [global_costmap.global_costmap]: StaticLayer: Resizing costmap to 565 X 438 at 0.050000 m/pix
[planner_server-3] [INFO] [1776693841.853474951] [global_costmap.global_costmap]: StaticLayer: Resizing costmap to 567 X 438 at 0.050000 m/pix
[planner_server-3] [INFO] [1776693842.353463990] [global_costmap.global_costmap]: StaticLayer: Resizing costmap to 569 X 438 at 0.050000 m/pix
[planner_server-3] [INFO] [1776693842.853473355] [global_costmap.global_costmap]: StaticLayer: Resizing costmap to 583 X 438 at 0.050000 m/pix
[planner_server-3] [INFO] [1776693843.353470147] [global_costmap.global_costmap]: StaticLayer: Resizing costmap to 594 X 438 at 0.050000 m/pix
[planner_server-3] [INFO] [1776693843.853466051] [global_costmap.global_costmap]: StaticLayer: Resizing costmap to 595 X 438 at 0.050000 m/pix
[planner_server-3] [INFO] [1776693844.353464940] [global_costmap.global_costmap]: StaticLayer: Resizing costmap to 604 X 438 at 0.050000 m/pix
[planner_server-3] [INFO] [1776693844.853466550] [global_costmap.global_costmap]: StaticLayer: Resizing costmap to 616 X 438 at 0.050000 m/pix
[planner_server-3] [INFO] [1776693845.353465846] [global_costmap.global_costmap]: StaticLayer: Resizing costmap to 616 X 438 at 0.050000 m/pix
[planner_server-3] [INFO] [1776693847.353467096] [global_costmap.global_costmap]: StaticLayer: Resizing costmap to 616 X 497 at 0.050000 m/pix
[planner_server-3] [INFO] [1776693848.853527562] [global_costmap.global_costmap]: StaticLayer: Resizing costmap to 617 X 497 at 0.050000 m/pix
[planner_server-3] [INFO] [1776693850.353472248] [global_costmap.global_costmap]: StaticLayer: Resizing costmap to 707 X 497 at 0.050000 m/pix
[planner_server-3] [INFO] [1776693850.853467628] [global_costmap.global_costmap]: StaticLayer: Resizing costmap to 719 X 504 at 0.050000 m/pix
[planner_server-3] [INFO] [1776693851.353441852] [global_costmap.global_costmap]: StaticLayer: Resizing costmap to 734 X 523 at 0.050000 m/pix
[planner_server-3] [INFO] [1776693851.853469638] [global_costmap.global_costmap]: StaticLayer: Resizing costmap to 740 X 529 at 0.050000 m/pix
[planner_server-3] [INFO] [1776693852.353469883] [global_costmap.global_costmap]: StaticLayer: Resizing costmap to 747 X 540 at 0.050000 m/pix
[planner_server-3] [INFO] [1776693852.853475186] [global_costmap.global_costmap]: StaticLayer: Resizing costmap to 755 X 547 at 0.050000 m/pix
[planner_server-3] [INFO] [1776693853.353467938] [global_costmap.global_costmap]: StaticLayer: Resizing costmap to 757 X 549 at 0.050000 m/pix
[planner_server-3] [INFO] [1776693853.853471624] [global_costmap.global_costmap]: StaticLayer: Resizing costmap to 761 X 549 at 0.050000 m/pix
[planner_server-3] [INFO] [1776693856.353466589] [global_costmap.global_costmap]: StaticLayer: Resizing costmap to 765 X 549 at 0.050000 m/pix
[planner_server-3] [INFO] [1776693856.853487309] [global_costmap.global_costmap]: StaticLayer: Resizing costmap to 772 X 549 at 0.050000 m/pix
[planner_server-3] [INFO] [1776693857.353496527] [global_costmap.global_costmap]: StaticLayer: Resizing costmap to 774 X 549 at 0.050000 m/pix
[planner_server-3] [INFO] [1776693857.853486295] [global_costmap.global_costmap]: StaticLayer: Resizing costmap to 785 X 549 at 0.050000 m/pix
[planner_server-3] [INFO] [1776693858.353466029] [global_costmap.global_costmap]: StaticLayer: Resizing costmap to 789 X 549 at 0.050000 m/pix
[planner_server-3] [INFO] [1776693858.853473837] [global_costmap.global_costmap]: StaticLayer: Resizing costmap to 797 X 549 at 0.050000 m/pix
[planner_server-3] [INFO] [1776693859.353468273] [global_costmap.global_costmap]: StaticLayer: Resizing costmap to 800 X 549 at 0.050000 m/pix
[planner_server-3] [INFO] [1776693859.853469789] [global_costmap.global_costmap]: StaticLayer: Resizing costmap to 808 X 549 at 0.050000 m/pix
[planner_server-3] [INFO] [1776693860.353447660] [global_costmap.global_costmap]: StaticLayer: Resizing costmap to 811 X 549 at 0.050000 m/pix
[planner_server-3] [INFO] [1776693860.853464768] [global_costmap.global_costmap]: StaticLayer: Resizing costmap to 817 X 549 at 0.050000 m/pix
