[INFO] [1776406032.285976275] [pc_to_scan_node]: Turbo-Presse online! (Erzwinge perfekte Systemzeit)
[INFO] [1776406069.901658441] [pc_to_scan_node]: Turbo: 50 Scans gesendet.
[INFO] [1776406086.444298989] [pc_to_scan_node]: Turbo: 100 Scans gesendet.
[INFO] [1776406094.511669063] [pc_to_scan_node]: Turbo: 150 Scans gesendet.
[INFO] [1776406107.529888318] [pc_to_scan_node]: Turbo: 200 Scans gesendet.
[INFO] [1776406124.106336882] [pc_to_scan_node]: Turbo: 250 Scans gesendet.
[INFO] [1776406140.865960172] [pc_to_scan_node]: Turbo: 300 Scans gesendet.
[INFO] [1776406157.229595410] [pc_to_scan_node]: Turbo: 350 Scans gesendet.
[INFO] [1776406178.251588527] [pc_to_scan_node]: Turbo: 400 Scans gesendet.
[INFO] [1776406196.341192818] [pc_to_scan_node]: Turbo: 450 Scans gesendet.
[INFO] [1776406216.149521330] [pc_to_scan_node]: Turbo: 500 Scans gesendet.
[INFO] [1776406236.375730483] [pc_to_scan_node]: Turbo: 550 Scans gesendet.
[INFO] [1776406254.482400445] [pc_to_scan_node]: Turbo: 600 Scans gesendet.
[INFO] [1776406274.130489956] [pc_to_scan_node]: Turbo: 650 Scans gesendet.
[INFO] [1776406291.345042952] [pc_to_scan_node]: Turbo: 700 Scans gesendet.
[INFO] [1776406311.397907987] [pc_to_scan_node]: Turbo: 750 Scans gesendet.
[INFO] [1776406330.093438072] [pc_to_scan_node]: Turbo: 800 Scans gesendet.
[INFO] [1776406344.015644589] [pc_to_scan_node]: Turbo: 850 Scans gesendet.
[INFO] [1776406356.599308714] [pc_to_scan_node]: Turbo: 900 Scans gesendet.
[INFO] [1776406370.990230643] [pc_to_scan_node]: Turbo: 950 Scans gesendet.
[INFO] [1776406389.692733938] [pc_to_scan_node]: Turbo: 1000 Scans gesendet.
[INFO] [1776406415.312884580] [pc_to_scan_node]: Turbo: 1050 Scans gesendet.
[INFO] [1776406436.775720313] [pc_to_scan_node]: Turbo: 1100 Scans gesendet.
[INFO] [1776406456.026509126] [pc_to_scan_node]: Turbo: 1150 Scans gesendet.
[INFO] [1776406476.290991673] [pc_to_scan_node]: Turbo: 1200 Scans gesendet.
[INFO] [1776406493.037952946] [pc_to_scan_node]: Turbo: 1250 Scans gesendet.
[INFO] [1776406508.958235859] [pc_to_scan_node]: Turbo: 1300 Scans gesendet.
[INFO] [1776406526.658778864] [pc_to_scan_node]: Turbo: 1350 Scans gesendet.
[INFO] [1776406545.315791324] [pc_to_scan_node]: Turbo: 1400 Scans gesendet.
[INFO] [1776406560.877968732] [pc_to_scan_node]: Turbo: 1450 Scans gesendet.
[INFO] [1776406577.099851270] [pc_to_scan_node]: Turbo: 1500 Scans gesendet.
[INFO] [1776406599.479773335] [pc_to_scan_node]: Turbo: 1550 Scans gesendet.
[INFO] [1776406613.331232772] [pc_to_scan_node]: Turbo: 1600 Scans gesendet.
[INFO] [1776406632.981506436] [pc_to_scan_node]: Turbo: 1650 Scans gesendet.
[INFO] [1776406650.046877673] [pc_to_scan_node]: Turbo: 1700 Scans gesendet.
[INFO] [1776406670.386101494] [pc_to_scan_node]: Turbo: 1750 Scans gesendet.
[INFO] [1776406688.661678096] [pc_to_scan_node]: Turbo: 1800 Scans gesendet.
[INFO] [1776406704.336120801] [pc_to_scan_node]: Turbo: 1850 Scans gesendet.
[INFO] [1776406723.887159862] [pc_to_scan_node]: Turbo: 1900 Scans gesendet.
[INFO] [1776406745.834737065] [pc_to_scan_node]: Turbo: 1950 Scans gesendet.
[INFO] [1776406761.715101121] [pc_to_scan_node]: Turbo: 2000 Scans gesendet.
[INFO] [1776406774.202680045] [pc_to_scan_node]: Turbo: 2050 Scans gesendet.
[INFO] [1776406792.386342347] [pc_to_scan_node]: Turbo: 2100 Scans gesendet.
[INFO] [1776406809.793641541] [pc_to_scan_node]: Turbo: 2150 Scans gesendet.
[INFO] [1776406825.405056613] [pc_to_scan_node]: Turbo: 2200 Scans gesendet.
[INFO] [1776406845.355130865] [pc_to_scan_node]: Turbo: 2250 Scans gesendet.
[INFO] [1776406869.034816663] [pc_to_scan_node]: Turbo: 2300 Scans gesendet.
[INFO] [1776406890.942600009] [pc_to_scan_node]: Turbo: 2350 Scans gesendet.
[INFO] [1776406912.832734035] [pc_to_scan_node]: Turbo: 2400 Scans gesendet.
[INFO] [1776406927.185938596] [pc_to_scan_node]: Turbo: 2450 Scans gesendet.
[INFO] [1776406944.187149539] [pc_to_scan_node]: Turbo: 2500 Scans gesendet.
[INFO] [1776406958.689803299] [pc_to_scan_node]: Turbo: 2550 Scans gesendet.
[INFO] [1776406979.307649224] [pc_to_scan_node]: Turbo: 2600 Scans gesendet.
[INFO] [1776406997.540320603] [pc_to_scan_node]: Turbo: 2650 Scans gesendet.
[INFO] [1776407016.442428905] [pc_to_scan_node]: Turbo: 2700 Scans gesendet.
[INFO] [1776407034.801996995] [pc_to_scan_node]: Turbo: 2750 Scans gesendet.
[INFO] [1776407060.300085638] [pc_to_scan_node]: Turbo: 2800 Scans gesendet.
[INFO] [1776407080.827617835] [pc_to_scan_node]: Turbo: 2850 Scans gesendet.
[INFO] [1776407098.055637498] [pc_to_scan_node]: Turbo: 2900 Scans gesendet.
[INFO] [1776407117.769706816] [pc_to_scan_node]: Turbo: 2950 Scans gesendet.
[INFO] [1776407137.172751749] [pc_to_scan_node]: Turbo: 3000 Scans gesendet.
[INFO] [1776407160.193788034] [pc_to_scan_node]: Turbo: 3050 Scans gesendet.
[INFO] [1776407184.261527264] [pc_to_scan_node]: Turbo: 3100 Scans gesendet.
[INFO] [1776407203.959974361] [pc_to_scan_node]: Turbo: 3150 Scans gesendet.
[INFO] [1776407219.252302831] [pc_to_scan_node]: Turbo: 3200 Scans gesendet.
[INFO] [1776407240.034133239] [pc_to_scan_node]: Turbo: 3250 Scans gesendet.
[INFO] [1776407255.244570143] [pc_to_scan_node]: Turbo: 3300 Scans gesendet.
[INFO] [1776407275.085895140] [pc_to_scan_node]: Turbo: 3350 Scans gesendet.
[INFO] [1776407294.395042324] [pc_to_scan_node]: Turbo: 3400 Scans gesendet.
[INFO] [1776407309.914724111] [pc_to_scan_node]: Turbo: 3450 Scans gesendet.
[INFO] [1776407331.710755179] [pc_to_scan_node]: Turbo: 3500 Scans gesendet.
[INFO] [1776407347.489037523] [pc_to_scan_node]: Turbo: 3550 Scans gesendet.
[INFO] [1776407375.171694872] [pc_to_scan_node]: Turbo: 3600 Scans gesendet.
[INFO] [1776407387.616250140] [pc_to_scan_node]: Turbo: 3650 Scans gesendet.
[INFO] [1776407395.449073056] [pc_to_scan_node]: Turbo: 3700 Scans gesendet.
[INFO] [1776407404.276731171] [pc_to_scan_node]: Turbo: 3750 Scans gesendet.
[INFO] [1776407410.790305641] [pc_to_scan_node]: Turbo: 3800 Scans gesendet.
[INFO] [1776407416.177769492] [pc_to_scan_node]: Turbo: 3850 Scans gesendet.
[INFO] [1776407420.914432314] [pc_to_scan_node]: Turbo: 3900 Scans gesendet.
[INFO] [1776407430.721537776] [pc_to_scan_node]: Turbo: 3950 Scans gesendet.
[INFO] [1776407446.389208996] [pc_to_scan_node]: Turbo: 4000 Scans gesendet.
Traceback (most recent call last):
  File "/home/kilabor/isaac-go2-ros2/pc_to_scan.py", line 61, in <module>
    if __name__ == '__main__': main()
  File "/home/kilabor/isaac-go2-ros2/pc_to_scan.py", line 56, in main
    try: rclpy.spin(node)
  File "/home/kilabor/miniconda3/envs/env_isaaclab/lib/python3.10/site-packages/rclpy/__init__.py", line 222, in spin
    executor.spin_once()
  File "/home/kilabor/miniconda3/envs/env_isaaclab/lib/python3.10/site-packages/rclpy/executors.py", line 705, in spin_once
    handler, entity, node = self.wait_for_ready_callbacks(timeout_sec=timeout_sec)
  File "/home/kilabor/miniconda3/envs/env_isaaclab/lib/python3.10/site-packages/rclpy/executors.py", line 691, in wait_for_ready_callbacks
    return next(self._cb_iter)
  File "/home/kilabor/miniconda3/envs/env_isaaclab/lib/python3.10/site-packages/rclpy/executors.py", line 592, in _wait_for_ready_callbacks
    raise ExternalShutdownException()
rclpy.executors.ExternalShutdownException
