[INFO] [launch]: All log files can be found below /home/kilabor/.ros/log/2026-04-24-10-19-03-763934-kilabor-1300062-2110363-56574
[INFO] [launch]: Default logging verbosity is set to INFO
[INFO] [async_slam_toolbox_node-1]: process started with pid [56609]
[async_slam_toolbox_node-1] [INFO] [1777018743.912030925] [slam_toolbox]: Using solver plugin solver_plugins::CeresSolver
[async_slam_toolbox_node-1] [INFO] [1777018743.914692438] [slam_toolbox]: CeresSolver: Using SCHUR_JACOBI preconditioner.
[async_slam_toolbox_node-1] [INFO] [1777018775.113296176] [slam_toolbox]: Message Filter dropping message: frame 'lidar_frame' at time 1777018772.238 for reason 'the timestamp on the message is earlier than all the data in the transform cache'
[async_slam_toolbox_node-1] [INFO] [1777018775.113341030] [slam_toolbox]: Message Filter dropping message: frame 'lidar_frame' at time 1777018772.238 for reason 'the timestamp on the message is earlier than all the data in the transform cache'
[async_slam_toolbox_node-1] [INFO] [1777018775.113350599] [slam_toolbox]: Message Filter dropping message: frame 'lidar_frame' at time 1777018772.238 for reason 'the timestamp on the message is earlier than all the data in the transform cache'
[async_slam_toolbox_node-1] [INFO] [1777018775.113360374] [slam_toolbox]: Message Filter dropping message: frame 'lidar_frame' at time 1777018772.238 for reason 'the timestamp on the message is earlier than all the data in the transform cache'
[async_slam_toolbox_node-1] [INFO] [1777018775.113367523] [slam_toolbox]: Message Filter dropping message: frame 'lidar_frame' at time 1777018772.238 for reason 'the timestamp on the message is earlier than all the data in the transform cache'
[async_slam_toolbox_node-1] [INFO] [1777018775.226098577] [slam_toolbox]: Message Filter dropping message: frame 'lidar_frame' at time 1777018774.154 for reason 'the timestamp on the message is earlier than all the data in the transform cache'
[async_slam_toolbox_node-1] [INFO] [1777018775.226140422] [slam_toolbox]: Message Filter dropping message: frame 'lidar_frame' at time 1777018774.154 for reason 'the timestamp on the message is earlier than all the data in the transform cache'
[async_slam_toolbox_node-1] [INFO] [1777018775.226149273] [slam_toolbox]: Message Filter dropping message: frame 'lidar_frame' at time 1777018774.154 for reason 'the timestamp on the message is earlier than all the data in the transform cache'
[async_slam_toolbox_node-1] [INFO] [1777018775.226156808] [slam_toolbox]: Message Filter dropping message: frame 'lidar_frame' at time 1777018774.154 for reason 'the timestamp on the message is earlier than all the data in the transform cache'
[async_slam_toolbox_node-1] [INFO] [1777018775.226164334] [slam_toolbox]: Message Filter dropping message: frame 'lidar_frame' at time 1777018774.154 for reason 'the timestamp on the message is earlier than all the data in the transform cache'
[async_slam_toolbox_node-1] [INFO] [1777018775.262726025] [slam_toolbox]: Message Filter dropping message: frame 'lidar_frame' at time 1777018774.375 for reason 'the timestamp on the message is earlier than all the data in the transform cache'
[async_slam_toolbox_node-1] [INFO] [1777018775.262755805] [slam_toolbox]: Message Filter dropping message: frame 'lidar_frame' at time 1777018774.375 for reason 'the timestamp on the message is earlier than all the data in the transform cache'
[async_slam_toolbox_node-1] [INFO] [1777018775.262762086] [slam_toolbox]: Message Filter dropping message: frame 'lidar_frame' at time 1777018774.375 for reason 'the timestamp on the message is earlier than all the data in the transform cache'
[async_slam_toolbox_node-1] [INFO] [1777018775.262767395] [slam_toolbox]: Message Filter dropping message: frame 'lidar_frame' at time 1777018774.375 for reason 'the timestamp on the message is earlier than all the data in the transform cache'
[async_slam_toolbox_node-1] [INFO] [1777018775.262772425] [slam_toolbox]: Message Filter dropping message: frame 'lidar_frame' at time 1777018774.375 for reason 'the timestamp on the message is earlier than all the data in the transform cache'
[async_slam_toolbox_node-1] [INFO] [1777018775.299715861] [slam_toolbox]: Message Filter dropping message: frame 'lidar_frame' at time 1777018774.450 for reason 'the timestamp on the message is earlier than all the data in the transform cache'
[async_slam_toolbox_node-1] [INFO] [1777018775.299754407] [slam_toolbox]: Message Filter dropping message: frame 'lidar_frame' at time 1777018774.450 for reason 'the timestamp on the message is earlier than all the data in the transform cache'
[async_slam_toolbox_node-1] [INFO] [1777018775.299763603] [slam_toolbox]: Message Filter dropping message: frame 'lidar_frame' at time 1777018774.450 for reason 'the timestamp on the message is earlier than all the data in the transform cache'
[async_slam_toolbox_node-1] [INFO] [1777018775.299771374] [slam_toolbox]: Message Filter dropping message: frame 'lidar_frame' at time 1777018774.450 for reason 'the timestamp on the message is earlier than all the data in the transform cache'
[async_slam_toolbox_node-1] [INFO] [1777018775.299796615] [slam_toolbox]: Message Filter dropping message: frame 'lidar_frame' at time 1777018774.450 for reason 'the timestamp on the message is earlier than all the data in the transform cache'
[async_slam_toolbox_node-1] [INFO] [1777018775.515110566] [slam_toolbox]: Message Filter dropping message: frame 'lidar_frame' at time 1777018774.733 for reason 'the timestamp on the message is earlier than all the data in the transform cache'
[async_slam_toolbox_node-1] [INFO] [1777018775.515146149] [slam_toolbox]: Message Filter dropping message: frame 'lidar_frame' at time 1777018774.733 for reason 'the timestamp on the message is earlier than all the data in the transform cache'
[async_slam_toolbox_node-1] [INFO] [1777018775.515155494] [slam_toolbox]: Message Filter dropping message: frame 'lidar_frame' at time 1777018774.733 for reason 'the timestamp on the message is earlier than all the data in the transform cache'
[async_slam_toolbox_node-1] [INFO] [1777018775.515163039] [slam_toolbox]: Message Filter dropping message: frame 'lidar_frame' at time 1777018774.733 for reason 'the timestamp on the message is earlier than all the data in the transform cache'
[async_slam_toolbox_node-1] [INFO] [1777018775.515170882] [slam_toolbox]: Message Filter dropping message: frame 'lidar_frame' at time 1777018774.733 for reason 'the timestamp on the message is earlier than all the data in the transform cache'
[async_slam_toolbox_node-1] [INFO] [1777018775.586697213] [slam_toolbox]: Message Filter dropping message: frame 'lidar_frame' at time 1777018774.811 for reason 'the timestamp on the message is earlier than all the data in the transform cache'
[async_slam_toolbox_node-1] [INFO] [1777018775.586729338] [slam_toolbox]: Message Filter dropping message: frame 'lidar_frame' at time 1777018774.811 for reason 'the timestamp on the message is earlier than all the data in the transform cache'
[async_slam_toolbox_node-1] [INFO] [1777018775.586737651] [slam_toolbox]: Message Filter dropping message: frame 'lidar_frame' at time 1777018774.811 for reason 'the timestamp on the message is earlier than all the data in the transform cache'
[async_slam_toolbox_node-1] [INFO] [1777018775.586746134] [slam_toolbox]: Message Filter dropping message: frame 'lidar_frame' at time 1777018774.811 for reason 'the timestamp on the message is earlier than all the data in the transform cache'
[async_slam_toolbox_node-1] [INFO] [1777018775.586753302] [slam_toolbox]: Message Filter dropping message: frame 'lidar_frame' at time 1777018774.811 for reason 'the timestamp on the message is earlier than all the data in the transform cache'
[async_slam_toolbox_node-1] [INFO] [1777018775.730920249] [slam_toolbox]: Message Filter dropping message: frame 'lidar_frame' at time 1777018774.961 for reason 'the timestamp on the message is earlier than all the data in the transform cache'
[async_slam_toolbox_node-1] [INFO] [1777018775.730953540] [slam_toolbox]: Message Filter dropping message: frame 'lidar_frame' at time 1777018774.961 for reason 'the timestamp on the message is earlier than all the data in the transform cache'
[async_slam_toolbox_node-1] [INFO] [1777018775.730959858] [slam_toolbox]: Message Filter dropping message: frame 'lidar_frame' at time 1777018774.961 for reason 'the timestamp on the message is earlier than all the data in the transform cache'
[async_slam_toolbox_node-1] [INFO] [1777018775.730964587] [slam_toolbox]: Message Filter dropping message: frame 'lidar_frame' at time 1777018774.961 for reason 'the timestamp on the message is earlier than all the data in the transform cache'
[async_slam_toolbox_node-1] [INFO] [1777018775.730971021] [slam_toolbox]: Message Filter dropping message: frame 'lidar_frame' at time 1777018774.961 for reason 'the timestamp on the message is earlier than all the data in the transform cache'
[async_slam_toolbox_node-1] [INFO] [1777018775.802830030] [slam_toolbox]: Message Filter dropping message: frame 'lidar_frame' at time 1777018775.057 for reason 'the timestamp on the message is earlier than all the data in the transform cache'
[async_slam_toolbox_node-1] [INFO] [1777018775.802866899] [slam_toolbox]: Message Filter dropping message: frame 'lidar_frame' at time 1777018775.057 for reason 'the timestamp on the message is earlier than all the data in the transform cache'
[async_slam_toolbox_node-1] [INFO] [1777018775.802875829] [slam_toolbox]: Message Filter dropping message: frame 'lidar_frame' at time 1777018775.057 for reason 'the timestamp on the message is earlier than all the data in the transform cache'
[async_slam_toolbox_node-1] [INFO] [1777018775.802900616] [slam_toolbox]: Message Filter dropping message: frame 'lidar_frame' at time 1777018775.057 for reason 'the timestamp on the message is earlier than all the data in the transform cache'
[async_slam_toolbox_node-1] [INFO] [1777018775.802974762] [slam_toolbox]: Message Filter dropping message: frame 'lidar_frame' at time 1777018775.057 for reason 'the timestamp on the message is earlier than all the data in the transform cache'
[async_slam_toolbox_node-1] [INFO] [1777018775.876791691] [slam_toolbox]: Message Filter dropping message: frame 'lidar_frame' at time 1777018775.133 for reason 'the timestamp on the message is earlier than all the data in the transform cache'
[async_slam_toolbox_node-1] [INFO] [1777018775.876825504] [slam_toolbox]: Message Filter dropping message: frame 'lidar_frame' at time 1777018775.133 for reason 'the timestamp on the message is earlier than all the data in the transform cache'
[async_slam_toolbox_node-1] [INFO] [1777018775.876834974] [slam_toolbox]: Message Filter dropping message: frame 'lidar_frame' at time 1777018775.133 for reason 'the timestamp on the message is earlier than all the data in the transform cache'
[async_slam_toolbox_node-1] [INFO] [1777018775.876828660] [slam_toolbox]: Message Filter dropping message: frame 'lidar_frame' at time 1777018775.133 for reason 'the timestamp on the message is earlier than all the data in the transform cache'
[async_slam_toolbox_node-1] [INFO] [1777018775.876849377] [slam_toolbox]: Message Filter dropping message: frame 'lidar_frame' at time 1777018775.133 for reason 'the timestamp on the message is earlier than all the data in the transform cache'
[async_slam_toolbox_node-1] [INFO] [1777018775.948889577] [slam_toolbox]: Message Filter dropping message: frame 'lidar_frame' at time 1777018775.209 for reason 'the timestamp on the message is earlier than all the data in the transform cache'
[async_slam_toolbox_node-1] [INFO] [1777018775.948921057] [slam_toolbox]: Message Filter dropping message: frame 'lidar_frame' at time 1777018775.209 for reason 'the timestamp on the message is earlier than all the data in the transform cache'
[async_slam_toolbox_node-1] [INFO] [1777018775.948929870] [slam_toolbox]: Message Filter dropping message: frame 'lidar_frame' at time 1777018775.209 for reason 'the timestamp on the message is earlier than all the data in the transform cache'
[async_slam_toolbox_node-1] [INFO] [1777018775.948937534] [slam_toolbox]: Message Filter dropping message: frame 'lidar_frame' at time 1777018775.209 for reason 'the timestamp on the message is earlier than all the data in the transform cache'
[async_slam_toolbox_node-1] [INFO] [1777018775.948945026] [slam_toolbox]: Message Filter dropping message: frame 'lidar_frame' at time 1777018775.209 for reason 'the timestamp on the message is earlier than all the data in the transform cache'
[async_slam_toolbox_node-1] [INFO] [1777018776.020384384] [slam_toolbox]: Message Filter dropping message: frame 'lidar_frame' at time 1777018775.282 for reason 'the timestamp on the message is earlier than all the data in the transform cache'
[async_slam_toolbox_node-1] [INFO] [1777018776.020420478] [slam_toolbox]: Message Filter dropping message: frame 'lidar_frame' at time 1777018775.282 for reason 'the timestamp on the message is earlier than all the data in the transform cache'
[async_slam_toolbox_node-1] [INFO] [1777018776.020433406] [slam_toolbox]: Message Filter dropping message: frame 'lidar_frame' at time 1777018775.282 for reason 'the timestamp on the message is earlier than all the data in the transform cache'
[async_slam_toolbox_node-1] [INFO] [1777018776.020442356] [slam_toolbox]: Message Filter dropping message: frame 'lidar_frame' at time 1777018775.282 for reason 'the timestamp on the message is earlier than all the data in the transform cache'
[async_slam_toolbox_node-1] [INFO] [1777018776.020450385] [slam_toolbox]: Message Filter dropping message: frame 'lidar_frame' at time 1777018775.282 for reason 'the timestamp on the message is earlier than all the data in the transform cache'
[async_slam_toolbox_node-1] [INFO] [1777018776.092194294] [slam_toolbox]: Message Filter dropping message: frame 'lidar_frame' at time 1777018775.357 for reason 'the timestamp on the message is earlier than all the data in the transform cache'
[async_slam_toolbox_node-1] [INFO] [1777018776.092235484] [slam_toolbox]: Message Filter dropping message: frame 'lidar_frame' at time 1777018775.357 for reason 'the timestamp on the message is earlier than all the data in the transform cache'
[async_slam_toolbox_node-1] [INFO] [1777018776.092259275] [slam_toolbox]: Message Filter dropping message: frame 'lidar_frame' at time 1777018775.357 for reason 'the timestamp on the message is earlier than all the data in the transform cache'
[async_slam_toolbox_node-1] [INFO] [1777018776.092268456] [slam_toolbox]: Message Filter dropping message: frame 'lidar_frame' at time 1777018775.357 for reason 'the timestamp on the message is earlier than all the data in the transform cache'
[async_slam_toolbox_node-1] [INFO] [1777018776.092276382] [slam_toolbox]: Message Filter dropping message: frame 'lidar_frame' at time 1777018775.357 for reason 'the timestamp on the message is earlier than all the data in the transform cache'
[async_slam_toolbox_node-1] [INFO] [1777018776.165865795] [slam_toolbox]: Message Filter dropping message: frame 'lidar_frame' at time 1777018775.427 for reason 'the timestamp on the message is earlier than all the data in the transform cache'
[async_slam_toolbox_node-1] [INFO] [1777018776.165903454] [slam_toolbox]: Message Filter dropping message: frame 'lidar_frame' at time 1777018775.427 for reason 'the timestamp on the message is earlier than all the data in the transform cache'
[async_slam_toolbox_node-1] [INFO] [1777018776.165913357] [slam_toolbox]: Message Filter dropping message: frame 'lidar_frame' at time 1777018775.427 for reason 'the timestamp on the message is earlier than all the data in the transform cache'
[async_slam_toolbox_node-1] [INFO] [1777018776.165922233] [slam_toolbox]: Message Filter dropping message: frame 'lidar_frame' at time 1777018775.427 for reason 'the timestamp on the message is earlier than all the data in the transform cache'
[async_slam_toolbox_node-1] [INFO] [1777018776.165929745] [slam_toolbox]: Message Filter dropping message: frame 'lidar_frame' at time 1777018775.427 for reason 'the timestamp on the message is earlier than all the data in the transform cache'
[async_slam_toolbox_node-1] [INFO] [1777018776.238779004] [slam_toolbox]: Message Filter dropping message: frame 'lidar_frame' at time 1777018775.498 for reason 'the timestamp on the message is earlier than all the data in the transform cache'
[async_slam_toolbox_node-1] [INFO] [1777018776.238811272] [slam_toolbox]: Message Filter dropping message: frame 'lidar_frame' at time 1777018775.498 for reason 'the timestamp on the message is earlier than all the data in the transform cache'
[async_slam_toolbox_node-1] [INFO] [1777018776.238817870] [slam_toolbox]: Message Filter dropping message: frame 'lidar_frame' at time 1777018775.498 for reason 'the timestamp on the message is earlier than all the data in the transform cache'
[async_slam_toolbox_node-1] [INFO] [1777018776.238823201] [slam_toolbox]: Message Filter dropping message: frame 'lidar_frame' at time 1777018775.498 for reason 'the timestamp on the message is earlier than all the data in the transform cache'
[async_slam_toolbox_node-1] [INFO] [1777018776.238828426] [slam_toolbox]: Message Filter dropping message: frame 'lidar_frame' at time 1777018775.498 for reason 'the timestamp on the message is earlier than all the data in the transform cache'
[async_slam_toolbox_node-1] [INFO] [1777018776.379922150] [slam_toolbox]: Message Filter dropping message: frame 'lidar_frame' at time 1777018775.643 for reason 'the timestamp on the message is earlier than all the data in the transform cache'
[async_slam_toolbox_node-1] [INFO] [1777018776.379956899] [slam_toolbox]: Message Filter dropping message: frame 'lidar_frame' at time 1777018775.643 for reason 'the timestamp on the message is earlier than all the data in the transform cache'
[async_slam_toolbox_node-1] [INFO] [1777018776.379966666] [slam_toolbox]: Message Filter dropping message: frame 'lidar_frame' at time 1777018775.643 for reason 'the timestamp on the message is earlier than all the data in the transform cache'
[async_slam_toolbox_node-1] [INFO] [1777018776.379974561] [slam_toolbox]: Message Filter dropping message: frame 'lidar_frame' at time 1777018775.643 for reason 'the timestamp on the message is earlier than all the data in the transform cache'
[async_slam_toolbox_node-1] [INFO] [1777018776.379982929] [slam_toolbox]: Message Filter dropping message: frame 'lidar_frame' at time 1777018775.643 for reason 'the timestamp on the message is earlier than all the data in the transform cache'
[async_slam_toolbox_node-1] [INFO] [1777018776.451524807] [slam_toolbox]: Message Filter dropping message: frame 'lidar_frame' at time 1777018775.715 for reason 'the timestamp on the message is earlier than all the data in the transform cache'
[async_slam_toolbox_node-1] [INFO] [1777018776.451561299] [slam_toolbox]: Message Filter dropping message: frame 'lidar_frame' at time 1777018775.715 for reason 'the timestamp on the message is earlier than all the data in the transform cache'
[async_slam_toolbox_node-1] [INFO] [1777018776.451570238] [slam_toolbox]: Message Filter dropping message: frame 'lidar_frame' at time 1777018775.715 for reason 'the timestamp on the message is earlier than all the data in the transform cache'
[async_slam_toolbox_node-1] [INFO] [1777018776.451577644] [slam_toolbox]: Message Filter dropping message: frame 'lidar_frame' at time 1777018775.715 for reason 'the timestamp on the message is earlier than all the data in the transform cache'
[async_slam_toolbox_node-1] [INFO] [1777018776.451584808] [slam_toolbox]: Message Filter dropping message: frame 'lidar_frame' at time 1777018775.715 for reason 'the timestamp on the message is earlier than all the data in the transform cache'
[async_slam_toolbox_node-1] [INFO] [1777018776.522216683] [slam_toolbox]: Message Filter dropping message: frame 'lidar_frame' at time 1777018775.786 for reason 'the timestamp on the message is earlier than all the data in the transform cache'
[async_slam_toolbox_node-1] [INFO] [1777018776.522253947] [slam_toolbox]: Message Filter dropping message: frame 'lidar_frame' at time 1777018775.786 for reason 'the timestamp on the message is earlier than all the data in the transform cache'
[async_slam_toolbox_node-1] [INFO] [1777018776.522263396] [slam_toolbox]: Message Filter dropping message: frame 'lidar_frame' at time 1777018775.786 for reason 'the timestamp on the message is earlier than all the data in the transform cache'
[async_slam_toolbox_node-1] [INFO] [1777018776.522271640] [slam_toolbox]: Message Filter dropping message: frame 'lidar_frame' at time 1777018775.786 for reason 'the timestamp on the message is earlier than all the data in the transform cache'
[async_slam_toolbox_node-1] [INFO] [1777018776.522278792] [slam_toolbox]: Message Filter dropping message: frame 'lidar_frame' at time 1777018775.786 for reason 'the timestamp on the message is earlier than all the data in the transform cache'
[async_slam_toolbox_node-1] [INFO] [1777018776.593712247] [slam_toolbox]: Message Filter dropping message: frame 'lidar_frame' at time 1777018775.860 for reason 'the timestamp on the message is earlier than all the data in the transform cache'
[async_slam_toolbox_node-1] [INFO] [1777018776.593745118] [slam_toolbox]: Message Filter dropping message: frame 'lidar_frame' at time 1777018775.860 for reason 'the timestamp on the message is earlier than all the data in the transform cache'
[async_slam_toolbox_node-1] [INFO] [1777018776.593753495] [slam_toolbox]: Message Filter dropping message: frame 'lidar_frame' at time 1777018775.860 for reason 'the timestamp on the message is earlier than all the data in the transform cache'
[async_slam_toolbox_node-1] [INFO] [1777018776.593761028] [slam_toolbox]: Message Filter dropping message: frame 'lidar_frame' at time 1777018775.860 for reason 'the timestamp on the message is earlier than all the data in the transform cache'
[async_slam_toolbox_node-1] [INFO] [1777018776.593768506] [slam_toolbox]: Message Filter dropping message: frame 'lidar_frame' at time 1777018775.860 for reason 'the timestamp on the message is earlier than all the data in the transform cache'
[async_slam_toolbox_node-1] [INFO] [1777018776.669006640] [slam_toolbox]: Message Filter dropping message: frame 'lidar_frame' at time 1777018775.932 for reason 'the timestamp on the message is earlier than all the data in the transform cache'
[async_slam_toolbox_node-1] [INFO] [1777018776.669041208] [slam_toolbox]: Message Filter dropping message: frame 'lidar_frame' at time 1777018775.932 for reason 'the timestamp on the message is earlier than all the data in the transform cache'
[async_slam_toolbox_node-1] [INFO] [1777018776.669050389] [slam_toolbox]: Message Filter dropping message: frame 'lidar_frame' at time 1777018775.932 for reason 'the timestamp on the message is earlier than all the data in the transform cache'
[async_slam_toolbox_node-1] [INFO] [1777018776.669058057] [slam_toolbox]: Message Filter dropping message: frame 'lidar_frame' at time 1777018775.932 for reason 'the timestamp on the message is earlier than all the data in the transform cache'
[async_slam_toolbox_node-1] [INFO] [1777018776.669075372] [slam_toolbox]: Message Filter dropping message: frame 'lidar_frame' at time 1777018775.932 for reason 'the timestamp on the message is earlier than all the data in the transform cache'
[async_slam_toolbox_node-1] [INFO] [1777018776.740098143] [slam_toolbox]: Message Filter dropping message: frame 'lidar_frame' at time 1777018776.004 for reason 'the timestamp on the message is earlier than all the data in the transform cache'
[async_slam_toolbox_node-1] [INFO] [1777018776.740126266] [slam_toolbox]: Message Filter dropping message: frame 'lidar_frame' at time 1777018776.004 for reason 'the timestamp on the message is earlier than all the data in the transform cache'
[async_slam_toolbox_node-1] [INFO] [1777018776.740135444] [slam_toolbox]: Message Filter dropping message: frame 'lidar_frame' at time 1777018776.004 for reason 'the timestamp on the message is earlier than all the data in the transform cache'
[async_slam_toolbox_node-1] [INFO] [1777018776.740137830] [slam_toolbox]: Message Filter dropping message: frame 'lidar_frame' at time 1777018776.004 for reason 'the timestamp on the message is earlier than all the data in the transform cache'
[async_slam_toolbox_node-1] [INFO] [1777018776.740146188] [slam_toolbox]: Message Filter dropping message: frame 'lidar_frame' at time 1777018776.004 for reason 'the timestamp on the message is earlier than all the data in the transform cache'
[async_slam_toolbox_node-1] [INFO] [1777018776.812795607] [slam_toolbox]: Message Filter dropping message: frame 'lidar_frame' at time 1777018776.075 for reason 'the timestamp on the message is earlier than all the data in the transform cache'
[async_slam_toolbox_node-1] [INFO] [1777018776.812835353] [slam_toolbox]: Message Filter dropping message: frame 'lidar_frame' at time 1777018776.075 for reason 'the timestamp on the message is earlier than all the data in the transform cache'
[async_slam_toolbox_node-1] [INFO] [1777018776.812851072] [slam_toolbox]: Message Filter dropping message: frame 'lidar_frame' at time 1777018776.075 for reason 'the timestamp on the message is earlier than all the data in the transform cache'
[async_slam_toolbox_node-1] [INFO] [1777018776.812860173] [slam_toolbox]: Message Filter dropping message: frame 'lidar_frame' at time 1777018776.075 for reason 'the timestamp on the message is earlier than all the data in the transform cache'
[async_slam_toolbox_node-1] [INFO] [1777018776.812868105] [slam_toolbox]: Message Filter dropping message: frame 'lidar_frame' at time 1777018776.075 for reason 'the timestamp on the message is earlier than all the data in the transform cache'
[async_slam_toolbox_node-1] [INFO] [1777018776.957209083] [slam_toolbox]: Message Filter dropping message: frame 'lidar_frame' at time 1777018776.222 for reason 'the timestamp on the message is earlier than all the data in the transform cache'
[async_slam_toolbox_node-1] [INFO] [1777018776.957246729] [slam_toolbox]: Message Filter dropping message: frame 'lidar_frame' at time 1777018776.222 for reason 'the timestamp on the message is earlier than all the data in the transform cache'
[async_slam_toolbox_node-1] [INFO] [1777018776.957256471] [slam_toolbox]: Message Filter dropping message: frame 'lidar_frame' at time 1777018776.222 for reason 'the timestamp on the message is earlier than all the data in the transform cache'
[async_slam_toolbox_node-1] [INFO] [1777018776.957265639] [slam_toolbox]: Message Filter dropping message: frame 'lidar_frame' at time 1777018776.222 for reason 'the timestamp on the message is earlier than all the data in the transform cache'
[async_slam_toolbox_node-1] [INFO] [1777018776.957274149] [slam_toolbox]: Message Filter dropping message: frame 'lidar_frame' at time 1777018776.222 for reason 'the timestamp on the message is earlier than all the data in the transform cache'
[async_slam_toolbox_node-1] [INFO] [1777018777.102691085] [slam_toolbox]: Message Filter dropping message: frame 'lidar_frame' at time 1777018776.364 for reason 'the timestamp on the message is earlier than all the data in the transform cache'
[async_slam_toolbox_node-1] [INFO] [1777018777.102724000] [slam_toolbox]: Message Filter dropping message: frame 'lidar_frame' at time 1777018776.364 for reason 'the timestamp on the message is earlier than all the data in the transform cache'
[async_slam_toolbox_node-1] [INFO] [1777018777.102730600] [slam_toolbox]: Message Filter dropping message: frame 'lidar_frame' at time 1777018776.364 for reason 'the timestamp on the message is earlier than all the data in the transform cache'
[async_slam_toolbox_node-1] [INFO] [1777018777.102744366] [slam_toolbox]: Message Filter dropping message: frame 'lidar_frame' at time 1777018776.364 for reason 'the timestamp on the message is earlier than all the data in the transform cache'
[async_slam_toolbox_node-1] [INFO] [1777018777.102750657] [slam_toolbox]: Message Filter dropping message: frame 'lidar_frame' at time 1777018776.364 for reason 'the timestamp on the message is earlier than all the data in the transform cache'
[async_slam_toolbox_node-1] [INFO] [1777018777.177349131] [slam_toolbox]: Message Filter dropping message: frame 'lidar_frame' at time 1777018776.435 for reason 'the timestamp on the message is earlier than all the data in the transform cache'
[async_slam_toolbox_node-1] [INFO] [1777018777.177384167] [slam_toolbox]: Message Filter dropping message: frame 'lidar_frame' at time 1777018776.435 for reason 'the timestamp on the message is earlier than all the data in the transform cache'
[async_slam_toolbox_node-1] [INFO] [1777018777.177393441] [slam_toolbox]: Message Filter dropping message: frame 'lidar_frame' at time 1777018776.435 for reason 'the timestamp on the message is earlier than all the data in the transform cache'
[async_slam_toolbox_node-1] [INFO] [1777018777.177401509] [slam_toolbox]: Message Filter dropping message: frame 'lidar_frame' at time 1777018776.435 for reason 'the timestamp on the message is earlier than all the data in the transform cache'
[async_slam_toolbox_node-1] [INFO] [1777018777.177409934] [slam_toolbox]: Message Filter dropping message: frame 'lidar_frame' at time 1777018776.435 for reason 'the timestamp on the message is earlier than all the data in the transform cache'
[async_slam_toolbox_node-1] [INFO] [1777018777.249698327] [slam_toolbox]: Message Filter dropping message: frame 'lidar_frame' at time 1777018776.505 for reason 'the timestamp on the message is earlier than all the data in the transform cache'
[async_slam_toolbox_node-1] [INFO] [1777018777.249751175] [slam_toolbox]: Message Filter dropping message: frame 'lidar_frame' at time 1777018776.505 for reason 'the timestamp on the message is earlier than all the data in the transform cache'
[async_slam_toolbox_node-1] [INFO] [1777018777.249760704] [slam_toolbox]: Message Filter dropping message: frame 'lidar_frame' at time 1777018776.505 for reason 'the timestamp on the message is earlier than all the data in the transform cache'
[async_slam_toolbox_node-1] [INFO] [1777018777.249631744] [slam_toolbox]: Message Filter dropping message: frame 'lidar_frame' at time 1777018776.505 for reason 'the timestamp on the message is earlier than all the data in the transform cache'
[async_slam_toolbox_node-1] [INFO] [1777018777.249638985] [slam_toolbox]: Message Filter dropping message: frame 'lidar_frame' at time 1777018776.505 for reason 'the timestamp on the message is earlier than all the data in the transform cache'
[async_slam_toolbox_node-1] [INFO] [1777018777.324559404] [slam_toolbox]: Message Filter dropping message: frame 'lidar_frame' at time 1777018776.577 for reason 'the timestamp on the message is earlier than all the data in the transform cache'
[async_slam_toolbox_node-1] [INFO] [1777018777.324598683] [slam_toolbox]: Message Filter dropping message: frame 'lidar_frame' at time 1777018776.577 for reason 'the timestamp on the message is earlier than all the data in the transform cache'
[async_slam_toolbox_node-1] [INFO] [1777018777.324608353] [slam_toolbox]: Message Filter dropping message: frame 'lidar_frame' at time 1777018776.577 for reason 'the timestamp on the message is earlier than all the data in the transform cache'
[async_slam_toolbox_node-1] [INFO] [1777018777.324616044] [slam_toolbox]: Message Filter dropping message: frame 'lidar_frame' at time 1777018776.577 for reason 'the timestamp on the message is earlier than all the data in the transform cache'
[async_slam_toolbox_node-1] [INFO] [1777018777.324623681] [slam_toolbox]: Message Filter dropping message: frame 'lidar_frame' at time 1777018776.577 for reason 'the timestamp on the message is earlier than all the data in the transform cache'
[async_slam_toolbox_node-1] [INFO] [1777018777.398303106] [slam_toolbox]: Message Filter dropping message: frame 'lidar_frame' at time 1777018776.652 for reason 'the timestamp on the message is earlier than all the data in the transform cache'
[async_slam_toolbox_node-1] [INFO] [1777018777.398339381] [slam_toolbox]: Message Filter dropping message: frame 'lidar_frame' at time 1777018776.652 for reason 'the timestamp on the message is earlier than all the data in the transform cache'
[async_slam_toolbox_node-1] [INFO] [1777018777.398370594] [slam_toolbox]: Message Filter dropping message: frame 'lidar_frame' at time 1777018776.652 for reason 'the timestamp on the message is earlier than all the data in the transform cache'
[async_slam_toolbox_node-1] [INFO] [1777018777.398379369] [slam_toolbox]: Message Filter dropping message: frame 'lidar_frame' at time 1777018776.652 for reason 'the timestamp on the message is earlier than all the data in the transform cache'
[async_slam_toolbox_node-1] [INFO] [1777018777.398387116] [slam_toolbox]: Message Filter dropping message: frame 'lidar_frame' at time 1777018776.652 for reason 'the timestamp on the message is earlier than all the data in the transform cache'
[async_slam_toolbox_node-1] [INFO] [1777018777.473436225] [slam_toolbox]: Message Filter dropping message: frame 'lidar_frame' at time 1777018776.724 for reason 'the timestamp on the message is earlier than all the data in the transform cache'
[async_slam_toolbox_node-1] [INFO] [1777018777.473470253] [slam_toolbox]: Message Filter dropping message: frame 'lidar_frame' at time 1777018776.724 for reason 'the timestamp on the message is earlier than all the data in the transform cache'
[async_slam_toolbox_node-1] [INFO] [1777018777.473479882] [slam_toolbox]: Message Filter dropping message: frame 'lidar_frame' at time 1777018776.724 for reason 'the timestamp on the message is earlier than all the data in the transform cache'
[async_slam_toolbox_node-1] [INFO] [1777018777.473487747] [slam_toolbox]: Message Filter dropping message: frame 'lidar_frame' at time 1777018776.724 for reason 'the timestamp on the message is earlier than all the data in the transform cache'
[async_slam_toolbox_node-1] [INFO] [1777018777.473495536] [slam_toolbox]: Message Filter dropping message: frame 'lidar_frame' at time 1777018776.724 for reason 'the timestamp on the message is earlier than all the data in the transform cache'
[async_slam_toolbox_node-1] [INFO] [1777018777.549743345] [slam_toolbox]: Message Filter dropping message: frame 'lidar_frame' at time 1777018776.796 for reason 'the timestamp on the message is earlier than all the data in the transform cache'
[async_slam_toolbox_node-1] [INFO] [1777018777.549781684] [slam_toolbox]: Message Filter dropping message: frame 'lidar_frame' at time 1777018776.796 for reason 'the timestamp on the message is earlier than all the data in the transform cache'
[async_slam_toolbox_node-1] [INFO] [1777018777.549790855] [slam_toolbox]: Message Filter dropping message: frame 'lidar_frame' at time 1777018776.796 for reason 'the timestamp on the message is earlier than all the data in the transform cache'
[async_slam_toolbox_node-1] [INFO] [1777018777.549798697] [slam_toolbox]: Message Filter dropping message: frame 'lidar_frame' at time 1777018776.796 for reason 'the timestamp on the message is earlier than all the data in the transform cache'
[async_slam_toolbox_node-1] [INFO] [1777018777.549806726] [slam_toolbox]: Message Filter dropping message: frame 'lidar_frame' at time 1777018776.796 for reason 'the timestamp on the message is earlier than all the data in the transform cache'
[async_slam_toolbox_node-1] [INFO] [1777018777.626115112] [slam_toolbox]: Message Filter dropping message: frame 'lidar_frame' at time 1777018776.868 for reason 'the timestamp on the message is earlier than all the data in the transform cache'
[async_slam_toolbox_node-1] [INFO] [1777018777.626325908] [slam_toolbox]: Message Filter dropping message: frame 'lidar_frame' at time 1777018776.868 for reason 'the timestamp on the message is earlier than all the data in the transform cache'
[async_slam_toolbox_node-1] [INFO] [1777018777.626337254] [slam_toolbox]: Message Filter dropping message: frame 'lidar_frame' at time 1777018776.868 for reason 'the timestamp on the message is earlier than all the data in the transform cache'
[async_slam_toolbox_node-1] [INFO] [1777018777.626345466] [slam_toolbox]: Message Filter dropping message: frame 'lidar_frame' at time 1777018776.868 for reason 'the timestamp on the message is earlier than all the data in the transform cache'
[async_slam_toolbox_node-1] [INFO] [1777018777.626353443] [slam_toolbox]: Message Filter dropping message: frame 'lidar_frame' at time 1777018776.868 for reason 'the timestamp on the message is earlier than all the data in the transform cache'
[async_slam_toolbox_node-1] [INFO] [1777018777.700434988] [slam_toolbox]: Message Filter dropping message: frame 'lidar_frame' at time 1777018776.940 for reason 'the timestamp on the message is earlier than all the data in the transform cache'
[async_slam_toolbox_node-1] [INFO] [1777018777.700491056] [slam_toolbox]: Message Filter dropping message: frame 'lidar_frame' at time 1777018776.940 for reason 'the timestamp on the message is earlier than all the data in the transform cache'
[async_slam_toolbox_node-1] [INFO] [1777018777.700498853] [slam_toolbox]: Message Filter dropping message: frame 'lidar_frame' at time 1777018776.940 for reason 'the timestamp on the message is earlier than all the data in the transform cache'
[async_slam_toolbox_node-1] [INFO] [1777018777.700504276] [slam_toolbox]: Message Filter dropping message: frame 'lidar_frame' at time 1777018776.940 for reason 'the timestamp on the message is earlier than all the data in the transform cache'
[async_slam_toolbox_node-1] [INFO] [1777018777.700509448] [slam_toolbox]: Message Filter dropping message: frame 'lidar_frame' at time 1777018776.940 for reason 'the timestamp on the message is earlier than all the data in the transform cache'
[async_slam_toolbox_node-1] [INFO] [1777018777.916158681] [slam_toolbox]: Message Filter dropping message: frame 'lidar_frame' at time 1777018777.160 for reason 'the timestamp on the message is earlier than all the data in the transform cache'
[async_slam_toolbox_node-1] [INFO] [1777018777.916186103] [slam_toolbox]: Message Filter dropping message: frame 'lidar_frame' at time 1777018777.160 for reason 'the timestamp on the message is earlier than all the data in the transform cache'
[async_slam_toolbox_node-1] [INFO] [1777018777.916192108] [slam_toolbox]: Message Filter dropping message: frame 'lidar_frame' at time 1777018777.160 for reason 'the timestamp on the message is earlier than all the data in the transform cache'
[async_slam_toolbox_node-1] [INFO] [1777018777.916197706] [slam_toolbox]: Message Filter dropping message: frame 'lidar_frame' at time 1777018777.160 for reason 'the timestamp on the message is earlier than all the data in the transform cache'
[async_slam_toolbox_node-1] [INFO] [1777018777.916202935] [slam_toolbox]: Message Filter dropping message: frame 'lidar_frame' at time 1777018777.160 for reason 'the timestamp on the message is earlier than all the data in the transform cache'
[async_slam_toolbox_node-1] [INFO] [1777018777.987840476] [slam_toolbox]: Message Filter dropping message: frame 'lidar_frame' at time 1777018777.233 for reason 'the timestamp on the message is earlier than all the data in the transform cache'
[async_slam_toolbox_node-1] [INFO] [1777018777.987876863] [slam_toolbox]: Message Filter dropping message: frame 'lidar_frame' at time 1777018777.233 for reason 'the timestamp on the message is earlier than all the data in the transform cache'
[async_slam_toolbox_node-1] [INFO] [1777018777.987884090] [slam_toolbox]: Message Filter dropping message: frame 'lidar_frame' at time 1777018777.233 for reason 'the timestamp on the message is earlier than all the data in the transform cache'
[async_slam_toolbox_node-1] [INFO] [1777018777.987895301] [slam_toolbox]: Message Filter dropping message: frame 'lidar_frame' at time 1777018777.233 for reason 'the timestamp on the message is earlier than all the data in the transform cache'
[async_slam_toolbox_node-1] [INFO] [1777018777.987895006] [slam_toolbox]: Message Filter dropping message: frame 'lidar_frame' at time 1777018777.233 for reason 'the timestamp on the message is earlier than all the data in the transform cache'
[async_slam_toolbox_node-1] [INFO] [1777018778.059648490] [slam_toolbox]: Message Filter dropping message: frame 'lidar_frame' at time 1777018777.307 for reason 'the timestamp on the message is earlier than all the data in the transform cache'
[async_slam_toolbox_node-1] [INFO] [1777018778.059666842] [slam_toolbox]: Message Filter dropping message: frame 'lidar_frame' at time 1777018777.307 for reason 'the timestamp on the message is earlier than all the data in the transform cache'
[async_slam_toolbox_node-1] [INFO] [1777018778.059675840] [slam_toolbox]: Message Filter dropping message: frame 'lidar_frame' at time 1777018777.307 for reason 'the timestamp on the message is earlier than all the data in the transform cache'
[async_slam_toolbox_node-1] [INFO] [1777018778.059681201] [slam_toolbox]: Message Filter dropping message: frame 'lidar_frame' at time 1777018777.307 for reason 'the timestamp on the message is earlier than all the data in the transform cache'
[async_slam_toolbox_node-1] [INFO] [1777018778.059692035] [slam_toolbox]: Message Filter dropping message: frame 'lidar_frame' at time 1777018777.307 for reason 'the timestamp on the message is earlier than all the data in the transform cache'
[async_slam_toolbox_node-1] [INFO] [1777018778.131783497] [slam_toolbox]: Message Filter dropping message: frame 'lidar_frame' at time 1777018777.381 for reason 'the timestamp on the message is earlier than all the data in the transform cache'
[async_slam_toolbox_node-1] [INFO] [1777018778.131832325] [slam_toolbox]: Message Filter dropping message: frame 'lidar_frame' at time 1777018777.381 for reason 'the timestamp on the message is earlier than all the data in the transform cache'
[async_slam_toolbox_node-1] [INFO] [1777018778.131843227] [slam_toolbox]: Message Filter dropping message: frame 'lidar_frame' at time 1777018777.381 for reason 'the timestamp on the message is earlier than all the data in the transform cache'
[async_slam_toolbox_node-1] [INFO] [1777018778.131851602] [slam_toolbox]: Message Filter dropping message: frame 'lidar_frame' at time 1777018777.381 for reason 'the timestamp on the message is earlier than all the data in the transform cache'
[async_slam_toolbox_node-1] [INFO] [1777018778.131859679] [slam_toolbox]: Message Filter dropping message: frame 'lidar_frame' at time 1777018777.381 for reason 'the timestamp on the message is earlier than all the data in the transform cache'
[async_slam_toolbox_node-1] [INFO] [1777018778.203463206] [slam_toolbox]: Message Filter dropping message: frame 'lidar_frame' at time 1777018777.456 for reason 'the timestamp on the message is earlier than all the data in the transform cache'
[async_slam_toolbox_node-1] [INFO] [1777018778.203498823] [slam_toolbox]: Message Filter dropping message: frame 'lidar_frame' at time 1777018777.456 for reason 'the timestamp on the message is earlier than all the data in the transform cache'
[async_slam_toolbox_node-1] [INFO] [1777018778.203509411] [slam_toolbox]: Message Filter dropping message: frame 'lidar_frame' at time 1777018777.456 for reason 'the timestamp on the message is earlier than all the data in the transform cache'
[async_slam_toolbox_node-1] [INFO] [1777018778.203529978] [slam_toolbox]: Message Filter dropping message: frame 'lidar_frame' at time 1777018777.456 for reason 'the timestamp on the message is earlier than all the data in the transform cache'
[async_slam_toolbox_node-1] [INFO] [1777018778.203537628] [slam_toolbox]: Message Filter dropping message: frame 'lidar_frame' at time 1777018777.456 for reason 'the timestamp on the message is earlier than all the data in the transform cache'
[async_slam_toolbox_node-1] [INFO] [1777018778.276112964] [slam_toolbox]: Message Filter dropping message: frame 'lidar_frame' at time 1777018777.532 for reason 'the timestamp on the message is earlier than all the data in the transform cache'
[async_slam_toolbox_node-1] [INFO] [1777018778.276147184] [slam_toolbox]: Message Filter dropping message: frame 'lidar_frame' at time 1777018777.532 for reason 'the timestamp on the message is earlier than all the data in the transform cache'
[async_slam_toolbox_node-1] [INFO] [1777018778.276139591] [slam_toolbox]: Message Filter dropping message: frame 'lidar_frame' at time 1777018777.532 for reason 'the timestamp on the message is earlier than all the data in the transform cache'
[async_slam_toolbox_node-1] [INFO] [1777018778.276148215] [slam_toolbox]: Message Filter dropping message: frame 'lidar_frame' at time 1777018777.532 for reason 'the timestamp on the message is earlier than all the data in the transform cache'
[async_slam_toolbox_node-1] [INFO] [1777018778.276156056] [slam_toolbox]: Message Filter dropping message: frame 'lidar_frame' at time 1777018777.532 for reason 'the timestamp on the message is earlier than all the data in the transform cache'
[async_slam_toolbox_node-1] [INFO] [1777018778.346366083] [slam_toolbox]: Message Filter dropping message: frame 'lidar_frame' at time 1777018777.608 for reason 'the timestamp on the message is earlier than all the data in the transform cache'
[async_slam_toolbox_node-1] [INFO] [1777018778.346401183] [slam_toolbox]: Message Filter dropping message: frame 'lidar_frame' at time 1777018777.608 for reason 'the timestamp on the message is earlier than all the data in the transform cache'
[async_slam_toolbox_node-1] [INFO] [1777018778.346411301] [slam_toolbox]: Message Filter dropping message: frame 'lidar_frame' at time 1777018777.608 for reason 'the timestamp on the message is earlier than all the data in the transform cache'
[async_slam_toolbox_node-1] [INFO] [1777018778.346419126] [slam_toolbox]: Message Filter dropping message: frame 'lidar_frame' at time 1777018777.608 for reason 'the timestamp on the message is earlier than all the data in the transform cache'
[async_slam_toolbox_node-1] [INFO] [1777018778.346441382] [slam_toolbox]: Message Filter dropping message: frame 'lidar_frame' at time 1777018777.608 for reason 'the timestamp on the message is earlier than all the data in the transform cache'
[async_slam_toolbox_node-1] [INFO] [1777018778.489221902] [slam_toolbox]: Message Filter dropping message: frame 'lidar_frame' at time 1777018777.755 for reason 'the timestamp on the message is earlier than all the data in the transform cache'
[async_slam_toolbox_node-1] [INFO] [1777018778.489254158] [slam_toolbox]: Message Filter dropping message: frame 'lidar_frame' at time 1777018777.755 for reason 'the timestamp on the message is earlier than all the data in the transform cache'
[async_slam_toolbox_node-1] [INFO] [1777018778.489263458] [slam_toolbox]: Message Filter dropping message: frame 'lidar_frame' at time 1777018777.755 for reason 'the timestamp on the message is earlier than all the data in the transform cache'
[async_slam_toolbox_node-1] [INFO] [1777018778.489271751] [slam_toolbox]: Message Filter dropping message: frame 'lidar_frame' at time 1777018777.755 for reason 'the timestamp on the message is earlier than all the data in the transform cache'
[async_slam_toolbox_node-1] [INFO] [1777018778.489279997] [slam_toolbox]: Message Filter dropping message: frame 'lidar_frame' at time 1777018777.755 for reason 'the timestamp on the message is earlier than all the data in the transform cache'
[async_slam_toolbox_node-1] [INFO] [1777018778.631624182] [slam_toolbox]: Message Filter dropping message: frame 'lidar_frame' at time 1777018777.900 for reason 'the timestamp on the message is earlier than all the data in the transform cache'
[async_slam_toolbox_node-1] [INFO] [1777018778.631658811] [slam_toolbox]: Message Filter dropping message: frame 'lidar_frame' at time 1777018777.900 for reason 'the timestamp on the message is earlier than all the data in the transform cache'
[async_slam_toolbox_node-1] [INFO] [1777018778.631668360] [slam_toolbox]: Message Filter dropping message: frame 'lidar_frame' at time 1777018777.900 for reason 'the timestamp on the message is earlier than all the data in the transform cache'
[async_slam_toolbox_node-1] [INFO] [1777018778.631679995] [slam_toolbox]: Message Filter dropping message: frame 'lidar_frame' at time 1777018777.900 for reason 'the timestamp on the message is earlier than all the data in the transform cache'
[async_slam_toolbox_node-1] [INFO] [1777018778.631687698] [slam_toolbox]: Message Filter dropping message: frame 'lidar_frame' at time 1777018777.900 for reason 'the timestamp on the message is earlier than all the data in the transform cache'
[async_slam_toolbox_node-1] [INFO] [1777018778.704584866] [slam_toolbox]: Message Filter dropping message: frame 'lidar_frame' at time 1777018777.972 for reason 'the timestamp on the message is earlier than all the data in the transform cache'
[async_slam_toolbox_node-1] [INFO] [1777018778.704622804] [slam_toolbox]: Message Filter dropping message: frame 'lidar_frame' at time 1777018777.972 for reason 'the timestamp on the message is earlier than all the data in the transform cache'
[async_slam_toolbox_node-1] [INFO] [1777018778.704600232] [slam_toolbox]: Message Filter dropping message: frame 'lidar_frame' at time 1777018777.972 for reason 'the timestamp on the message is earlier than all the data in the transform cache'
[async_slam_toolbox_node-1] [INFO] [1777018778.704609225] [slam_toolbox]: Message Filter dropping message: frame 'lidar_frame' at time 1777018777.972 for reason 'the timestamp on the message is earlier than all the data in the transform cache'
[async_slam_toolbox_node-1] [INFO] [1777018778.704617141] [slam_toolbox]: Message Filter dropping message: frame 'lidar_frame' at time 1777018777.972 for reason 'the timestamp on the message is earlier than all the data in the transform cache'
[async_slam_toolbox_node-1] [INFO] [1777018778.776172832] [slam_toolbox]: Message Filter dropping message: frame 'lidar_frame' at time 1777018778.043 for reason 'the timestamp on the message is earlier than all the data in the transform cache'
[async_slam_toolbox_node-1] [INFO] [1777018778.776209098] [slam_toolbox]: Message Filter dropping message: frame 'lidar_frame' at time 1777018778.043 for reason 'the timestamp on the message is earlier than all the data in the transform cache'
[async_slam_toolbox_node-1] [INFO] [1777018778.776218654] [slam_toolbox]: Message Filter dropping message: frame 'lidar_frame' at time 1777018778.043 for reason 'the timestamp on the message is earlier than all the data in the transform cache'
[async_slam_toolbox_node-1] [INFO] [1777018778.776245622] [slam_toolbox]: Message Filter dropping message: frame 'lidar_frame' at time 1777018778.043 for reason 'the timestamp on the message is earlier than all the data in the transform cache'
[async_slam_toolbox_node-1] [INFO] [1777018778.776254090] [slam_toolbox]: Message Filter dropping message: frame 'lidar_frame' at time 1777018778.043 for reason 'the timestamp on the message is earlier than all the data in the transform cache'
[async_slam_toolbox_node-1] [INFO] [1777018778.847380449] [slam_toolbox]: Message Filter dropping message: frame 'lidar_frame' at time 1777018778.115 for reason 'the timestamp on the message is earlier than all the data in the transform cache'
[async_slam_toolbox_node-1] [INFO] [1777018778.847418410] [slam_toolbox]: Message Filter dropping message: frame 'lidar_frame' at time 1777018778.115 for reason 'the timestamp on the message is earlier than all the data in the transform cache'
[async_slam_toolbox_node-1] [INFO] [1777018778.847426747] [slam_toolbox]: Message Filter dropping message: frame 'lidar_frame' at time 1777018778.115 for reason 'the timestamp on the message is earlier than all the data in the transform cache'
[async_slam_toolbox_node-1] [INFO] [1777018778.847440208] [slam_toolbox]: Message Filter dropping message: frame 'lidar_frame' at time 1777018778.115 for reason 'the timestamp on the message is earlier than all the data in the transform cache'
[async_slam_toolbox_node-1] [INFO] [1777018778.847447886] [slam_toolbox]: Message Filter dropping message: frame 'lidar_frame' at time 1777018778.115 for reason 'the timestamp on the message is earlier than all the data in the transform cache'
[async_slam_toolbox_node-1] [INFO] [1777018778.918105831] [slam_toolbox]: Message Filter dropping message: frame 'lidar_frame' at time 1777018778.187 for reason 'the timestamp on the message is earlier than all the data in the transform cache'
[async_slam_toolbox_node-1] [INFO] [1777018778.918145708] [slam_toolbox]: Message Filter dropping message: frame 'lidar_frame' at time 1777018778.187 for reason 'the timestamp on the message is earlier than all the data in the transform cache'
[async_slam_toolbox_node-1] [INFO] [1777018778.918154934] [slam_toolbox]: Message Filter dropping message: frame 'lidar_frame' at time 1777018778.187 for reason 'the timestamp on the message is earlier than all the data in the transform cache'
[async_slam_toolbox_node-1] [INFO] [1777018778.918164158] [slam_toolbox]: Message Filter dropping message: frame 'lidar_frame' at time 1777018778.187 for reason 'the timestamp on the message is earlier than all the data in the transform cache'
[async_slam_toolbox_node-1] [INFO] [1777018778.918171563] [slam_toolbox]: Message Filter dropping message: frame 'lidar_frame' at time 1777018778.187 for reason 'the timestamp on the message is earlier than all the data in the transform cache'
[async_slam_toolbox_node-1] [INFO] [1777018778.989315517] [slam_toolbox]: Message Filter dropping message: frame 'lidar_frame' at time 1777018778.260 for reason 'the timestamp on the message is earlier than all the data in the transform cache'
[async_slam_toolbox_node-1] [INFO] [1777018778.989347249] [slam_toolbox]: Message Filter dropping message: frame 'lidar_frame' at time 1777018778.260 for reason 'the timestamp on the message is earlier than all the data in the transform cache'
[async_slam_toolbox_node-1] [INFO] [1777018778.989356745] [slam_toolbox]: Message Filter dropping message: frame 'lidar_frame' at time 1777018778.260 for reason 'the timestamp on the message is earlier than all the data in the transform cache'
[async_slam_toolbox_node-1] [INFO] [1777018778.989364500] [slam_toolbox]: Message Filter dropping message: frame 'lidar_frame' at time 1777018778.260 for reason 'the timestamp on the message is earlier than all the data in the transform cache'
[async_slam_toolbox_node-1] [INFO] [1777018778.989371698] [slam_toolbox]: Message Filter dropping message: frame 'lidar_frame' at time 1777018778.260 for reason 'the timestamp on the message is earlier than all the data in the transform cache'
[async_slam_toolbox_node-1] [INFO] [1777018779.064654269] [slam_toolbox]: Message Filter dropping message: frame 'lidar_frame' at time 1777018778.330 for reason 'the timestamp on the message is earlier than all the data in the transform cache'
[async_slam_toolbox_node-1] [INFO] [1777018779.064689274] [slam_toolbox]: Message Filter dropping message: frame 'lidar_frame' at time 1777018778.330 for reason 'the timestamp on the message is earlier than all the data in the transform cache'
[async_slam_toolbox_node-1] [INFO] [1777018779.064701318] [slam_toolbox]: Message Filter dropping message: frame 'lidar_frame' at time 1777018778.330 for reason 'the timestamp on the message is earlier than all the data in the transform cache'
[async_slam_toolbox_node-1] [INFO] [1777018779.064714544] [slam_toolbox]: Message Filter dropping message: frame 'lidar_frame' at time 1777018778.330 for reason 'the timestamp on the message is earlier than all the data in the transform cache'
[async_slam_toolbox_node-1] [INFO] [1777018779.064720776] [slam_toolbox]: Message Filter dropping message: frame 'lidar_frame' at time 1777018778.330 for reason 'the timestamp on the message is earlier than all the data in the transform cache'
[async_slam_toolbox_node-1] [INFO] [1777018779.134693159] [slam_toolbox]: Message Filter dropping message: frame 'lidar_frame' at time 1777018778.401 for reason 'the timestamp on the message is earlier than all the data in the transform cache'
[async_slam_toolbox_node-1] [INFO] [1777018779.134728335] [slam_toolbox]: Message Filter dropping message: frame 'lidar_frame' at time 1777018778.401 for reason 'the timestamp on the message is earlier than all the data in the transform cache'
[async_slam_toolbox_node-1] [INFO] [1777018779.134737289] [slam_toolbox]: Message Filter dropping message: frame 'lidar_frame' at time 1777018778.401 for reason 'the timestamp on the message is earlier than all the data in the transform cache'
[async_slam_toolbox_node-1] [INFO] [1777018779.134744777] [slam_toolbox]: Message Filter dropping message: frame 'lidar_frame' at time 1777018778.401 for reason 'the timestamp on the message is earlier than all the data in the transform cache'
[async_slam_toolbox_node-1] [INFO] [1777018779.134752268] [slam_toolbox]: Message Filter dropping message: frame 'lidar_frame' at time 1777018778.401 for reason 'the timestamp on the message is earlier than all the data in the transform cache'
[async_slam_toolbox_node-1] [INFO] [1777018779.423335739] [slam_toolbox]: Message Filter dropping message: frame 'lidar_frame' at time 1777018778.688 for reason 'the timestamp on the message is earlier than all the data in the transform cache'
[async_slam_toolbox_node-1] [INFO] [1777018779.423361968] [slam_toolbox]: Message Filter dropping message: frame 'lidar_frame' at time 1777018778.688 for reason 'the timestamp on the message is earlier than all the data in the transform cache'
[async_slam_toolbox_node-1] [INFO] [1777018779.423370880] [slam_toolbox]: Message Filter dropping message: frame 'lidar_frame' at time 1777018778.688 for reason 'the timestamp on the message is earlier than all the data in the transform cache'
[async_slam_toolbox_node-1] [INFO] [1777018779.423378707] [slam_toolbox]: Message Filter dropping message: frame 'lidar_frame' at time 1777018778.688 for reason 'the timestamp on the message is earlier than all the data in the transform cache'
[async_slam_toolbox_node-1] [INFO] [1777018779.423387057] [slam_toolbox]: Message Filter dropping message: frame 'lidar_frame' at time 1777018778.688 for reason 'the timestamp on the message is earlier than all the data in the transform cache'
[async_slam_toolbox_node-1] [INFO] [1777018779.495285688] [slam_toolbox]: Message Filter dropping message: frame 'lidar_frame' at time 1777018778.760 for reason 'the timestamp on the message is earlier than all the data in the transform cache'
[async_slam_toolbox_node-1] [INFO] [1777018779.495321240] [slam_toolbox]: Message Filter dropping message: frame 'lidar_frame' at time 1777018778.760 for reason 'the timestamp on the message is earlier than all the data in the transform cache'
[async_slam_toolbox_node-1] [INFO] [1777018779.495330058] [slam_toolbox]: Message Filter dropping message: frame 'lidar_frame' at time 1777018778.760 for reason 'the timestamp on the message is earlier than all the data in the transform cache'
[async_slam_toolbox_node-1] [INFO] [1777018779.495337367] [slam_toolbox]: Message Filter dropping message: frame 'lidar_frame' at time 1777018778.760 for reason 'the timestamp on the message is earlier than all the data in the transform cache'
[async_slam_toolbox_node-1] [INFO] [1777018779.495345253] [slam_toolbox]: Message Filter dropping message: frame 'lidar_frame' at time 1777018778.760 for reason 'the timestamp on the message is earlier than all the data in the transform cache'
[async_slam_toolbox_node-1] [INFO] [1777018779.567281823] [slam_toolbox]: Message Filter dropping message: frame 'lidar_frame' at time 1777018778.831 for reason 'the timestamp on the message is earlier than all the data in the transform cache'
[async_slam_toolbox_node-1] [INFO] [1777018779.567327459] [slam_toolbox]: Message Filter dropping message: frame 'lidar_frame' at time 1777018778.831 for reason 'the timestamp on the message is earlier than all the data in the transform cache'
[async_slam_toolbox_node-1] [INFO] [1777018779.567327464] [slam_toolbox]: Message Filter dropping message: frame 'lidar_frame' at time 1777018778.831 for reason 'the timestamp on the message is earlier than all the data in the transform cache'
[async_slam_toolbox_node-1] [INFO] [1777018779.567335076] [slam_toolbox]: Message Filter dropping message: frame 'lidar_frame' at time 1777018778.831 for reason 'the timestamp on the message is earlier than all the data in the transform cache'
[async_slam_toolbox_node-1] [INFO] [1777018779.567342698] [slam_toolbox]: Message Filter dropping message: frame 'lidar_frame' at time 1777018778.831 for reason 'the timestamp on the message is earlier than all the data in the transform cache'
[async_slam_toolbox_node-1] [INFO] [1777018779.639012620] [slam_toolbox]: Message Filter dropping message: frame 'lidar_frame' at time 1777018778.901 for reason 'the timestamp on the message is earlier than all the data in the transform cache'
[async_slam_toolbox_node-1] [INFO] [1777018779.639052878] [slam_toolbox]: Message Filter dropping message: frame 'lidar_frame' at time 1777018778.901 for reason 'the timestamp on the message is earlier than all the data in the transform cache'
[async_slam_toolbox_node-1] [INFO] [1777018779.639059867] [slam_toolbox]: Message Filter dropping message: frame 'lidar_frame' at time 1777018778.901 for reason 'the timestamp on the message is earlier than all the data in the transform cache'
[async_slam_toolbox_node-1] [INFO] [1777018779.639069064] [slam_toolbox]: Message Filter dropping message: frame 'lidar_frame' at time 1777018778.901 for reason 'the timestamp on the message is earlier than all the data in the transform cache'
[async_slam_toolbox_node-1] [INFO] [1777018779.639077055] [slam_toolbox]: Message Filter dropping message: frame 'lidar_frame' at time 1777018778.901 for reason 'the timestamp on the message is earlier than all the data in the transform cache'
[async_slam_toolbox_node-1] [INFO] [1777018779.709642745] [slam_toolbox]: Message Filter dropping message: frame 'lidar_frame' at time 1777018778.973 for reason 'the timestamp on the message is earlier than all the data in the transform cache'
[async_slam_toolbox_node-1] [INFO] [1777018779.709678211] [slam_toolbox]: Message Filter dropping message: frame 'lidar_frame' at time 1777018778.973 for reason 'the timestamp on the message is earlier than all the data in the transform cache'
[async_slam_toolbox_node-1] [INFO] [1777018779.709696195] [slam_toolbox]: Message Filter dropping message: frame 'lidar_frame' at time 1777018778.973 for reason 'the timestamp on the message is earlier than all the data in the transform cache'
[async_slam_toolbox_node-1] [INFO] [1777018779.709704295] [slam_toolbox]: Message Filter dropping message: frame 'lidar_frame' at time 1777018778.973 for reason 'the timestamp on the message is earlier than all the data in the transform cache'
[async_slam_toolbox_node-1] [INFO] [1777018779.709711736] [slam_toolbox]: Message Filter dropping message: frame 'lidar_frame' at time 1777018778.973 for reason 'the timestamp on the message is earlier than all the data in the transform cache'
[async_slam_toolbox_node-1] [INFO] [1777018779.781045143] [slam_toolbox]: Message Filter dropping message: frame 'lidar_frame' at time 1777018779.044 for reason 'the timestamp on the message is earlier than all the data in the transform cache'
[async_slam_toolbox_node-1] [INFO] [1777018779.781090536] [slam_toolbox]: Message Filter dropping message: frame 'lidar_frame' at time 1777018779.044 for reason 'the timestamp on the message is earlier than all the data in the transform cache'
[async_slam_toolbox_node-1] [INFO] [1777018779.781096245] [slam_toolbox]: Message Filter dropping message: frame 'lidar_frame' at time 1777018779.044 for reason 'the timestamp on the message is earlier than all the data in the transform cache'
[async_slam_toolbox_node-1] [INFO] [1777018779.781104733] [slam_toolbox]: Message Filter dropping message: frame 'lidar_frame' at time 1777018779.044 for reason 'the timestamp on the message is earlier than all the data in the transform cache'
[async_slam_toolbox_node-1] [INFO] [1777018779.781112407] [slam_toolbox]: Message Filter dropping message: frame 'lidar_frame' at time 1777018779.044 for reason 'the timestamp on the message is earlier than all the data in the transform cache'
[async_slam_toolbox_node-1] [INFO] [1777018779.852960405] [slam_toolbox]: Message Filter dropping message: frame 'lidar_frame' at time 1777018779.118 for reason 'the timestamp on the message is earlier than all the data in the transform cache'
[async_slam_toolbox_node-1] [INFO] [1777018779.852996934] [slam_toolbox]: Message Filter dropping message: frame 'lidar_frame' at time 1777018779.118 for reason 'the timestamp on the message is earlier than all the data in the transform cache'
[async_slam_toolbox_node-1] [INFO] [1777018779.853006927] [slam_toolbox]: Message Filter dropping message: frame 'lidar_frame' at time 1777018779.118 for reason 'the timestamp on the message is earlier than all the data in the transform cache'
[async_slam_toolbox_node-1] [INFO] [1777018779.853015273] [slam_toolbox]: Message Filter dropping message: frame 'lidar_frame' at time 1777018779.118 for reason 'the timestamp on the message is earlier than all the data in the transform cache'
[async_slam_toolbox_node-1] [INFO] [1777018779.853023416] [slam_toolbox]: Message Filter dropping message: frame 'lidar_frame' at time 1777018779.118 for reason 'the timestamp on the message is earlier than all the data in the transform cache'
[async_slam_toolbox_node-1] [INFO] [1777018779.996813214] [slam_toolbox]: Message Filter dropping message: frame 'lidar_frame' at time 1777018779.263 for reason 'the timestamp on the message is earlier than all the data in the transform cache'
[async_slam_toolbox_node-1] [INFO] [1777018779.996852940] [slam_toolbox]: Message Filter dropping message: frame 'lidar_frame' at time 1777018779.263 for reason 'the timestamp on the message is earlier than all the data in the transform cache'
[async_slam_toolbox_node-1] [INFO] [1777018779.996862132] [slam_toolbox]: Message Filter dropping message: frame 'lidar_frame' at time 1777018779.263 for reason 'the timestamp on the message is earlier than all the data in the transform cache'
[async_slam_toolbox_node-1] [INFO] [1777018779.996870811] [slam_toolbox]: Message Filter dropping message: frame 'lidar_frame' at time 1777018779.263 for reason 'the timestamp on the message is earlier than all the data in the transform cache'
[async_slam_toolbox_node-1] [INFO] [1777018779.996878465] [slam_toolbox]: Message Filter dropping message: frame 'lidar_frame' at time 1777018779.263 for reason 'the timestamp on the message is earlier than all the data in the transform cache'
[async_slam_toolbox_node-1] [INFO] [1777018780.211835749] [slam_toolbox]: Message Filter dropping message: frame 'lidar_frame' at time 1777018779.479 for reason 'the timestamp on the message is earlier than all the data in the transform cache'
[async_slam_toolbox_node-1] [INFO] [1777018780.211876336] [slam_toolbox]: Message Filter dropping message: frame 'lidar_frame' at time 1777018779.479 for reason 'the timestamp on the message is earlier than all the data in the transform cache'
[async_slam_toolbox_node-1] [INFO] [1777018780.211885603] [slam_toolbox]: Message Filter dropping message: frame 'lidar_frame' at time 1777018779.479 for reason 'the timestamp on the message is earlier than all the data in the transform cache'
[async_slam_toolbox_node-1] [INFO] [1777018780.211892965] [slam_toolbox]: Message Filter dropping message: frame 'lidar_frame' at time 1777018779.479 for reason 'the timestamp on the message is earlier than all the data in the transform cache'
[async_slam_toolbox_node-1] [INFO] [1777018780.211900657] [slam_toolbox]: Message Filter dropping message: frame 'lidar_frame' at time 1777018779.479 for reason 'the timestamp on the message is earlier than all the data in the transform cache'
[async_slam_toolbox_node-1] [INFO] [1777018780.282854693] [slam_toolbox]: Message Filter dropping message: frame 'lidar_frame' at time 1777018779.550 for reason 'the timestamp on the message is earlier than all the data in the transform cache'
[async_slam_toolbox_node-1] [INFO] [1777018780.282890209] [slam_toolbox]: Message Filter dropping message: frame 'lidar_frame' at time 1777018779.550 for reason 'the timestamp on the message is earlier than all the data in the transform cache'
[async_slam_toolbox_node-1] [INFO] [1777018780.282899563] [slam_toolbox]: Message Filter dropping message: frame 'lidar_frame' at time 1777018779.550 for reason 'the timestamp on the message is earlier than all the data in the transform cache'
[async_slam_toolbox_node-1] [INFO] [1777018780.282913320] [slam_toolbox]: Message Filter dropping message: frame 'lidar_frame' at time 1777018779.550 for reason 'the timestamp on the message is earlier than all the data in the transform cache'
[async_slam_toolbox_node-1] [INFO] [1777018780.282924695] [slam_toolbox]: Message Filter dropping message: frame 'lidar_frame' at time 1777018779.550 for reason 'the timestamp on the message is earlier than all the data in the transform cache'
[async_slam_toolbox_node-1] [INFO] [1777018780.355055612] [slam_toolbox]: Message Filter dropping message: frame 'lidar_frame' at time 1777018779.622 for reason 'the timestamp on the message is earlier than all the data in the transform cache'
[async_slam_toolbox_node-1] [INFO] [1777018780.355093451] [slam_toolbox]: Message Filter dropping message: frame 'lidar_frame' at time 1777018779.622 for reason 'the timestamp on the message is earlier than all the data in the transform cache'
[async_slam_toolbox_node-1] [INFO] [1777018780.355103269] [slam_toolbox]: Message Filter dropping message: frame 'lidar_frame' at time 1777018779.622 for reason 'the timestamp on the message is earlier than all the data in the transform cache'
[async_slam_toolbox_node-1] [INFO] [1777018780.355111305] [slam_toolbox]: Message Filter dropping message: frame 'lidar_frame' at time 1777018779.622 for reason 'the timestamp on the message is earlier than all the data in the transform cache'
[async_slam_toolbox_node-1] [INFO] [1777018780.355119615] [slam_toolbox]: Message Filter dropping message: frame 'lidar_frame' at time 1777018779.622 for reason 'the timestamp on the message is earlier than all the data in the transform cache'
[async_slam_toolbox_node-1] [INFO] [1777018780.500316398] [slam_toolbox]: Message Filter dropping message: frame 'lidar_frame' at time 1777018779.764 for reason 'the timestamp on the message is earlier than all the data in the transform cache'
[async_slam_toolbox_node-1] [INFO] [1777018780.500350639] [slam_toolbox]: Message Filter dropping message: frame 'lidar_frame' at time 1777018779.764 for reason 'the timestamp on the message is earlier than all the data in the transform cache'
[async_slam_toolbox_node-1] [INFO] [1777018780.500357094] [slam_toolbox]: Message Filter dropping message: frame 'lidar_frame' at time 1777018779.764 for reason 'the timestamp on the message is earlier than all the data in the transform cache'
[async_slam_toolbox_node-1] [INFO] [1777018780.500363502] [slam_toolbox]: Message Filter dropping message: frame 'lidar_frame' at time 1777018779.764 for reason 'the timestamp on the message is earlier than all the data in the transform cache'
[async_slam_toolbox_node-1] [INFO] [1777018780.500370079] [slam_toolbox]: Message Filter dropping message: frame 'lidar_frame' at time 1777018779.764 for reason 'the timestamp on the message is earlier than all the data in the transform cache'
[async_slam_toolbox_node-1] [INFO] [1777018780.714955664] [slam_toolbox]: Message Filter dropping message: frame 'lidar_frame' at time 1777018779.980 for reason 'the timestamp on the message is earlier than all the data in the transform cache'
[async_slam_toolbox_node-1] [INFO] [1777018780.714992939] [slam_toolbox]: Message Filter dropping message: frame 'lidar_frame' at time 1777018779.980 for reason 'the timestamp on the message is earlier than all the data in the transform cache'
[async_slam_toolbox_node-1] [INFO] [1777018780.715013177] [slam_toolbox]: Message Filter dropping message: frame 'lidar_frame' at time 1777018779.980 for reason 'the timestamp on the message is earlier than all the data in the transform cache'
[async_slam_toolbox_node-1] [INFO] [1777018780.715021912] [slam_toolbox]: Message Filter dropping message: frame 'lidar_frame' at time 1777018779.980 for reason 'the timestamp on the message is earlier than all the data in the transform cache'
[async_slam_toolbox_node-1] [INFO] [1777018780.715030012] [slam_toolbox]: Message Filter dropping message: frame 'lidar_frame' at time 1777018779.980 for reason 'the timestamp on the message is earlier than all the data in the transform cache'
[async_slam_toolbox_node-1] [INFO] [1777018780.788098990] [slam_toolbox]: Message Filter dropping message: frame 'lidar_frame' at time 1777018780.051 for reason 'the timestamp on the message is earlier than all the data in the transform cache'
[async_slam_toolbox_node-1] [INFO] [1777018780.788135790] [slam_toolbox]: Message Filter dropping message: frame 'lidar_frame' at time 1777018780.051 for reason 'the timestamp on the message is earlier than all the data in the transform cache'
[async_slam_toolbox_node-1] [INFO] [1777018780.788146124] [slam_toolbox]: Message Filter dropping message: frame 'lidar_frame' at time 1777018780.051 for reason 'the timestamp on the message is earlier than all the data in the transform cache'
[async_slam_toolbox_node-1] [INFO] [1777018780.788167113] [slam_toolbox]: Message Filter dropping message: frame 'lidar_frame' at time 1777018780.051 for reason 'the timestamp on the message is earlier than all the data in the transform cache'
[async_slam_toolbox_node-1] [INFO] [1777018780.788175816] [slam_toolbox]: Message Filter dropping message: frame 'lidar_frame' at time 1777018780.051 for reason 'the timestamp on the message is earlier than all the data in the transform cache'
[async_slam_toolbox_node-1] [INFO] [1777018780.861343983] [slam_toolbox]: Message Filter dropping message: frame 'lidar_frame' at time 1777018780.124 for reason 'the timestamp on the message is earlier than all the data in the transform cache'
[async_slam_toolbox_node-1] [INFO] [1777018780.861380584] [slam_toolbox]: Message Filter dropping message: frame 'lidar_frame' at time 1777018780.124 for reason 'the timestamp on the message is earlier than all the data in the transform cache'
[async_slam_toolbox_node-1] [INFO] [1777018780.861390139] [slam_toolbox]: Message Filter dropping message: frame 'lidar_frame' at time 1777018780.124 for reason 'the timestamp on the message is earlier than all the data in the transform cache'
[async_slam_toolbox_node-1] [INFO] [1777018780.861391661] [slam_toolbox]: Message Filter dropping message: frame 'lidar_frame' at time 1777018780.124 for reason 'the timestamp on the message is earlier than all the data in the transform cache'
[async_slam_toolbox_node-1] [INFO] [1777018780.861405341] [slam_toolbox]: Message Filter dropping message: frame 'lidar_frame' at time 1777018780.124 for reason 'the timestamp on the message is earlier than all the data in the transform cache'
[async_slam_toolbox_node-1] [INFO] [1777018780.933332035] [slam_toolbox]: Message Filter dropping message: frame 'lidar_frame' at time 1777018780.196 for reason 'the timestamp on the message is earlier than all the data in the transform cache'
[async_slam_toolbox_node-1] [INFO] [1777018780.933364988] [slam_toolbox]: Message Filter dropping message: frame 'lidar_frame' at time 1777018780.196 for reason 'the timestamp on the message is earlier than all the data in the transform cache'
[async_slam_toolbox_node-1] [INFO] [1777018780.933374070] [slam_toolbox]: Message Filter dropping message: frame 'lidar_frame' at time 1777018780.196 for reason 'the timestamp on the message is earlier than all the data in the transform cache'
[async_slam_toolbox_node-1] [INFO] [1777018780.933382540] [slam_toolbox]: Message Filter dropping message: frame 'lidar_frame' at time 1777018780.196 for reason 'the timestamp on the message is earlier than all the data in the transform cache'
[async_slam_toolbox_node-1] [INFO] [1777018780.933390171] [slam_toolbox]: Message Filter dropping message: frame 'lidar_frame' at time 1777018780.196 for reason 'the timestamp on the message is earlier than all the data in the transform cache'
[async_slam_toolbox_node-1] [INFO] [1777018781.005362258] [slam_toolbox]: Message Filter dropping message: frame 'lidar_frame' at time 1777018780.267 for reason 'the timestamp on the message is earlier than all the data in the transform cache'
[async_slam_toolbox_node-1] [INFO] [1777018781.005395481] [slam_toolbox]: Message Filter dropping message: frame 'lidar_frame' at time 1777018780.267 for reason 'the timestamp on the message is earlier than all the data in the transform cache'
[async_slam_toolbox_node-1] [INFO] [1777018781.005402270] [slam_toolbox]: Message Filter dropping message: frame 'lidar_frame' at time 1777018780.267 for reason 'the timestamp on the message is earlier than all the data in the transform cache'
[async_slam_toolbox_node-1] [INFO] [1777018781.005402793] [slam_toolbox]: Message Filter dropping message: frame 'lidar_frame' at time 1777018780.267 for reason 'the timestamp on the message is earlier than all the data in the transform cache'
[async_slam_toolbox_node-1] [INFO] [1777018781.005410958] [slam_toolbox]: Message Filter dropping message: frame 'lidar_frame' at time 1777018780.267 for reason 'the timestamp on the message is earlier than all the data in the transform cache'
[async_slam_toolbox_node-1] [INFO] [1777018781.076449979] [slam_toolbox]: Message Filter dropping message: frame 'lidar_frame' at time 1777018780.338 for reason 'the timestamp on the message is earlier than all the data in the transform cache'
[async_slam_toolbox_node-1] [INFO] [1777018781.076486802] [slam_toolbox]: Message Filter dropping message: frame 'lidar_frame' at time 1777018780.338 for reason 'the timestamp on the message is earlier than all the data in the transform cache'
[async_slam_toolbox_node-1] [INFO] [1777018781.076508686] [slam_toolbox]: Message Filter dropping message: frame 'lidar_frame' at time 1777018780.338 for reason 'the timestamp on the message is earlier than all the data in the transform cache'
[async_slam_toolbox_node-1] [INFO] [1777018781.076517634] [slam_toolbox]: Message Filter dropping message: frame 'lidar_frame' at time 1777018780.338 for reason 'the timestamp on the message is earlier than all the data in the transform cache'
[async_slam_toolbox_node-1] [INFO] [1777018781.076525199] [slam_toolbox]: Message Filter dropping message: frame 'lidar_frame' at time 1777018780.338 for reason 'the timestamp on the message is earlier than all the data in the transform cache'
[async_slam_toolbox_node-1] [INFO] [1777018781.223666949] [slam_toolbox]: Message Filter dropping message: frame 'lidar_frame' at time 1777018780.484 for reason 'the timestamp on the message is earlier than all the data in the transform cache'
[async_slam_toolbox_node-1] [INFO] [1777018781.223698826] [slam_toolbox]: Message Filter dropping message: frame 'lidar_frame' at time 1777018780.484 for reason 'the timestamp on the message is earlier than all the data in the transform cache'
[async_slam_toolbox_node-1] [INFO] [1777018781.223705732] [slam_toolbox]: Message Filter dropping message: frame 'lidar_frame' at time 1777018780.484 for reason 'the timestamp on the message is earlier than all the data in the transform cache'
[async_slam_toolbox_node-1] [INFO] [1777018781.223711563] [slam_toolbox]: Message Filter dropping message: frame 'lidar_frame' at time 1777018780.484 for reason 'the timestamp on the message is earlier than all the data in the transform cache'
[async_slam_toolbox_node-1] [INFO] [1777018781.223717133] [slam_toolbox]: Message Filter dropping message: frame 'lidar_frame' at time 1777018780.484 for reason 'the timestamp on the message is earlier than all the data in the transform cache'
[async_slam_toolbox_node-1] [INFO] [1777018781.297764178] [slam_toolbox]: Message Filter dropping message: frame 'lidar_frame' at time 1777018780.554 for reason 'the timestamp on the message is earlier than all the data in the transform cache'
[async_slam_toolbox_node-1] [INFO] [1777018781.297796446] [slam_toolbox]: Message Filter dropping message: frame 'lidar_frame' at time 1777018780.554 for reason 'the timestamp on the message is earlier than all the data in the transform cache'
[async_slam_toolbox_node-1] [INFO] [1777018781.297804134] [slam_toolbox]: Message Filter dropping message: frame 'lidar_frame' at time 1777018780.554 for reason 'the timestamp on the message is earlier than all the data in the transform cache'
[async_slam_toolbox_node-1] [INFO] [1777018781.297826024] [slam_toolbox]: Message Filter dropping message: frame 'lidar_frame' at time 1777018780.554 for reason 'the timestamp on the message is earlier than all the data in the transform cache'
[async_slam_toolbox_node-1] [INFO] [1777018781.297833780] [slam_toolbox]: Message Filter dropping message: frame 'lidar_frame' at time 1777018780.554 for reason 'the timestamp on the message is earlier than all the data in the transform cache'
[async_slam_toolbox_node-1] [INFO] [1777018781.445342507] [slam_toolbox]: Message Filter dropping message: frame 'lidar_frame' at time 1777018780.698 for reason 'the timestamp on the message is earlier than all the data in the transform cache'
[async_slam_toolbox_node-1] [INFO] [1777018781.445377844] [slam_toolbox]: Message Filter dropping message: frame 'lidar_frame' at time 1777018780.698 for reason 'the timestamp on the message is earlier than all the data in the transform cache'
[async_slam_toolbox_node-1] [INFO] [1777018781.445404779] [slam_toolbox]: Message Filter dropping message: frame 'lidar_frame' at time 1777018780.698 for reason 'the timestamp on the message is earlier than all the data in the transform cache'
[async_slam_toolbox_node-1] [INFO] [1777018781.445412577] [slam_toolbox]: Message Filter dropping message: frame 'lidar_frame' at time 1777018780.698 for reason 'the timestamp on the message is earlier than all the data in the transform cache'
[async_slam_toolbox_node-1] [INFO] [1777018781.445408818] [slam_toolbox]: Message Filter dropping message: frame 'lidar_frame' at time 1777018780.698 for reason 'the timestamp on the message is earlier than all the data in the transform cache'
[async_slam_toolbox_node-1] [INFO] [1777018781.590107512] [slam_toolbox]: Message Filter dropping message: frame 'lidar_frame' at time 1777018780.845 for reason 'the timestamp on the message is earlier than all the data in the transform cache'
[async_slam_toolbox_node-1] [INFO] [1777018781.590170784] [slam_toolbox]: Message Filter dropping message: frame 'lidar_frame' at time 1777018780.845 for reason 'the timestamp on the message is earlier than all the data in the transform cache'
[async_slam_toolbox_node-1] [INFO] [1777018781.590181408] [slam_toolbox]: Message Filter dropping message: frame 'lidar_frame' at time 1777018780.845 for reason 'the timestamp on the message is earlier than all the data in the transform cache'
[async_slam_toolbox_node-1] [INFO] [1777018781.590190439] [slam_toolbox]: Message Filter dropping message: frame 'lidar_frame' at time 1777018780.845 for reason 'the timestamp on the message is earlier than all the data in the transform cache'
[async_slam_toolbox_node-1] [INFO] [1777018781.590197952] [slam_toolbox]: Message Filter dropping message: frame 'lidar_frame' at time 1777018780.845 for reason 'the timestamp on the message is earlier than all the data in the transform cache'
[async_slam_toolbox_node-1] [INFO] [1777018781.661886925] [slam_toolbox]: Message Filter dropping message: frame 'lidar_frame' at time 1777018780.917 for reason 'the timestamp on the message is earlier than all the data in the transform cache'
[async_slam_toolbox_node-1] [INFO] [1777018781.661921203] [slam_toolbox]: Message Filter dropping message: frame 'lidar_frame' at time 1777018780.917 for reason 'the timestamp on the message is earlier than all the data in the transform cache'
[async_slam_toolbox_node-1] [INFO] [1777018781.661928769] [slam_toolbox]: Message Filter dropping message: frame 'lidar_frame' at time 1777018780.917 for reason 'the timestamp on the message is earlier than all the data in the transform cache'
[async_slam_toolbox_node-1] [INFO] [1777018781.661939345] [slam_toolbox]: Message Filter dropping message: frame 'lidar_frame' at time 1777018780.917 for reason 'the timestamp on the message is earlier than all the data in the transform cache'
[async_slam_toolbox_node-1] [INFO] [1777018781.661940967] [slam_toolbox]: Message Filter dropping message: frame 'lidar_frame' at time 1777018780.917 for reason 'the timestamp on the message is earlier than all the data in the transform cache'
[async_slam_toolbox_node-1] [INFO] [1777018781.735318669] [slam_toolbox]: Message Filter dropping message: frame 'lidar_frame' at time 1777018780.989 for reason 'the timestamp on the message is earlier than all the data in the transform cache'
[async_slam_toolbox_node-1] [INFO] [1777018781.735356227] [slam_toolbox]: Message Filter dropping message: frame 'lidar_frame' at time 1777018780.989 for reason 'the timestamp on the message is earlier than all the data in the transform cache'
[async_slam_toolbox_node-1] [INFO] [1777018781.735365373] [slam_toolbox]: Message Filter dropping message: frame 'lidar_frame' at time 1777018780.989 for reason 'the timestamp on the message is earlier than all the data in the transform cache'
[async_slam_toolbox_node-1] [INFO] [1777018781.735373247] [slam_toolbox]: Message Filter dropping message: frame 'lidar_frame' at time 1777018780.989 for reason 'the timestamp on the message is earlier than all the data in the transform cache'
[async_slam_toolbox_node-1] [INFO] [1777018781.735381367] [slam_toolbox]: Message Filter dropping message: frame 'lidar_frame' at time 1777018780.989 for reason 'the timestamp on the message is earlier than all the data in the transform cache'
[async_slam_toolbox_node-1] [INFO] [1777018781.808281384] [slam_toolbox]: Message Filter dropping message: frame 'lidar_frame' at time 1777018781.060 for reason 'the timestamp on the message is earlier than all the data in the transform cache'
[async_slam_toolbox_node-1] [INFO] [1777018781.808315028] [slam_toolbox]: Message Filter dropping message: frame 'lidar_frame' at time 1777018781.060 for reason 'the timestamp on the message is earlier than all the data in the transform cache'
[async_slam_toolbox_node-1] [INFO] [1777018781.808323817] [slam_toolbox]: Message Filter dropping message: frame 'lidar_frame' at time 1777018781.060 for reason 'the timestamp on the message is earlier than all the data in the transform cache'
[async_slam_toolbox_node-1] [INFO] [1777018781.808318617] [slam_toolbox]: Message Filter dropping message: frame 'lidar_frame' at time 1777018781.060 for reason 'the timestamp on the message is earlier than all the data in the transform cache'
[async_slam_toolbox_node-1] [INFO] [1777018781.808339826] [slam_toolbox]: Message Filter dropping message: frame 'lidar_frame' at time 1777018781.060 for reason 'the timestamp on the message is earlier than all the data in the transform cache'
[async_slam_toolbox_node-1] [INFO] [1777018781.950440329] [slam_toolbox]: Message Filter dropping message: frame 'lidar_frame' at time 1777018781.206 for reason 'the timestamp on the message is earlier than all the data in the transform cache'
[async_slam_toolbox_node-1] [INFO] [1777018781.950475170] [slam_toolbox]: Message Filter dropping message: frame 'lidar_frame' at time 1777018781.206 for reason 'the timestamp on the message is earlier than all the data in the transform cache'
[async_slam_toolbox_node-1] [INFO] [1777018781.950484112] [slam_toolbox]: Message Filter dropping message: frame 'lidar_frame' at time 1777018781.206 for reason 'the timestamp on the message is earlier than all the data in the transform cache'
[async_slam_toolbox_node-1] [INFO] [1777018781.950491926] [slam_toolbox]: Message Filter dropping message: frame 'lidar_frame' at time 1777018781.206 for reason 'the timestamp on the message is earlier than all the data in the transform cache'
[async_slam_toolbox_node-1] [INFO] [1777018781.950499327] [slam_toolbox]: Message Filter dropping message: frame 'lidar_frame' at time 1777018781.206 for reason 'the timestamp on the message is earlier than all the data in the transform cache'
[async_slam_toolbox_node-1] [INFO] [1777018782.097211364] [slam_toolbox]: Message Filter dropping message: frame 'lidar_frame' at time 1777018781.354 for reason 'the timestamp on the message is earlier than all the data in the transform cache'
[async_slam_toolbox_node-1] [INFO] [1777018782.097248935] [slam_toolbox]: Message Filter dropping message: frame 'lidar_frame' at time 1777018781.354 for reason 'the timestamp on the message is earlier than all the data in the transform cache'
[async_slam_toolbox_node-1] [INFO] [1777018782.097258952] [slam_toolbox]: Message Filter dropping message: frame 'lidar_frame' at time 1777018781.354 for reason 'the timestamp on the message is earlier than all the data in the transform cache'
[async_slam_toolbox_node-1] [INFO] [1777018782.097259668] [slam_toolbox]: Message Filter dropping message: frame 'lidar_frame' at time 1777018781.354 for reason 'the timestamp on the message is earlier than all the data in the transform cache'
[async_slam_toolbox_node-1] [INFO] [1777018782.097275156] [slam_toolbox]: Message Filter dropping message: frame 'lidar_frame' at time 1777018781.354 for reason 'the timestamp on the message is earlier than all the data in the transform cache'
